0	p2: 8	p12: 0	HI: 1	fitness: 1
1	p2: 7	p12: 0	HI: 0.875	fitness: 0.621996
2	p2: 7	p12: 1	HI: 0.9375	fitness: 1
3	p2: 6	p12: 0	HI: 0.75	fitness: 0.611959
4	p2: 6	p12: 1	HI: 0.8125	fitness: 0.624834
5	p2: 6	p12: 2	HI: 0.875	fitness: 1
6	p2: 5	p12: 0	HI: 0.625	fitness: 0.607753
7	p2: 5	p12: 1	HI: 0.6875	fitness: 0.615373
8	p2: 5	p12: 2	HI: 0.75	fitness: 0.628172
9	p2: 5	p12: 3	HI: 0.8125	fitness: 1
10	p2: 4	p12: 0	HI: 0.5	fitness: 0.606531
11	p2: 4	p12: 1	HI: 0.5625	fitness: 0.611959
12	p2: 4	p12: 2	HI: 0.625	fitness: 0.619525
13	p2: 4	p12: 3	HI: 0.6875	fitness: 0.63223
14	p2: 4	p12: 4	HI: 0.75	fitness: 1
15	p2: 3	p12: 0	HI: 0.375	fitness: 0.607753
16	p2: 3	p12: 1	HI: 0.4375	fitness: 0.611959
17	p2: 3	p12: 2	HI: 0.5	fitness: 0.617338
18	p2: 3	p12: 3	HI: 0.5625	fitness: 0.624834
19	p2: 3	p12: 4	HI: 0.625	fitness: 0.637417
20	p2: 3	p12: 5	HI: 0.6875	fitness: 1
21	p2: 2	p12: 0	HI: 0.25	fitness: 0.611959
22	p2: 2	p12: 1	HI: 0.3125	fitness: 0.615373
23	p2: 2	p12: 2	HI: 0.375	fitness: 0.619525
24	p2: 2	p12: 3	HI: 0.4375	fitness: 0.624834
25	p2: 2	p12: 4	HI: 0.5	fitness: 0.63223
26	p2: 2	p12: 5	HI: 0.5625	fitness: 0.64464
27	p2: 2	p12: 6	HI: 0.625	fitness: 1
28	p2: 1	p12: 0	HI: 0.125	fitness: 0.621996
29	p2: 1	p12: 1	HI: 0.1875	fitness: 0.624834
30	p2: 1	p12: 2	HI: 0.25	fitness: 0.628172
31	p2: 1	p12: 3	HI: 0.3125	fitness: 0.63223
32	p2: 1	p12: 4	HI: 0.375	fitness: 0.637417
33	p2: 1	p12: 5	HI: 0.4375	fitness: 0.64464
34	p2: 1	p12: 6	HI: 0.5	fitness: 0.656752
35	p2: 1	p12: 7	HI: 0.5625	fitness: 1
36	p2: 0	p12: 0	HI: 0	fitness: 1
37	p2: 0	p12: 1	HI: 0.0625	fitness: 1
38	p2: 0	p12: 2	HI: 0.125	fitness: 1
39	p2: 0	p12: 3	HI: 0.1875	fitness: 1
40	p2: 0	p12: 4	HI: 0.25	fitness: 1
41	p2: 0	p12: 5	HI: 0.3125	fitness: 1
42	p2: 0	p12: 6	HI: 0.375	fitness: 1
43	p2: 0	p12: 7	HI: 0.4375	fitness: 1
44	p2: 0	p12: 8	HI: 0.5	fitness: 1
round: 0	nbSign: 0	last?: 0	accGen: 0
round: 1	nbSign: 5	last?: 0	accGen: 1000
round: 2	nbSign: 11	last?: 1	accGen: 2000
1000 generations ont pris148secondes
0	p2: 8	p12: 0	HI: 1	fitness: 1
1	p2: 7	p12: 0	HI: 0.875	fitness: 0.621996
2	p2: 7	p12: 1	HI: 0.9375	fitness: 1
3	p2: 6	p12: 0	HI: 0.75	fitness: 0.611959
4	p2: 6	p12: 1	HI: 0.8125	fitness: 0.624834
5	p2: 6	p12: 2	HI: 0.875	fitness: 1
6	p2: 5	p12: 0	HI: 0.625	fitness: 0.607753
7	p2: 5	p12: 1	HI: 0.6875	fitness: 0.615373
8	p2: 5	p12: 2	HI: 0.75	fitness: 0.628172
9	p2: 5	p12: 3	HI: 0.8125	fitness: 1
10	p2: 4	p12: 0	HI: 0.5	fitness: 0.606531
11	p2: 4	p12: 1	HI: 0.5625	fitness: 0.611959
12	p2: 4	p12: 2	HI: 0.625	fitness: 0.619525
13	p2: 4	p12: 3	HI: 0.6875	fitness: 0.63223
14	p2: 4	p12: 4	HI: 0.75	fitness: 1
15	p2: 3	p12: 0	HI: 0.375	fitness: 0.607753
16	p2: 3	p12: 1	HI: 0.4375	fitness: 0.611959
17	p2: 3	p12: 2	HI: 0.5	fitness: 0.617338
18	p2: 3	p12: 3	HI: 0.5625	fitness: 0.624834
19	p2: 3	p12: 4	HI: 0.625	fitness: 0.637417
20	p2: 3	p12: 5	HI: 0.6875	fitness: 1
21	p2: 2	p12: 0	HI: 0.25	fitness: 0.611959
22	p2: 2	p12: 1	HI: 0.3125	fitness: 0.615373
23	p2: 2	p12: 2	HI: 0.375	fitness: 0.619525
24	p2: 2	p12: 3	HI: 0.4375	fitness: 0.624834
25	p2: 2	p12: 4	HI: 0.5	fitness: 0.63223
26	p2: 2	p12: 5	HI: 0.5625	fitness: 0.64464
27	p2: 2	p12: 6	HI: 0.625	fitness: 1
28	p2: 1	p12: 0	HI: 0.125	fitness: 0.621996
29	p2: 1	p12: 1	HI: 0.1875	fitness: 0.624834
30	p2: 1	p12: 2	HI: 0.25	fitness: 0.628172
31	p2: 1	p12: 3	HI: 0.3125	fitness: 0.63223
32	p2: 1	p12: 4	HI: 0.375	fitness: 0.637417
33	p2: 1	p12: 5	HI: 0.4375	fitness: 0.64464
34	p2: 1	p12: 6	HI: 0.5	fitness: 0.656752
35	p2: 1	p12: 7	HI: 0.5625	fitness: 1
36	p2: 0	p12: 0	HI: 0	fitness: 1
37	p2: 0	p12: 1	HI: 0.0625	fitness: 1
38	p2: 0	p12: 2	HI: 0.125	fitness: 1
39	p2: 0	p12: 3	HI: 0.1875	fitness: 1
40	p2: 0	p12: 4	HI: 0.25	fitness: 1
41	p2: 0	p12: 5	HI: 0.3125	fitness: 1
42	p2: 0	p12: 6	HI: 0.375	fitness: 1
43	p2: 0	p12: 7	HI: 0.4375	fitness: 1
44	p2: 0	p12: 8	HI: 0.5	fitness: 1
round: 0	nbSign: 0	last?: 0	accGen: 0
round: 1	nbSign: 5	last?: 0	accGen: 1000
round: 2	nbSign: 9	last?: 0	accGen: 2000
round: 3	nbSign: 15	last?: 1	accGen: 3000
1000 generations ont pris430secondes
