0	p2: 8	p12: 0	HI: 1	fitness: 1
1	p2: 7	p12: 0	HI: 0.875	fitness: 0.645649
2	p2: 7	p12: 1	HI: 0.9375	fitness: 1
3	p2: 6	p12: 0	HI: 0.75	fitness: 0.472367
4	p2: 6	p12: 1	HI: 0.8125	fitness: 0.687289
5	p2: 6	p12: 2	HI: 0.875	fitness: 1
6	p2: 5	p12: 0	HI: 0.625	fitness: 0.391606
7	p2: 5	p12: 1	HI: 0.6875	fitness: 0.535261
8	p2: 5	p12: 2	HI: 0.75	fitness: 0.731616
9	p2: 5	p12: 3	HI: 0.8125	fitness: 1
10	p2: 4	p12: 0	HI: 0.5	fitness: 0.367879
11	p2: 4	p12: 1	HI: 0.5625	fitness: 0.472367
12	p2: 4	p12: 2	HI: 0.625	fitness: 0.606531
13	p2: 4	p12: 3	HI: 0.6875	fitness: 0.778801
14	p2: 4	p12: 4	HI: 0.75	fitness: 1
15	p2: 3	p12: 0	HI: 0.375	fitness: 0.391606
16	p2: 3	p12: 1	HI: 0.4375	fitness: 0.472367
17	p2: 3	p12: 2	HI: 0.5	fitness: 0.569783
18	p2: 3	p12: 3	HI: 0.5625	fitness: 0.687289
19	p2: 3	p12: 4	HI: 0.625	fitness: 0.829029
20	p2: 3	p12: 5	HI: 0.6875	fitness: 1
21	p2: 2	p12: 0	HI: 0.25	fitness: 0.472367
22	p2: 2	p12: 1	HI: 0.3125	fitness: 0.535261
23	p2: 2	p12: 2	HI: 0.375	fitness: 0.606531
24	p2: 2	p12: 3	HI: 0.4375	fitness: 0.687289
25	p2: 2	p12: 4	HI: 0.5	fitness: 0.778801
26	p2: 2	p12: 5	HI: 0.5625	fitness: 0.882497
27	p2: 2	p12: 6	HI: 0.625	fitness: 1
28	p2: 1	p12: 0	HI: 0.125	fitness: 0.645649
29	p2: 1	p12: 1	HI: 0.1875	fitness: 0.687289
30	p2: 1	p12: 2	HI: 0.25	fitness: 0.731616
31	p2: 1	p12: 3	HI: 0.3125	fitness: 0.778801
32	p2: 1	p12: 4	HI: 0.375	fitness: 0.829029
33	p2: 1	p12: 5	HI: 0.4375	fitness: 0.882497
34	p2: 1	p12: 6	HI: 0.5	fitness: 0.939413
35	p2: 1	p12: 7	HI: 0.5625	fitness: 1
36	p2: 0	p12: 0	HI: 0	fitness: 1
37	p2: 0	p12: 1	HI: 0.0625	fitness: 1
38	p2: 0	p12: 2	HI: 0.125	fitness: 1
39	p2: 0	p12: 3	HI: 0.1875	fitness: 1
40	p2: 0	p12: 4	HI: 0.25	fitness: 1
41	p2: 0	p12: 5	HI: 0.3125	fitness: 1
42	p2: 0	p12: 6	HI: 0.375	fitness: 1
43	p2: 0	p12: 7	HI: 0.4375	fitness: 1
44	p2: 0	p12: 8	HI: 0.5	fitness: 1
round: 0	nbSign: 0	last?: 0	accGen: 0
round: 1	nbSign: 4	last?: 0	accGen: 1000
round: 2	nbSign: 10	last?: 0	accGen: 2000
round: 3	nbSign: 16	last?: 1	accGen: 3000
1000 generations ont pris201secondes
0	p2: 8	p12: 0	HI: 1	fitness: 1
1	p2: 7	p12: 0	HI: 0.875	fitness: 0.645649
2	p2: 7	p12: 1	HI: 0.9375	fitness: 1
3	p2: 6	p12: 0	HI: 0.75	fitness: 0.472367
4	p2: 6	p12: 1	HI: 0.8125	fitness: 0.687289
5	p2: 6	p12: 2	HI: 0.875	fitness: 1
6	p2: 5	p12: 0	HI: 0.625	fitness: 0.391606
7	p2: 5	p12: 1	HI: 0.6875	fitness: 0.535261
8	p2: 5	p12: 2	HI: 0.75	fitness: 0.731616
9	p2: 5	p12: 3	HI: 0.8125	fitness: 1
10	p2: 4	p12: 0	HI: 0.5	fitness: 0.367879
11	p2: 4	p12: 1	HI: 0.5625	fitness: 0.472367
12	p2: 4	p12: 2	HI: 0.625	fitness: 0.606531
13	p2: 4	p12: 3	HI: 0.6875	fitness: 0.778801
14	p2: 4	p12: 4	HI: 0.75	fitness: 1
15	p2: 3	p12: 0	HI: 0.375	fitness: 0.391606
16	p2: 3	p12: 1	HI: 0.4375	fitness: 0.472367
17	p2: 3	p12: 2	HI: 0.5	fitness: 0.569783
18	p2: 3	p12: 3	HI: 0.5625	fitness: 0.687289
19	p2: 3	p12: 4	HI: 0.625	fitness: 0.829029
20	p2: 3	p12: 5	HI: 0.6875	fitness: 1
21	p2: 2	p12: 0	HI: 0.25	fitness: 0.472367
22	p2: 2	p12: 1	HI: 0.3125	fitness: 0.535261
23	p2: 2	p12: 2	HI: 0.375	fitness: 0.606531
24	p2: 2	p12: 3	HI: 0.4375	fitness: 0.687289
25	p2: 2	p12: 4	HI: 0.5	fitness: 0.778801
26	p2: 2	p12: 5	HI: 0.5625	fitness: 0.882497
27	p2: 2	p12: 6	HI: 0.625	fitness: 1
28	p2: 1	p12: 0	HI: 0.125	fitness: 0.645649
29	p2: 1	p12: 1	HI: 0.1875	fitness: 0.687289
30	p2: 1	p12: 2	HI: 0.25	fitness: 0.731616
31	p2: 1	p12: 3	HI: 0.3125	fitness: 0.778801
32	p2: 1	p12: 4	HI: 0.375	fitness: 0.829029
33	p2: 1	p12: 5	HI: 0.4375	fitness: 0.882497
34	p2: 1	p12: 6	HI: 0.5	fitness: 0.939413
35	p2: 1	p12: 7	HI: 0.5625	fitness: 1
36	p2: 0	p12: 0	HI: 0	fitness: 1
37	p2: 0	p12: 1	HI: 0.0625	fitness: 1
38	p2: 0	p12: 2	HI: 0.125	fitness: 1
39	p2: 0	p12: 3	HI: 0.1875	fitness: 1
40	p2: 0	p12: 4	HI: 0.25	fitness: 1
41	p2: 0	p12: 5	HI: 0.3125	fitness: 1
42	p2: 0	p12: 6	HI: 0.375	fitness: 1
43	p2: 0	p12: 7	HI: 0.4375	fitness: 1
44	p2: 0	p12: 8	HI: 0.5	fitness: 1
round: 0	nbSign: 0	last?: 0	accGen: 0
round: 1	nbSign: 6	last?: 0	accGen: 1000
round: 2	nbSign: 12	last?: 0	accGen: 2000
round: 3	nbSign: 18	last?: 0	accGen: 3000
round: 4	nbSign: 23	last?: 0	accGen: 4000
round: 5	nbSign: 30	last?: 0	accGen: 5000
round: 6	nbSign: 34	last?: 0	accGen: 6000
round: 7	nbSign: 40	last?: 0	accGen: 7000
round: 8	nbSign: 44	last?: 0	accGen: 8000
round: 9	nbSign: 47	last?: 0	accGen: 9000
round: 10	nbSign: 52	last?: 0	accGen: 10000
round: 11	nbSign: 57	last?: 0	accGen: 11000
round: 12	nbSign: 64	last?: 0	accGen: 12000
round: 13	nbSign: 70	last?: 0	accGen: 13000
round: 14	nbSign: 75	last?: 0	accGen: 14000
round: 15	nbSign: 80	last?: 0	accGen: 15000
round: 16	nbSign: 85	last?: 0	accGen: 16000
round: 17	nbSign: 90	last?: 0	accGen: 17000
round: 18	nbSign: 98	last?: 0	accGen: 18000
round: 19	nbSign: 100	last?: 0	accGen: 19000
round: 20	nbSign: 106	last?: 1	accGen: 20000
1000 generations ont pris1471secondes
