0	p2: 8	p12: 0	HI: 1	fitness: 1
1	p2: 7	p12: 0	HI: 0.875	fitness: 0.803523
2	p2: 7	p12: 1	HI: 0.9375	fitness: 1
3	p2: 6	p12: 0	HI: 0.75	fitness: 0.687289
4	p2: 6	p12: 1	HI: 0.8125	fitness: 0.829029
5	p2: 6	p12: 2	HI: 0.875	fitness: 1
6	p2: 5	p12: 0	HI: 0.625	fitness: 0.625784
7	p2: 5	p12: 1	HI: 0.6875	fitness: 0.731616
8	p2: 5	p12: 2	HI: 0.75	fitness: 0.855345
9	p2: 5	p12: 3	HI: 0.8125	fitness: 1
10	p2: 4	p12: 0	HI: 0.5	fitness: 0.606531
11	p2: 4	p12: 1	HI: 0.5625	fitness: 0.687289
12	p2: 4	p12: 2	HI: 0.625	fitness: 0.778801
13	p2: 4	p12: 3	HI: 0.6875	fitness: 0.882497
14	p2: 4	p12: 4	HI: 0.75	fitness: 1
15	p2: 3	p12: 0	HI: 0.375	fitness: 0.625784
16	p2: 3	p12: 1	HI: 0.4375	fitness: 0.687289
17	p2: 3	p12: 2	HI: 0.5	fitness: 0.75484
18	p2: 3	p12: 3	HI: 0.5625	fitness: 0.829029
19	p2: 3	p12: 4	HI: 0.625	fitness: 0.91051
20	p2: 3	p12: 5	HI: 0.6875	fitness: 1
21	p2: 2	p12: 0	HI: 0.25	fitness: 0.687289
22	p2: 2	p12: 1	HI: 0.3125	fitness: 0.731616
23	p2: 2	p12: 2	HI: 0.375	fitness: 0.778801
24	p2: 2	p12: 3	HI: 0.4375	fitness: 0.829029
25	p2: 2	p12: 4	HI: 0.5	fitness: 0.882497
26	p2: 2	p12: 5	HI: 0.5625	fitness: 0.939413
27	p2: 2	p12: 6	HI: 0.625	fitness: 1
28	p2: 1	p12: 0	HI: 0.125	fitness: 0.803523
29	p2: 1	p12: 1	HI: 0.1875	fitness: 0.829029
30	p2: 1	p12: 2	HI: 0.25	fitness: 0.855345
31	p2: 1	p12: 3	HI: 0.3125	fitness: 0.882497
32	p2: 1	p12: 4	HI: 0.375	fitness: 0.91051
33	p2: 1	p12: 5	HI: 0.4375	fitness: 0.939413
34	p2: 1	p12: 6	HI: 0.5	fitness: 0.969233
35	p2: 1	p12: 7	HI: 0.5625	fitness: 1
36	p2: 0	p12: 0	HI: 0	fitness: 1
37	p2: 0	p12: 1	HI: 0.0625	fitness: 1
38	p2: 0	p12: 2	HI: 0.125	fitness: 1
39	p2: 0	p12: 3	HI: 0.1875	fitness: 1
40	p2: 0	p12: 4	HI: 0.25	fitness: 1
41	p2: 0	p12: 5	HI: 0.3125	fitness: 1
42	p2: 0	p12: 6	HI: 0.375	fitness: 1
43	p2: 0	p12: 7	HI: 0.4375	fitness: 1
44	p2: 0	p12: 8	HI: 0.5	fitness: 1
round: 0	nbSign: 0	last?: 0	accGen: 0
round: 1	nbSign: 4	last?: 0	accGen: 1000
round: 2	nbSign: 9	last?: 0	accGen: 2000
round: 3	nbSign: 13	last?: 1	accGen: 3000
1000 generations ont pris402secondes
0	p2: 8	p12: 0	HI: 1	fitness: 1
1	p2: 7	p12: 0	HI: 0.875	fitness: 0.803523
2	p2: 7	p12: 1	HI: 0.9375	fitness: 1
3	p2: 6	p12: 0	HI: 0.75	fitness: 0.687289
4	p2: 6	p12: 1	HI: 0.8125	fitness: 0.829029
5	p2: 6	p12: 2	HI: 0.875	fitness: 1
6	p2: 5	p12: 0	HI: 0.625	fitness: 0.625784
7	p2: 5	p12: 1	HI: 0.6875	fitness: 0.731616
8	p2: 5	p12: 2	HI: 0.75	fitness: 0.855345
9	p2: 5	p12: 3	HI: 0.8125	fitness: 1
10	p2: 4	p12: 0	HI: 0.5	fitness: 0.606531
11	p2: 4	p12: 1	HI: 0.5625	fitness: 0.687289
12	p2: 4	p12: 2	HI: 0.625	fitness: 0.778801
13	p2: 4	p12: 3	HI: 0.6875	fitness: 0.882497
14	p2: 4	p12: 4	HI: 0.75	fitness: 1
15	p2: 3	p12: 0	HI: 0.375	fitness: 0.625784
16	p2: 3	p12: 1	HI: 0.4375	fitness: 0.687289
17	p2: 3	p12: 2	HI: 0.5	fitness: 0.75484
18	p2: 3	p12: 3	HI: 0.5625	fitness: 0.829029
19	p2: 3	p12: 4	HI: 0.625	fitness: 0.91051
20	p2: 3	p12: 5	HI: 0.6875	fitness: 1
21	p2: 2	p12: 0	HI: 0.25	fitness: 0.687289
22	p2: 2	p12: 1	HI: 0.3125	fitness: 0.731616
23	p2: 2	p12: 2	HI: 0.375	fitness: 0.778801
24	p2: 2	p12: 3	HI: 0.4375	fitness: 0.829029
25	p2: 2	p12: 4	HI: 0.5	fitness: 0.882497
26	p2: 2	p12: 5	HI: 0.5625	fitness: 0.939413
27	p2: 2	p12: 6	HI: 0.625	fitness: 1
28	p2: 1	p12: 0	HI: 0.125	fitness: 0.803523
29	p2: 1	p12: 1	HI: 0.1875	fitness: 0.829029
30	p2: 1	p12: 2	HI: 0.25	fitness: 0.855345
31	p2: 1	p12: 3	HI: 0.3125	fitness: 0.882497
32	p2: 1	p12: 4	HI: 0.375	fitness: 0.91051
33	p2: 1	p12: 5	HI: 0.4375	fitness: 0.939413
34	p2: 1	p12: 6	HI: 0.5	fitness: 0.969233
35	p2: 1	p12: 7	HI: 0.5625	fitness: 1
36	p2: 0	p12: 0	HI: 0	fitness: 1
37	p2: 0	p12: 1	HI: 0.0625	fitness: 1
38	p2: 0	p12: 2	HI: 0.125	fitness: 1
39	p2: 0	p12: 3	HI: 0.1875	fitness: 1
40	p2: 0	p12: 4	HI: 0.25	fitness: 1
41	p2: 0	p12: 5	HI: 0.3125	fitness: 1
42	p2: 0	p12: 6	HI: 0.375	fitness: 1
43	p2: 0	p12: 7	HI: 0.4375	fitness: 1
44	p2: 0	p12: 8	HI: 0.5	fitness: 1
round: 0	nbSign: 0	last?: 0	accGen: 0
round: 1	nbSign: 5	last?: 0	accGen: 1000
round: 2	nbSign: 9	last?: 0	accGen: 2000
round: 3	nbSign: 14	last?: 1	accGen: 3000
1000 generations ont pris198secondes
