0	p2: 8	p12: 0	HI: 1	fitness: 1
1	p2: 7	p12: 0	HI: 0.875	fitness: 0.386878
2	p2: 7	p12: 1	HI: 0.9375	fitness: 0.418605
3	p2: 6	p12: 0	HI: 0.75	fitness: 0.374494
4	p2: 6	p12: 1	HI: 0.8125	fitness: 0.384541
5	p2: 6	p12: 2	HI: 0.875	fitness: 0.4063
6	p2: 5	p12: 0	HI: 0.625	fitness: 0.369363
7	p2: 5	p12: 1	HI: 0.6875	fitness: 0.374978
8	p2: 5	p12: 2	HI: 0.75	fitness: 0.383812
9	p2: 5	p12: 3	HI: 0.8125	fitness: 0.401193
10	p2: 4	p12: 0	HI: 0.5	fitness: 0.367879
11	p2: 4	p12: 1	HI: 0.5625	fitness: 0.371364
12	p2: 4	p12: 2	HI: 0.625	fitness: 0.376494
13	p2: 4	p12: 3	HI: 0.6875	fitness: 0.384541
14	p2: 4	p12: 4	HI: 0.75	fitness: 0.399715
15	p2: 3	p12: 0	HI: 0.375	fitness: 0.369363
16	p2: 3	p12: 1	HI: 0.4375	fitness: 0.371364
17	p2: 3	p12: 2	HI: 0.5	fitness: 0.374494
18	p2: 3	p12: 3	HI: 0.5625	fitness: 0.379266
19	p2: 3	p12: 4	HI: 0.625	fitness: 0.386878
20	p2: 3	p12: 5	HI: 0.6875	fitness: 0.401193
21	p2: 2	p12: 0	HI: 0.25	fitness: 0.374494
22	p2: 2	p12: 1	HI: 0.3125	fitness: 0.374978
23	p2: 2	p12: 2	HI: 0.375	fitness: 0.376494
24	p2: 2	p12: 3	HI: 0.4375	fitness: 0.379266
25	p2: 2	p12: 4	HI: 0.5	fitness: 0.383812
26	p2: 2	p12: 5	HI: 0.5625	fitness: 0.391394
27	p2: 2	p12: 6	HI: 0.625	fitness: 0.4063
28	p2: 1	p12: 0	HI: 0.125	fitness: 0.386878
29	p2: 1	p12: 1	HI: 0.1875	fitness: 0.384541
30	p2: 1	p12: 2	HI: 0.25	fitness: 0.383812
31	p2: 1	p12: 3	HI: 0.3125	fitness: 0.384541
32	p2: 1	p12: 4	HI: 0.375	fitness: 0.386878
33	p2: 1	p12: 5	HI: 0.4375	fitness: 0.391394
34	p2: 1	p12: 6	HI: 0.5	fitness: 0.399715
35	p2: 1	p12: 7	HI: 0.5625	fitness: 0.418605
36	p2: 0	p12: 0	HI: 0	fitness: 1
37	p2: 0	p12: 1	HI: 0.0625	fitness: 0.418605
38	p2: 0	p12: 2	HI: 0.125	fitness: 0.4063
39	p2: 0	p12: 3	HI: 0.1875	fitness: 0.401193
40	p2: 0	p12: 4	HI: 0.25	fitness: 0.399715
41	p2: 0	p12: 5	HI: 0.3125	fitness: 0.401193
42	p2: 0	p12: 6	HI: 0.375	fitness: 0.4063
43	p2: 0	p12: 7	HI: 0.4375	fitness: 0.418605
44	p2: 0	p12: 8	HI: 0.5	fitness: 1
round: 0	nbSign: 0	last?: 0	accGen: 0
round: 1	nbSign: 4	last?: 0	accGen: 1000
round: 2	nbSign: 9	last?: 0	accGen: 2000
round: 3	nbSign: 15	last?: 0	accGen: 3000
round: 4	nbSign: 19	last?: 0	accGen: 4000
round: 5	nbSign: 25	last?: 0	accGen: 5000
round: 6	nbSign: 29	last?: 0	accGen: 6000
round: 7	nbSign: 34	last?: 0	accGen: 7000
round: 8	nbSign: 41	last?: 0	accGen: 8000
round: 9	nbSign: 45	last?: 0	accGen: 9000
round: 10	nbSign: 50	last?: 0	accGen: 10000
round: 11	nbSign: 56	last?: 0	accGen: 11000
round: 12	nbSign: 60	last?: 0	accGen: 12000
round: 13	nbSign: 66	last?: 0	accGen: 13000
round: 14	nbSign: 70	last?: 0	accGen: 14000
round: 15	nbSign: 75	last?: 0	accGen: 15000
round: 16	nbSign: 82	last?: 0	accGen: 16000
round: 17	nbSign: 84	last?: 0	accGen: 17000
round: 18	nbSign: 90	last?: 0	accGen: 18000
round: 19	nbSign: 96	last?: 0	accGen: 19000
round: 20	nbSign: 101	last?: 1	accGen: 20000
1000 generations ont pris2146secondes
