0 4507
1 4507
2 4507
3 4507
4 4507
5 4507
6 4507
7 4507
8 4507
9 4507
10 4507
11 4507
12 4507
13 4507
14 4507
15 4507
16 4507
17 4507
18 4507
19 4507
20 4507
21 4507
22 4507
23 4507
24 4507
25 4507
26 4507
27 4507
28 4507
29 4507
30 4507
31 4507
32 4507
33 4507
34 4507
35 4507
36 4507
37 4507
38 4507
39 4507
40 4507
41 4507
42 4507
43 4507
44 4507
45 4507
46 4507
47 4507
48 4507
49 4507
50 4507
51 4507
52 4507
53 4507
54 4507
55 4507
56 4507
57 4507
58 4507
59 4507
60 4507
61 4507
62 4507
63 4507
64 4507
65 4507
66 4507
67 4507
68 4507
69 4507
70 4507
71 4507
72 4507
73 4507
74 4507
75 4507
76 4507
77 4507
78 4507
79 4507
80 4507
81 4507
82 4507
83 4507
84 4507
85 4507
86 4507
87 4507
88 4507
89 4507
90 4507
91 4507
92 4507
93 4507
94 4507
95 4507
96 4507
97 4507
98 4507
99 4507
100 4507
101 4507
102 4507
103 4507
104 4507
105 4507
106 4507
107 4507
108 4507
109 4507
110 4507
111 4507
112 4507
113 4507
114 4507
115 4507
116 4507
117 4507
118 4507
119 4507
120 4507
121 4507
122 4507
123 4507
124 4507
125 4507
126 4507
127 4507
128 4507
129 4507
130 4507
131 4507
132 4507
133 4507
134 4507
135 4507
136 4507
137 4507
138 4507
139 4507
140 4507
141 4507
142 4507
143 4507
144 4507
145 4507
146 4507
147 4507
148 4507
149 4507
150 4507
151 4507
152 4507
153 4507
154 4507
155 4507
156 4507
157 4507
158 4507
159 4507
160 4507
161 4507
162 4507
163 4507
164 4507
165 4507
166 4507
167 4507
168 4507
169 4507
170 4507
171 4507
172 4507
173 4507
174 4507
175 4507
176 4507
177 4507
178 4507
179 4507
180 4507
181 4507
182 4507
183 4507
184 4507
185 4507
186 4507
187 4507
188 4507
189 4507
190 4507
191 4507
192 4507
193 4507
194 4507
195 4507
196 4507
197 4507
198 4507
199 4507
200 4507
201 4507
202 4507
203 4507
204 4507
205 4507
206 4507
207 4507
208 4507
209 4507
210 4507
211 4507
212 4507
213 4507
214 4507
215 4507
216 4507
217 4507
218 4507
219 4507
220 4507
221 4507
222 4507
223 4507
224 4507
225 4507
226 4507
227 4507
228 4507
229 4507
230 4507
231 4507
232 4507
233 4507
234 4507
235 4507
236 4507
237 4507
238 4507
239 4507
240 4507
241 4507
242 4507
243 4507
244 4507
245 4507
246 4507
247 4507
248 4507
249 4507
250 4507
251 4507
252 4507
253 4507
254 4507
255 4507
256 4507
257 4507
258 4507
259 4507
260 4507
261 4507
262 4507
263 4507
264 4507
265 4507
266 4507
267 4507
268 4507
269 4507
270 4507
271 4507
272 4507
273 4507
274 4507
275 4507
276 4507
277 4507
278 4507
279 4507
280 4507
281 4507
282 4507
283 4507
284 4507
285 4507
286 4507
287 4507
288 4507
289 4507
290 4507
291 4507
292 4507
293 4507
294 4507
295 4507
296 4507
297 4507
298 4507
299 4507
300 4507
301 4507
302 4507
303 4507
304 4507
305 4507
306 4507
307 4507
308 4507
309 4507
310 4507
311 4507
312 4507
313 4507
314 4507
315 4507
316 4507
317 4507
318 4507
319 4507
320 4507
321 4507
322 4507
323 4507
324 4507
325 4507
326 4507
327 4507
328 4507
329 4507
330 4507
331 4507
332 4507
333 4507
334 4507
335 4507
336 4507
337 4507
338 4507
339 4507
340 4507
341 4507
342 4507
343 4507
344 4507
345 4507
346 4507
347 4507
348 4507
349 4507
350 4507
351 4507
352 4507
353 4507
354 4507
355 4507
356 4507
357 4507
358 4507
359 4507
360 4507
361 4507
362 4507
363 4507
364 4507
365 4507
366 4507
367 4507
368 4507
369 4507
370 4507
371 4507
372 4507
373 4507
374 4507
375 4507
376 4507
377 4507
378 4507
379 4507
380 4507
381 4507
382 4507
383 4507
384 4507
385 4507
386 4507
387 4507
388 4507
389 4507
390 4507
391 4507
392 4507
393 4507
394 4507
395 4507
396 4507
397 4507
398 4507
399 4507
400 4507
401 4507
402 4507
403 4507
404 4507
405 4507
406 4507
407 4507
408 4507
409 4507
410 4507
411 4507
412 4507
413 4507
414 4507
415 4507
416 4507
417 4507
418 4507
419 4507
420 4507
421 4507
422 4507
423 4507
424 4507
425 4507
426 4507
427 4507
428 4507
429 4507
430 4507
431 4507
432 4507
433 4507
434 4507
435 4507
436 4507
437 4507
438 4507
439 4507
440 4507
441 4507
442 4507
443 4507
444 4507
445 4507
446 4507
447 4507
448 4507
449 4507
450 4507
451 4507
452 4507
453 4507
454 4507
455 4507
456 4507
457 4507
458 4507
459 4507
460 4507
461 4507
462 4507
463 4507
464 4507
465 4507
466 4507
467 4507
468 4507
469 4507
470 4507
471 4507
472 4507
473 4507
474 4507
475 4507
476 4507
477 4507
478 4507
479 4507
480 4507
481 4507
482 4507
483 4507
484 4507
485 4507
486 4507
487 4507
488 4507
489 4507
490 4507
491 4507
492 4507
493 4507
494 4507
495 4507
496 4507
497 4507
498 4507
499 4507
500 4507
501 4507
502 4507
503 4507
504 4507
505 4507
506 4507
507 4507
508 4507
509 4507
510 4507
511 4507
512 4507
513 4507
514 4507
515 4507
516 4507
517 4507
518 4507
519 4507
520 4507
521 4507
522 4507
523 4507
524 4507
525 4507
526 4507
527 4507
528 4507
529 4507
530 4507
531 4507
532 4507
533 4507
534 4507
535 4507
536 4507
537 4507
538 4507
539 4507
540 4507
541 4507
542 4507
543 4507
544 4507
545 4507
546 4507
547 4507
548 4507
549 4507
550 4507
551 4507
552 4507
553 4507
554 4507
555 4507
556 4507
557 4507
558 4507
559 4507
560 4507
561 4507
562 4507
563 4507
564 4507
565 4507
566 4507
567 4507
568 4507
569 4507
570 4507
571 4507
572 4507
573 4507
574 4507
575 4507
576 4507
577 4507
578 4507
579 4507
580 4507
581 4507
582 4507
583 4507
584 4507
585 4507
586 4507
587 4507
588 4507
589 4507
590 4507
591 4507
592 4507
593 4507
594 4507
595 4507
596 4507
597 4507
598 4507
599 4507
600 4507
601 4507
602 4507
603 4507
604 4507
605 4507
606 4507
607 4507
608 4507
609 4507
610 4507
611 4507
612 4507
613 4507
614 4507
615 4507
616 4507
617 4507
618 4507
619 4507
620 4507
621 4507
622 4507
623 4507
624 4507
625 4507
626 4507
627 4507
628 4507
629 4507
630 4507
631 4507
632 4507
633 4507
634 4507
635 4507
636 4507
637 4507
638 4507
639 4507
640 4507
641 4507
642 4507
643 4507
644 4507
645 4507
646 4507
647 4507
648 4507
649 4507
650 4507
651 4507
652 4507
653 4507
654 4507
655 4507
656 4507
657 4507
658 4507
659 4507
660 4507
661 4507
662 4507
663 4507
664 4507
665 4507
666 4507
667 4507
668 4507
669 4507
670 4507
671 4507
672 4507
673 4507
674 4507
675 4507
676 4507
677 4507
678 4507
679 4507
680 4507
681 4507
682 4507
683 4507
684 4507
685 4507
686 4507
687 4507
688 4507
689 4507
690 4507
691 4507
692 4507
693 4507
694 4507
695 4507
696 4507
697 4507
698 4507
699 4507
700 4507
701 4507
702 4507
703 4507
704 4507
705 4507
706 4507
707 4507
708 4507
709 4507
710 4507
711 4507
712 4507
713 4507
714 4507
715 4507
716 4507
717 4507
718 4507
719 4507
720 4507
721 4507
722 4507
723 4507
724 4507
725 4507
726 4507
727 4507
728 4507
729 4507
730 4507
731 4507
732 4507
733 4507
734 4507
735 4507
736 4507
737 4507
738 4507
739 4507
740 4507
741 4507
742 4507
743 4507
744 4507
745 4507
746 4507
747 4507
748 4507
749 4507
750 4507
751 4507
752 4507
753 4507
754 4507
755 4507
756 4507
757 4507
758 4507
759 4507
760 4507
761 4507
762 4507
763 4507
764 4507
765 4507
766 4507
767 4507
768 4507
769 4507
770 4507
771 4507
772 4507
773 4507
774 4507
775 4507
776 4507
777 4507
778 4507
779 4507
780 4507
781 4507
782 4507
783 4507
784 4507
785 4507
786 4507
787 4507
788 4507
789 4507
790 4507
791 4507
792 4507
793 4507
794 4507
795 4507
796 4507
797 4507
798 4507
799 4507
800 4507
801 4507
802 4507
803 4507
804 4507
805 4507
806 4507
807 4507
808 4507
809 4507
810 4507
811 4507
812 4507
813 4507
814 4507
815 4507
816 4507
817 4507
818 4507
819 4507
820 4507
821 4507
822 4507
823 4507
824 4507
825 4507
826 4507
827 4507
828 4507
829 4507
830 4507
831 4507
832 4507
833 4507
834 4507
835 4507
836 4507
837 4507
838 4507
839 4507
840 4507
841 4507
842 4507
843 4507
844 4507
845 4507
846 4507
847 4507
848 4507
849 4507
850 4507
851 4507
852 4507
853 4507
854 4507
855 4507
856 4507
857 4507
858 4507
859 4507
860 4507
861 4507
862 4507
863 4507
864 4507
865 4507
866 4507
867 4507
868 4507
869 4507
870 4507
871 4507
872 4507
873 4507
874 4507
875 4507
876 4507
877 4507
878 4507
879 4507
880 4507
881 4507
882 4507
883 4507
884 4507
885 4507
886 4507
887 4507
888 4507
889 4507
890 4507
891 4507
892 4507
893 4507
894 4507
895 4507
896 4507
897 4507
898 4507
899 4507
900 4507
901 4507
902 4507
903 4507
904 4507
905 4507
906 4507
907 4507
908 4507
909 4507
910 4507
911 4507
912 4507
913 4507
914 4507
915 4507
916 4507
917 4507
918 4507
919 4507
920 4507
921 4507
922 4507
923 4507
924 4507
925 4507
926 4507
927 4507
928 4507
929 4507
930 4507
931 4507
932 4507
933 4507
934 4507
935 4507
936 4507
937 4507
938 4507
939 4507
940 4507
941 4507
942 4507
943 4507
944 4507
945 4507
946 4507
947 4507
948 4507
949 4507
950 4507
951 4507
952 4507
953 4507
954 4507
955 4507
956 4507
957 4507
958 4507
959 4507
960 4507
961 4507
962 4507
963 4507
964 4507
965 4507
966 4507
967 4507
968 4507
969 4507
970 4507
971 4507
972 4507
973 4507
974 4507
975 4507
976 4507
977 4507
978 4507
979 4507
980 4507
981 4507
982 4507
983 4507
984 4507
985 4507
986 4507
987 4507
988 4507
989 4507
990 4507
991 4507
992 4507
993 4507
994 4507
995 4507
996 4507
997 4507
998 4507
999 4507
1000 4507
1001 4507
1002 4507
1003 4507
1004 4507
1005 4507
1006 4507
1007 4507
1008 4507
1009 4507
1010 4507
1011 4507
1012 4507
1013 4507
1014 4507
1015 4507
1016 4507
1017 4507
1018 4507
1019 4507
1020 4507
1021 4507
1022 4507
1023 4507
1024 4507
1025 4507
1026 4507
1027 4507
1028 4507
1029 4507
1030 4507
1031 4507
1032 4507
1033 4507
1034 4507
1035 4507
1036 4507
1037 4507
1038 4507
1039 4507
1040 4507
1041 4507
1042 4507
1043 4507
1044 4507
1045 4507
1046 4507
1047 4507
1048 4507
1049 4507
1050 4507
1051 4507
1052 4507
1053 4507
1054 4507
1055 4507
1056 4507
1057 4507
1058 4507
1059 4507
1060 4507
1061 4507
1062 4507
1063 4507
1064 4507
1065 4507
1066 4507
1067 4507
1068 4507
1069 4507
1070 4507
1071 4507
1072 4507
1073 4507
1074 4507
1075 4507
1076 4507
1077 4507
1078 4507
1079 4507
1080 4507
1081 4507
1082 4507
1083 4507
1084 4507
1085 4507
1086 4507
1087 4507
1088 4507
1089 4507
1090 4507
1091 4507
1092 4507
1093 4507
1094 4507
1095 4507
1096 4507
1097 4507
1098 4507
1099 4507
1100 4507
1101 4507
1102 4507
1103 4507
1104 4507
1105 4507
1106 4507
1107 4507
1108 4507
1109 4507
1110 4507
1111 4507
1112 4507
1113 4507
1114 4507
1115 4507
1116 4507
1117 4507
1118 4507
1119 4507
1120 4507
1121 4507
1122 4507
1123 4507
1124 4507
1125 4507
1126 4507
1127 4507
1128 4507
1129 4507
1130 4507
1131 4507
1132 4507
1133 4507
1134 4507
1135 4507
1136 4507
1137 4507
1138 4507
1139 4507
1140 4507
1141 4507
1142 4507
1143 4507
1144 4507
1145 4507
1146 4507
1147 4507
1148 4507
1149 4507
1150 4507
1151 4507
1152 4507
1153 4507
1154 4507
1155 4507
1156 4507
1157 4507
1158 4507
1159 4507
1160 4507
1161 4507
1162 4507
1163 4507
1164 4507
1165 4507
1166 4507
1167 4507
1168 4507
1169 4507
1170 4507
1171 4507
1172 4507
1173 4507
1174 4507
1175 4507
1176 4507
1177 4507
1178 4507
1179 4507
1180 4507
1181 4507
1182 4507
1183 4507
1184 4507
1185 4507
1186 4507
1187 4507
1188 4507
1189 4507
1190 4507
1191 4507
1192 4507
1193 4507
1194 4507
1195 4507
1196 4507
1197 4507
1198 4507
1199 4507
1200 4507
1201 4507
1202 4507
1203 4507
1204 4507
1205 4507
1206 4507
1207 4507
1208 4507
1209 4507
1210 4507
1211 4507
1212 4507
1213 4507
1214 4507
1215 4507
1216 4507
1217 4507
1218 4507
1219 4507
1220 4507
1221 4507
1222 4507
1223 4507
1224 4507
1225 4507
1226 4507
1227 4507
1228 4507
1229 4507
1230 4507
1231 4507
1232 4507
1233 4507
1234 4507
1235 4507
1236 4507
1237 4507
1238 4507
1239 4507
1240 4507
1241 4507
1242 4507
1243 4507
1244 4507
1245 4507
1246 4507
1247 4507
1248 4507
1249 4507
1250 4507
1251 4507
1252 4507
1253 4507
1254 4507
1255 4507
1256 4507
1257 4507
1258 4507
1259 4507
1260 4507
1261 4507
1262 4507
1263 4507
1264 4507
1265 4507
1266 4507
1267 4507
1268 4507
1269 4507
1270 4507
1271 4507
1272 4507
1273 4507
1274 4507
1275 4507
1276 4507
1277 4507
1278 4507
1279 4507
1280 4507
1281 4507
1282 4507
1283 4507
1284 4507
1285 4507
1286 4507
1287 4507
1288 4507
1289 4507
1290 4507
1291 4507
1292 4507
1293 4507
1294 4507
1295 4507
1296 4507
1297 4507
1298 4507
1299 4507
1300 4507
1301 4507
1302 4507
1303 4507
1304 4507
1305 4507
1306 4507
1307 4507
1308 4507
1309 4507
1310 4507
1311 4507
1312 4507
1313 4507
1314 4507
1315 4507
1316 4507
1317 4507
1318 4507
1319 4507
1320 4507
1321 4507
1322 4507
1323 4507
1324 4507
1325 4507
1326 4507
1327 4507
1328 4507
1329 4507
1330 4507
1331 4507
1332 4507
1333 4507
1334 4507
1335 4507
1336 4507
1337 4507
1338 4507
1339 4507
1340 4507
1341 4507
1342 4507
1343 4507
1344 4507
1345 4507
1346 4507
1347 4507
1348 4507
1349 4507
1350 4507
1351 4507
1352 4507
1353 4507
1354 4507
1355 4507
1356 4507
1357 4507
1358 4507
1359 4507
1360 4507
1361 4507
1362 4507
1363 4507
1364 4507
1365 4507
1366 4507
1367 4507
1368 4507
1369 4507
1370 4507
1371 4507
1372 4507
1373 4507
1374 4507
1375 4507
1376 4507
1377 4507
1378 4507
1379 4507
1380 4507
1381 4507
1382 4507
1383 4507
1384 4507
1385 4507
1386 4507
1387 4507
1388 4507
1389 4507
1390 4507
1391 4507
1392 4507
1393 4507
1394 4507
1395 4507
1396 4507
1397 4507
1398 4507
1399 4507
1400 4507
1401 4507
1402 4507
1403 4507
1404 4507
1405 4507
1406 4507
1407 4507
1408 4507
1409 4507
1410 4507
1411 4507
1412 4507
1413 4507
1414 4507
1415 4507
1416 4507
1417 4507
1418 4507
1419 4507
1420 4507
1421 4507
1422 4507
1423 4507
1424 4507
1425 4507
1426 4507
1427 4507
1428 4507
1429 4507
1430 4507
1431 4507
1432 4507
1433 4507
1434 4507
1435 4507
1436 4507
1437 4507
1438 4507
1439 4507
1440 4507
1441 4507
1442 4507
1443 4507
1444 4507
1445 4507
1446 4507
1447 4507
1448 4507
1449 4507
1450 4507
1451 4507
1452 4507
1453 4507
1454 4507
1455 4507
1456 4507
1457 4507
1458 4507
1459 4507
1460 4507
1461 4507
1462 4507
1463 4507
1464 4507
1465 4507
1466 4507
1467 4507
1468 4507
1469 4507
1470 4507
1471 4507
1472 4507
1473 4507
1474 4507
1475 4507
1476 4507
1477 4507
1478 4507
1479 4507
1480 4507
1481 4507
1482 4507
1483 4507
1484 4507
1485 4507
1486 4507
1487 4507
1488 4507
1489 4507
1490 4507
1491 4507
1492 4507
1493 4507
1494 4507
1495 4507
1496 4507
1497 4507
1498 4507
1499 4507
1500 4507
1501 4507
1502 4507
1503 4507
1504 4507
1505 4507
1506 4507
1507 4507
1508 4507
1509 4507
1510 4507
1511 4507
1512 4507
1513 4507
1514 4507
1515 4507
1516 4507
1517 4507
1518 4507
1519 4507
1520 4507
1521 4507
1522 4507
1523 4507
1524 4507
1525 4507
1526 4507
1527 4507
1528 4507
1529 4507
1530 4507
1531 4507
1532 4507
1533 4507
1534 4507
1535 4507
1536 4507
1537 4507
1538 4507
1539 4507
1540 4507
1541 4507
1542 4507
1543 4507
1544 4507
1545 4507
1546 4507
1547 4507
1548 4507
1549 4507
1550 4507
1551 4507
1552 4507
1553 4507
1554 4507
1555 4507
1556 4507
1557 4507
1558 4507
1559 4507
1560 4507
1561 4507
1562 4507
1563 4507
1564 4507
1565 4507
1566 4507
1567 4507
1568 4507
1569 4507
1570 4507
1571 4507
1572 4507
1573 4507
1574 4507
1575 4507
1576 4507
1577 4507
1578 4507
1579 4507
1580 4507
1581 4507
1582 4507
1583 4507
1584 4507
1585 4507
1586 4507
1587 4507
1588 4507
1589 4507
1590 4507
1591 4507
1592 4507
1593 4507
1594 4507
1595 4507
1596 4507
1597 4507
1598 4507
1599 4507
1600 4507
1601 4507
1602 4507
1603 4507
1604 4507
1605 4507
1606 4507
1607 4507
1608 4507
1609 4507
1610 4507
1611 4507
1612 4507
1613 4507
1614 4507
1615 4507
1616 4507
1617 4507
1618 4507
1619 4507
1620 4507
1621 4507
1622 4507
1623 4507
1624 4507
1625 4507
1626 4507
1627 4507
1628 4507
1629 4507
1630 4507
1631 4507
1632 4507
1633 4507
1634 4507
1635 4507
1636 4507
1637 4507
1638 4507
1639 4507
1640 4507
1641 4507
1642 4507
1643 4507
1644 4507
1645 4507
1646 4507
1647 4507
1648 4507
1649 4507
1650 4507
1651 4507
1652 4507
1653 4507
1654 4507
1655 4507
1656 4507
1657 4507
1658 4507
1659 4507
1660 4507
1661 4507
1662 4507
1663 4507
1664 4507
1665 4507
1666 4507
1667 4507
1668 4507
1669 4507
1670 4507
1671 4507
1672 4507
1673 4507
1674 4507
1675 4507
1676 4507
1677 4507
1678 4507
1679 4507
1680 4507
1681 4507
1682 4507
1683 4507
1684 4507
1685 4507
1686 4507
1687 4507
1688 4507
1689 4507
1690 4507
1691 4507
1692 4507
1693 4507
1694 4507
1695 4507
1696 4507
1697 4507
1698 4507
1699 4507
1700 4507
1701 4507
1702 4507
1703 4507
1704 4507
1705 4507
1706 4507
1707 4507
1708 4507
1709 4507
1710 4507
1711 4507
1712 4507
1713 4507
1714 4507
1715 4507
1716 4507
1717 4507
1718 4507
1719 4507
1720 4507
1721 4507
1722 4507
1723 4507
1724 4507
1725 4507
1726 4507
1727 4507
1728 4507
1729 4507
1730 4507
1731 4507
1732 4507
1733 4507
1734 4507
1735 4507
1736 4507
1737 4507
1738 4507
1739 4507
1740 4507
1741 4507
1742 4507
1743 4507
1744 4507
1745 4507
1746 4507
1747 4507
1748 4507
1749 4507
1750 4507
1751 4507
1752 4507
1753 4507
1754 4507
1755 4507
1756 4507
1757 4507
1758 4507
1759 4507
1760 4507
1761 4507
1762 4507
1763 4507
1764 4507
1765 4507
1766 4507
1767 4507
1768 4507
1769 4507
1770 4507
1771 4507
1772 4507
1773 4507
1774 4507
1775 4507
1776 4507
1777 4507
1778 4507
1779 4507
1780 4507
1781 4507
1782 4507
1783 4507
1784 4507
1785 4507
1786 4507
1787 4507
1788 4507
1789 4507
1790 4507
1791 4507
1792 4507
1793 4507
1794 4507
1795 4507
1796 4507
1797 4507
1798 4507
1799 4507
1800 4507
1801 4507
1802 4507
1803 4507
1804 4507
1805 4507
1806 4507
1807 4507
1808 4507
1809 4507
1810 4507
1811 4507
1812 4507
1813 4507
1814 4507
1815 4507
1816 4507
1817 4507
1818 4507
1819 4507
1820 4507
1821 4507
1822 4507
1823 4507
1824 4507
1825 4507
1826 4507
1827 4507
1828 4507
1829 4507
1830 4507
1831 4507
1832 4507
1833 4507
1834 4507
1835 4507
1836 4507
1837 4507
1838 4507
1839 4507
1840 4507
1841 4507
1842 4507
1843 4507
1844 4507
1845 4507
1846 4507
1847 4507
1848 4507
1849 4507
1850 4507
1851 4507
1852 4507
1853 4507
1854 4507
1855 4507
1856 4507
1857 4507
1858 4507
1859 4507
1860 4507
1861 4507
1862 4507
1863 4507
1864 4507
1865 4507
1866 4507
1867 4507
1868 4507
1869 4507
1870 4507
1871 4507
1872 4507
1873 4507
1874 4507
1875 4507
1876 4507
1877 4507
1878 4507
1879 4507
1880 4507
1881 4507
1882 4507
1883 4507
1884 4507
1885 4507
1886 4507
1887 4507
1888 4507
1889 4507
1890 4507
1891 4507
1892 4507
1893 4507
1894 4507
1895 4507
1896 4507
1897 4507
1898 4507
1899 4507
1900 4507
1901 4507
1902 4507
1903 4507
1904 4507
1905 4507
1906 4507
1907 4507
1908 4507
1909 4507
1910 4507
1911 4507
1912 4507
1913 4507
1914 4507
1915 4507
1916 4507
1917 4507
1918 4507
1919 4507
1920 4507
1921 4507
1922 4507
1923 4507
1924 4507
1925 4507
1926 4507
1927 4507
1928 4507
1929 4507
1930 4507
1931 4507
1932 4507
1933 4507
1934 4507
1935 4507
1936 4507
1937 4507
1938 4507
1939 4507
1940 4507
1941 4507
1942 4507
1943 4507
1944 4507
1945 4507
1946 4507
1947 4507
1948 4507
1949 4507
1950 4507
1951 4507
1952 4507
1953 4507
1954 4507
1955 4507
1956 4507
1957 4507
1958 4507
1959 4507
1960 4507
1961 4507
1962 4507
1963 4507
1964 4507
1965 4507
1966 4507
1967 4507
1968 4507
1969 4507
1970 4507
1971 4507
1972 4507
1973 4507
1974 4507
1975 4507
1976 4507
1977 4507
1978 4507
1979 4507
1980 4507
1981 4507
1982 4507
1983 4507
1984 4507
1985 4507
1986 4507
1987 4507
1988 4507
1989 4507
1990 4507
1991 4507
1992 4507
1993 4507
1994 4507
1995 4507
1996 4507
1997 4507
1998 4507
1999 4507
2000 4507
2001 4507
2002 4507
2003 4507
2004 4507
2005 4507
2006 4507
2007 4507
2008 4507
2009 4507
2010 4507
2011 4507
2012 4507
2013 4507
2014 4507
2015 4507
2016 4507
2017 4507
2018 4507
2019 4507
2020 4507
2021 4507
2022 4507
2023 4507
2024 4507
2025 4507
2026 4507
2027 4507
2028 4507
2029 4507
2030 4507
2031 4507
2032 4507
2033 4507
2034 4507
2035 4507
2036 4507
2037 4507
2038 4507
2039 4507
2040 4507
2041 4507
2042 4507
2043 4507
2044 4507
2045 4507
2046 4507
2047 4507
2048 4507
2049 4507
2050 4507
2051 4507
2052 4507
2053 4507
2054 4507
2055 4507
2056 4507
2057 4507
2058 4507
2059 4507
2060 4507
2061 4507
2062 4507
2063 4507
2064 4507
2065 4507
2066 4507
2067 4507
2068 4507
2069 4507
2070 4507
2071 4507
2072 4507
2073 4507
2074 4507
2075 4507
2076 4507
2077 4507
2078 4507
2079 4507
2080 4507
2081 4507
2082 4507
2083 4507
2084 4507
2085 4507
2086 4507
2087 4507
2088 4507
2089 4507
2090 4507
2091 4507
2092 4507
2093 4507
2094 4507
2095 4507
2096 4507
2097 4507
2098 4507
2099 4507
2100 4507
2101 4507
2102 4507
2103 4507
2104 4507
2105 4507
2106 4507
2107 4507
2108 4507
2109 4507
2110 4507
2111 4507
2112 4507
2113 4507
2114 4507
2115 4507
2116 4507
2117 4507
2118 4507
2119 4507
2120 4507
2121 4507
2122 4507
2123 4507
2124 4507
2125 4507
2126 4507
2127 4507
2128 4507
2129 4507
2130 4507
2131 4507
2132 4507
2133 4507
2134 4507
2135 4507
2136 4507
2137 4507
2138 4507
2139 4507
2140 4507
2141 4507
2142 4507
2143 4507
2144 4507
2145 4507
2146 4507
2147 4507
2148 4507
2149 4507
2150 4507
2151 4507
2152 4507
2153 4507
2154 4507
2155 4507
2156 4507
2157 4507
2158 4507
2159 4507
2160 4507
2161 4507
2162 4507
2163 4507
2164 4507
2165 4507
2166 4507
2167 4507
2168 4507
2169 4507
2170 4507
2171 4507
2172 4507
2173 4507
2174 4507
2175 4507
2176 4507
2177 4507
2178 4507
2179 4507
2180 4507
2181 4507
2182 4507
2183 4507
2184 4507
2185 4507
2186 4507
2187 4507
2188 4507
2189 4507
2190 4507
2191 4507
2192 4507
2193 4507
2194 4507
2195 4507
2196 4507
2197 4507
2198 4507
2199 4507
2200 4507
2201 4507
2202 4507
2203 4507
2204 4507
2205 4507
2206 4507
2207 4507
2208 4507
2209 4507
2210 4507
2211 4507
2212 4507
2213 4507
2214 4507
2215 4507
2216 4507
2217 4507
2218 4507
2219 4507
2220 4507
2221 4507
2222 4507
2223 4507
2224 4507
2225 4507
2226 4507
2227 4507
2228 4507
2229 4507
2230 4507
2231 4507
2232 4507
2233 4507
2234 4507
2235 4507
2236 4507
2237 4507
2238 4507
2239 4507
2240 4507
2241 4507
2242 4507
2243 4507
2244 4507
2245 4507
2246 4507
2247 4507
2248 4507
2249 4507
2250 4507
2251 4507
2252 4507
2253 4507
2254 4507
2255 4507
2256 4507
2257 4507
2258 4507
2259 4507
2260 4507
2261 4507
2262 4507
2263 4507
2264 4507
2265 4507
2266 4507
2267 4507
2268 4507
2269 4507
2270 4507
2271 4507
2272 4507
2273 4507
2274 4507
2275 4507
2276 4507
2277 4507
2278 4507
2279 4507
2280 4507
2281 4507
2282 4507
2283 4507
2284 4507
2285 4507
2286 4507
2287 4507
2288 4507
2289 4507
2290 4507
2291 4507
2292 4507
2293 4507
2294 4507
2295 4507
2296 4507
2297 4507
2298 4507
2299 4507
2300 4507
2301 4507
2302 4507
2303 4507
2304 4507
2305 4507
2306 4507
2307 4507
2308 4507
2309 4507
2310 4507
2311 4507
2312 4507
2313 4507
2314 4507
2315 4507
2316 4507
2317 4507
2318 4507
2319 4507
2320 4507
2321 4507
2322 4507
2323 4507
2324 4507
2325 4507
2326 4507
2327 4507
2328 4507
2329 4507
2330 4507
2331 4507
2332 4507
2333 4507
2334 4507
2335 4507
2336 4507
2337 4507
2338 4507
2339 4507
2340 4507
2341 4507
2342 4507
2343 4507
2344 4507
2345 4507
2346 4507
2347 4507
2348 4507
2349 4507
2350 4507
2351 4507
2352 4507
2353 4507
2354 4507
2355 4507
2356 4507
2357 4507
2358 4507
2359 4507
2360 4507
2361 4507
2362 4507
2363 4507
2364 4507
2365 4507
2366 4507
2367 4507
2368 4507
2369 4507
2370 4507
2371 4507
2372 4507
2373 4507
2374 4507
2375 4507
2376 4507
2377 4507
2378 4507
2379 4507
2380 4507
2381 4507
2382 4507
2383 4507
2384 4507
2385 4507
2386 4507
2387 4507
2388 4507
2389 4507
2390 4507
2391 4507
2392 4507
2393 4507
2394 4507
2395 4507
2396 4507
2397 4507
2398 4507
2399 4507
2400 4507
2401 4507
2402 4507
2403 4507
2404 4507
2405 4507
2406 4507
2407 4507
2408 4507
2409 4507
2410 4507
2411 4507
2412 4507
2413 4507
2414 4507
2415 4507
2416 4507
2417 4507
2418 4507
2419 4507
2420 4507
2421 4507
2422 4507
2423 4507
2424 4507
2425 4507
2426 4507
2427 4507
2428 4507
2429 4507
2430 4507
2431 4507
2432 4507
2433 4507
2434 4507
2435 4507
2436 4507
2437 4507
2438 4507
2439 4507
2440 4507
2441 4507
2442 4507
2443 4507
2444 4507
2445 4507
2446 4507
2447 4507
2448 4507
2449 4507
2450 4507
2451 4507
2452 4507
2453 4507
2454 4507
2455 4507
2456 4507
2457 4507
2458 4507
2459 4507
2460 4507
2461 4507
2462 4507
2463 4507
2464 4507
2465 4507
2466 4507
2467 4507
2468 4507
2469 4507
2470 4507
2471 4507
2472 4507
2473 4507
2474 4507
2475 4507
2476 4507
2477 4507
2478 4507
2479 4507
2480 4507
2481 4507
2482 4507
2483 4507
2484 4507
2485 4507
2486 4507
2487 4507
2488 4507
2489 4507
2490 4507
2491 4507
2492 4507
2493 4507
2494 4507
2495 4507
2496 4507
2497 4507
2498 4507
2499 4507
2500 4507
2501 4507
2502 4507
2503 4507
2504 4507
2505 4507
2506 4507
2507 4507
2508 4507
2509 4507
2510 4507
2511 4507
2512 4507
2513 4507
2514 4507
2515 4507
2516 4507
2517 4507
2518 4507
2519 4507
2520 4507
2521 4507
2522 4507
2523 4507
2524 4507
2525 4507
2526 4507
2527 4507
2528 4507
2529 4507
2530 4507
2531 4507
2532 4507
2533 4507
2534 4507
2535 4507
2536 4507
2537 4507
2538 4507
2539 4507
2540 4507
2541 4507
2542 4507
2543 4507
2544 4507
2545 4507
2546 4507
2547 4507
2548 4507
2549 4507
2550 4507
2551 4507
2552 4507
2553 4507
2554 4507
2555 4507
2556 4507
2557 4507
2558 4507
2559 4507
2560 4507
2561 4507
2562 4507
2563 4507
2564 4507
2565 4507
2566 4507
2567 4507
2568 4507
2569 4507
2570 4507
2571 4507
2572 4507
2573 4507
2574 4507
2575 4507
2576 4507
2577 4507
2578 4507
2579 4507
2580 4507
2581 4507
2582 4507
2583 4507
2584 4507
2585 4507
2586 4507
2587 4507
2588 4507
2589 4507
2590 4507
2591 4507
2592 4507
2593 4507
2594 4507
2595 4507
2596 4507
2597 4507
2598 4507
2599 4507
2600 4507
2601 4507
2602 4507
2603 4507
2604 4507
2605 4507
2606 4507
2607 4507
2608 4507
2609 4507
2610 4507
2611 4507
2612 4507
2613 4507
2614 4507
2615 4507
2616 4507
2617 4507
2618 4507
2619 4507
2620 4507
2621 4507
2622 4507
2623 4507
2624 4507
2625 4507
2626 4507
2627 4507
2628 4507
2629 4507
2630 4507
2631 4507
2632 4507
2633 4507
2634 4507
2635 4507
2636 4507
2637 4507
2638 4507
2639 4507
2640 4507
2641 4507
2642 4507
2643 4507
2644 4507
2645 4507
2646 4507
2647 4507
2648 4507
2649 4507
2650 4507
2651 4507
2652 4507
2653 4507
2654 4507
2655 4507
2656 4507
2657 4507
2658 4507
2659 4507
2660 4507
2661 4507
2662 4507
2663 4507
2664 4507
2665 4507
2666 4507
2667 4507
2668 4507
2669 4507
2670 4507
2671 4507
2672 4507
2673 4507
2674 4507
2675 4507
2676 4507
2677 4507
2678 4507
2679 4507
2680 4507
2681 4507
2682 4507
2683 4507
2684 4507
2685 4507
2686 4507
2687 4507
2688 4507
2689 4507
2690 4507
2691 4507
2692 4507
2693 4507
2694 4507
2695 4507
2696 4507
2697 4507
2698 4507
2699 4507
2700 4507
2701 4507
2702 4507
2703 4507
2704 4507
2705 4507
2706 4507
2707 4507
2708 4507
2709 4507
2710 4507
2711 4507
2712 4507
2713 4507
2714 4507
2715 4507
2716 4507
2717 4507
2718 4507
2719 4507
2720 4507
2721 4507
2722 4507
2723 4507
2724 4507
2725 4507
2726 4507
2727 4507
2728 4507
2729 4507
2730 4507
2731 4507
2732 4507
2733 4507
2734 4507
2735 4507
2736 4507
2737 4507
2738 4507
2739 4507
2740 4507
2741 4507
2742 4507
2743 4507
2744 4507
2745 4507
2746 4507
2747 4507
2748 4507
2749 4507
2750 4507
2751 4507
2752 4507
2753 4507
2754 4507
2755 4507
2756 4507
2757 4507
2758 4507
2759 4507
2760 4507
2761 4507
2762 4507
2763 4507
2764 4507
2765 4507
2766 4507
2767 4507
2768 4507
2769 4507
2770 4507
2771 4507
2772 4507
2773 4507
2774 4507
2775 4507
2776 4507
2777 4507
2778 4507
2779 4507
2780 4507
2781 4507
2782 4507
2783 4507
2784 4507
2785 4507
2786 4507
2787 4507
2788 4507
2789 4507
2790 4507
2791 4507
2792 4507
2793 4507
2794 4507
2795 4507
2796 4507
2797 4507
2798 4507
2799 4507
2800 4507
2801 4507
2802 4507
2803 4507
2804 4507
2805 4507
2806 4507
2807 4507
2808 4507
2809 4507
2810 4507
2811 4507
2812 4507
2813 4507
2814 4507
2815 4507
2816 4507
2817 4507
2818 4507
2819 4507
2820 4507
2821 4507
2822 4507
2823 4507
2824 4507
2825 4507
2826 4507
2827 4507
2828 4507
2829 4507
2830 4507
2831 4507
2832 4507
2833 4507
2834 4507
2835 4507
2836 4507
2837 4507
2838 4507
2839 4507
2840 4507
2841 4507
2842 4507
2843 4507
2844 4507
2845 4507
2846 4507
2847 4507
2848 4507
2849 4507
2850 4507
2851 4507
2852 4507
2853 4507
2854 4507
2855 4507
2856 4507
2857 4507
2858 4507
2859 4507
2860 4507
2861 4507
2862 4507
2863 4507
2864 4507
2865 4507
2866 4507
2867 4507
2868 4507
2869 4507
2870 4507
2871 4507
2872 4507
2873 4507
2874 4507
2875 4507
2876 4507
2877 4507
2878 4507
2879 4507
2880 4507
2881 4507
2882 4507
2883 4507
2884 4507
2885 4507
2886 4507
2887 4507
2888 4507
2889 4507
2890 4507
2891 4507
2892 4507
2893 4507
2894 4507
2895 4507
2896 4507
2897 4507
2898 4507
2899 4507
2900 4507
2901 4507
2902 4507
2903 4507
2904 4507
2905 4507
2906 4507
2907 4507
2908 4507
2909 4507
2910 4507
2911 4507
2912 4507
2913 4507
2914 4507
2915 4507
2916 4507
2917 4507
2918 4507
2919 4507
2920 4507
2921 4507
2922 4507
2923 4507
2924 4507
2925 4507
2926 4507
2927 4507
2928 4507
2929 4507
2930 4507
2931 4507
2932 4507
2933 4507
2934 4507
2935 4507
2936 4507
2937 4507
2938 4507
2939 4507
2940 4507
2941 4507
2942 4507
2943 4507
2944 4507
2945 4507
2946 4507
2947 4507
2948 4507
2949 4507
2950 4507
2951 4507
2952 4507
2953 4507
2954 4507
2955 4507
2956 4507
2957 4507
2958 4507
2959 4507
2960 4507
2961 4507
2962 4507
2963 4507
2964 4507
2965 4507
2966 4507
2967 4507
2968 4507
2969 4507
2970 4507
2971 4507
2972 4507
2973 4507
2974 4507
2975 4507
2976 4507
2977 4507
2978 4507
2979 4507
2980 4507
2981 4507
2982 4507
2983 4507
2984 4507
2985 4507
2986 4507
2987 4507
2988 4507
2989 4507
2990 4507
2991 4507
2992 4507
2993 4507
2994 4507
2995 4507
2996 4507
2997 4507
2998 4507
2999 4507
3000 4507
3001 4507
3002 4507
3003 4507
3004 4507
3005 4507
3006 4507
3007 4507
3008 4507
3009 4507
3010 4507
3011 4507
3012 4507
3013 4507
3014 4507
3015 4507
3016 4507
3017 4507
3018 4507
3019 4507
3020 4507
3021 4507
3022 4507
3023 4507
3024 4507
3025 4507
3026 4507
3027 4507
3028 4507
3029 4507
3030 4507
3031 4507
3032 4507
3033 4507
3034 4507
3035 4507
3036 4507
3037 4507
3038 4507
3039 4507
3040 4507
3041 4507
3042 4507
3043 4507
3044 4507
3045 4507
3046 4507
3047 4507
3048 4507
3049 4507
3050 4507
3051 4507
3052 4507
3053 4507
3054 4507
3055 4507
3056 4507
3057 4507
3058 4507
3059 4507
3060 4507
3061 4507
3062 4507
3063 4507
3064 4507
3065 4507
3066 4507
3067 4507
3068 4507
3069 4507
3070 4507
3071 4507
3072 4507
3073 4507
3074 4507
3075 4507
3076 4507
3077 4507
3078 4507
3079 4507
3080 4507
3081 4507
3082 4507
3083 4507
3084 4507
3085 4507
3086 4507
3087 4507
3088 4507
3089 4507
3090 4507
3091 4507
3092 4507
3093 4507
3094 4507
3095 4507
3096 4507
3097 4507
3098 4507
3099 4507
3100 4507
3101 4507
3102 4507
3103 4507
3104 4507
3105 4507
3106 4507
3107 4507
3108 4507
3109 4507
3110 4507
3111 4507
3112 4507
3113 4507
3114 4507
3115 4507
3116 4507
3117 4507
3118 4507
3119 4507
3120 4507
3121 4507
3122 4507
3123 4507
3124 4507
3125 4507
3126 4507
3127 4507
3128 4507
3129 4507
3130 4507
3131 4507
3132 4507
3133 4507
3134 4507
3135 4507
3136 4507
3137 4507
3138 4507
3139 4507
3140 4507
3141 4507
3142 4507
3143 4507
3144 4507
3145 4507
3146 4507
3147 4507
3148 4507
3149 4507
3150 4507
3151 4507
3152 4507
3153 4507
3154 4507
3155 4507
3156 4507
3157 4507
3158 4507
3159 4507
3160 4507
3161 4507
3162 4507
3163 4507
3164 4507
3165 4507
3166 4507
3167 4507
3168 4507
3169 4507
3170 4507
3171 4507
3172 4507
3173 4507
3174 4507
3175 4507
3176 4507
3177 4507
3178 4507
3179 4507
3180 4507
3181 4507
3182 4507
3183 4507
3184 4507
3185 4507
3186 4507
3187 4507
3188 4507
3189 4507
3190 4507
3191 4507
3192 4507
3193 4507
3194 4507
3195 4507
3196 4507
3197 4507
3198 4507
3199 4507
3200 4507
3201 4507
3202 4507
3203 4507
3204 4507
3205 4507
3206 4507
3207 4507
3208 4507
3209 4507
3210 4507
3211 4507
3212 4507
3213 4507
3214 4507
3215 4507
3216 4507
3217 4507
3218 4507
3219 4507
3220 4507
3221 4507
3222 4507
3223 4507
3224 4507
3225 4507
3226 4507
3227 4507
3228 4507
3229 4507
3230 4507
3231 4507
3232 4507
3233 4507
3234 4507
3235 4507
3236 4507
3237 4507
3238 4507
3239 4507
3240 4507
3241 4507
3242 4507
3243 4507
3244 4507
3245 4507
3246 4507
3247 4507
3248 4507
3249 4507
3250 4507
3251 4507
3252 4507
3253 4507
3254 4507
3255 4507
3256 4507
3257 4507
3258 4507
3259 4507
3260 4507
3261 4507
3262 4507
3263 4507
3264 4507
3265 4507
3266 4507
3267 4507
3268 4507
3269 4507
3270 4507
3271 4507
3272 4507
3273 4507
3274 4507
3275 4507
3276 4507
3277 4507
3278 4507
3279 4507
3280 4507
3281 4507
3282 4507
3283 4507
3284 4507
3285 4507
3286 4507
3287 4507
3288 4507
3289 4507
3290 4507
3291 4507
3292 4507
3293 4507
3294 4507
3295 4507
3296 4507
3297 4507
3298 4507
3299 4507
3300 4507
3301 4507
3302 4507
3303 4507
3304 4507
3305 4507
3306 4507
3307 4507
3308 4507
3309 4507
3310 4507
3311 4507
3312 4507
3313 4507
3314 4507
3315 4507
3316 4507
3317 4507
3318 4507
3319 4507
3320 4507
3321 4507
3322 4507
3323 4507
3324 4507
3325 4507
3326 4507
3327 4507
3328 4507
3329 4507
3330 4507
3331 4507
3332 4507
3333 4507
3334 4507
3335 4507
3336 4507
3337 4507
3338 4507
3339 4507
3340 4507
3341 4507
3342 4507
3343 4507
3344 4507
3345 4507
3346 4507
3347 4507
3348 4507
3349 4507
3350 4507
3351 4507
3352 4507
3353 4507
3354 4507
3355 4507
3356 4507
3357 4507
3358 4507
3359 4507
3360 4507
3361 4507
3362 4507
3363 4507
3364 4507
3365 4507
3366 4507
3367 4507
3368 4507
3369 4507
3370 4507
3371 4507
3372 4507
3373 4507
3374 4507
3375 4507
3376 4507
3377 4507
3378 4507
3379 4507
3380 4507
3381 4507
3382 4507
3383 4507
3384 4507
3385 4507
3386 4507
3387 4507
3388 4507
3389 4507
3390 4507
3391 4507
3392 4507
3393 4507
3394 4507
3395 4507
3396 4507
3397 4507
3398 4507
3399 4507
3400 4507
3401 4507
3402 4507
3403 4507
3404 4507
3405 4507
3406 4507
3407 4507
3408 4507
3409 4507
3410 4507
3411 4507
3412 4507
3413 4507
3414 4507
3415 4507
3416 4507
3417 4507
3418 4507
3419 4507
3420 4507
3421 4507
3422 4507
3423 4507
3424 4507
3425 4507
3426 4507
3427 4507
3428 4507
3429 4507
3430 4507
3431 4507
3432 4507
3433 4507
3434 4507
3435 4507
3436 4507
3437 4507
3438 4507
3439 4507
3440 4507
3441 4507
3442 4507
3443 4507
3444 4507
3445 4507
3446 4507
3447 4507
3448 4507
3449 4507
3450 4507
3451 4507
3452 4507
3453 4507
3454 4507
3455 4507
3456 4507
3457 4507
3458 4507
3459 4507
3460 4507
3461 4507
3462 4507
3463 4507
3464 4507
3465 4507
3466 4507
3467 4507
3468 4507
3469 4507
3470 4507
3471 4507
3472 4507
3473 4507
3474 4507
3475 4507
3476 4507
3477 4507
3478 4507
3479 4507
3480 4507
3481 4507
3482 4507
3483 4507
3484 4507
3485 4507
3486 4507
3487 4507
3488 4507
3489 4507
3490 4507
3491 4507
3492 4507
3493 4507
3494 4507
3495 4507
3496 4507
3497 4507
3498 4507
3499 4507
3500 4507
3501 4507
3502 4507
3503 4507
3504 4507
3505 4507
3506 4507
3507 4507
3508 4507
3509 4507
3510 4507
3511 4507
3512 4507
3513 4507
3514 4507
3515 4507
3516 4507
3517 4507
3518 4507
3519 4507
3520 4507
3521 4507
3522 4507
3523 4507
3524 4507
3525 4507
3526 4507
3527 4507
3528 4507
3529 4507
3530 4507
3531 4507
3532 4507
3533 4507
3534 4507
3535 4507
3536 4507
3537 4507
3538 4507
3539 4507
3540 4507
3541 4507
3542 4507
3543 4507
3544 4507
3545 4507
3546 4507
3547 4507
3548 4507
3549 4507
3550 4507
3551 4507
3552 4507
3553 4507
3554 4507
3555 4507
3556 4507
3557 4507
3558 4507
3559 4507
3560 4507
3561 4507
3562 4507
3563 4507
3564 4507
3565 4507
3566 4507
3567 4507
3568 4507
3569 4507
3570 4507
3571 4507
3572 4507
3573 4507
3574 4507
3575 4507
3576 4507
3577 4507
3578 4507
3579 4507
3580 4507
3581 4507
3582 4507
3583 4507
3584 4507
3585 4507
3586 4507
3587 4507
3588 4507
3589 4507
3590 4507
3591 4507
3592 4507
3593 4507
3594 4507
3595 4507
3596 4507
3597 4507
3598 4507
3599 4507
3600 4507
3601 4507
3602 4507
3603 4507
3604 4507
3605 4507
3606 4507
3607 4507
3608 4507
3609 4507
3610 4507
3611 4507
3612 4507
3613 4507
3614 4507
3615 4507
3616 4507
3617 4507
3618 4507
3619 4507
3620 4507
3621 4507
3622 4507
3623 4507
3624 4507
3625 4507
3626 4507
3627 4507
3628 4507
3629 4507
3630 4507
3631 4507
3632 4507
3633 4507
3634 4507
3635 4507
3636 4507
3637 4507
3638 4507
3639 4507
3640 4507
3641 4507
3642 4507
3643 4507
3644 4507
3645 4507
3646 4507
3647 4507
3648 4507
3649 4507
3650 4507
3651 4507
3652 4507
3653 4507
3654 4507
3655 4507
3656 4507
3657 4507
3658 4507
3659 4507
3660 4507
3661 4507
3662 4507
3663 4507
3664 4507
3665 4507
3666 4507
3667 4507
3668 4507
3669 4507
3670 4507
3671 4507
3672 4507
3673 4507
3674 4507
3675 4507
3676 4507
3677 4507
3678 4507
3679 4507
3680 4507
3681 4507
3682 4507
3683 4507
3684 4507
3685 4507
3686 4507
3687 4507
3688 4507
3689 4507
3690 4507
3691 4507
3692 4507
3693 4507
3694 4507
3695 4507
3696 4507
3697 4507
3698 4507
3699 4507
3700 4507
3701 4507
3702 4507
3703 4507
3704 4507
3705 4507
3706 4507
3707 4507
3708 4507
3709 4507
3710 4507
3711 4507
3712 4507
3713 4507
3714 4507
3715 4507
3716 4507
3717 4507
3718 4507
3719 4507
3720 4507
3721 4507
3722 4507
3723 4507
3724 4507
3725 4507
3726 4507
3727 4507
3728 4507
3729 4507
3730 4507
3731 4507
3732 4507
3733 4507
3734 4507
3735 4507
3736 4507
3737 4507
3738 4507
3739 4507
3740 4507
3741 4507
3742 4507
3743 4507
3744 4507
3745 4507
3746 4507
3747 4507
3748 4507
3749 4507
3750 4507
3751 4507
3752 4507
3753 4507
3754 4507
3755 4507
3756 4507
3757 4507
3758 4507
3759 4507
3760 4507
3761 4507
3762 4507
3763 4507
3764 4507
3765 4507
3766 4507
3767 4507
3768 4507
3769 4507
3770 4507
3771 4507
3772 4507
3773 4507
3774 4507
3775 4507
3776 4507
3777 4507
3778 4507
3779 4507
3780 4507
3781 4507
3782 4507
3783 4507
3784 4507
3785 4507
3786 4507
3787 4507
3788 4507
3789 4507
3790 4507
3791 4507
3792 4507
3793 4507
3794 4507
3795 4507
3796 4507
3797 4507
3798 4507
3799 4507
3800 4507
3801 4507
3802 4507
3803 4507
3804 4507
3805 4507
3806 4507
3807 4507
3808 4507
3809 4507
3810 4507
3811 4507
3812 4507
3813 4507
3814 4507
3815 4507
3816 4507
3817 4507
3818 4507
3819 4507
3820 4507
3821 4507
3822 4507
3823 4507
3824 4507
3825 4507
3826 4507
3827 4507
3828 4507
3829 4507
3830 4507
3831 4507
3832 4507
3833 4507
3834 4507
3835 4507
3836 4507
3837 4507
3838 4507
3839 4507
3840 4507
3841 4507
3842 4507
3843 4507
3844 4507
3845 4507
3846 4507
3847 4507
3848 4507
3849 4507
3850 4507
3851 4507
3852 4507
3853 4507
3854 4507
3855 4507
3856 4507
3857 4507
3858 4507
3859 4507
3860 4507
3861 4507
3862 4507
3863 4507
3864 4507
3865 4507
3866 4507
3867 4507
3868 4507
3869 4507
3870 4507
3871 4507
3872 4507
3873 4507
3874 4507
3875 4507
3876 4507
3877 4507
3878 4507
3879 4507
3880 4507
3881 4507
3882 4507
3883 4507
3884 4507
3885 4507
3886 4507
3887 4507
3888 4507
3889 4507
3890 4507
3891 4507
3892 4507
3893 4507
3894 4507
3895 4507
3896 4507
3897 4507
3898 4507
3899 4507
3900 4507
3901 4507
3902 4507
3903 4507
3904 4507
3905 4507
3906 4507
3907 4507
3908 4507
3909 4507
3910 4507
3911 4507
3912 4507
3913 4507
3914 4507
3915 4507
3916 4507
3917 4507
3918 4507
3919 4507
3920 4507
3921 4507
3922 4507
3923 4507
3924 4507
3925 4507
3926 4507
3927 4507
3928 4507
3929 4507
3930 4507
3931 4507
3932 4507
3933 4507
3934 4507
3935 4507
3936 4507
3937 4507
3938 4507
3939 4507
3940 4507
3941 4507
3942 4507
3943 4507
3944 4507
3945 4507
3946 4507
3947 4507
3948 4507
3949 4507
3950 4507
3951 4507
3952 4507
3953 4507
3954 4507
3955 4507
3956 4507
3957 4507
3958 4507
3959 4507
3960 4507
3961 4507
3962 4507
3963 4507
3964 4507
3965 4507
3966 4507
3967 4507
3968 4507
3969 4507
3970 4507
3971 4507
3972 4507
3973 4507
3974 4507
3975 4507
3976 4507
3977 4507
3978 4507
3979 4507
3980 4507
3981 4507
3982 4507
3983 4507
3984 4507
3985 4507
3986 4507
3987 4507
3988 4507
3989 4507
3990 4507
3991 4507
3992 4507
3993 4507
3994 4507
3995 4507
3996 4507
3997 4507
3998 4507
3999 4507
4000 4507
4001 4507
4002 4507
4003 4507
4004 4507
4005 4507
4006 4507
4007 4507
4008 4507
4009 4507
4010 4507
4011 4507
4012 4507
4013 4507
4014 4507
4015 4507
4016 4507
4017 4507
4018 4507
4019 4507
4020 4507
4021 4507
4022 4507
4023 4507
4024 4507
4025 4507
4026 4507
4027 4507
4028 4507
4029 4507
4030 4507
4031 4507
4032 4507
4033 4507
4034 4507
4035 4507
4036 4507
4037 4507
4038 4507
4039 4507
4040 4507
4041 4507
4042 4507
4043 4507
4044 4507
4045 4507
4046 4507
4047 4507
4048 4507
4049 4507
4050 4507
4051 4507
4052 4507
4053 4507
4054 4507
4055 4507
4056 4507
4057 4507
4058 4507
4059 4507
4060 4507
4061 4507
4062 4507
4063 4507
4064 4507
4065 4507
4066 4507
4067 4507
4068 4507
4069 4507
4070 4507
4071 4507
4072 4507
4073 4507
4074 4507
4075 4507
4076 4507
4077 4507
4078 4507
4079 4507
4080 4507
4081 4507
4082 4507
4083 4507
4084 4507
4085 4507
4086 4507
4087 4507
4088 4507
4089 4507
4090 4507
4091 4507
4092 4507
4093 4507
4094 4507
4095 4507
4096 4507
4097 4507
4098 4507
4099 4507
4100 4507
4101 4507
4102 4507
4103 4507
4104 4507
4105 4507
4106 4507
4107 4507
4108 4507
4109 4507
4110 4507
4111 4507
4112 4507
4113 4507
4114 4507
4115 4507
4116 4507
4117 4507
4118 4507
4119 4507
4120 4507
4121 4507
4122 4507
4123 4507
4124 4507
4125 4507
4126 4507
4127 4507
4128 4507
4129 4507
4130 4507
4131 4507
4132 4507
4133 4507
4134 4507
4135 4507
4136 4507
4137 4507
4138 4507
4139 4507
4140 4507
4141 4507
4142 4507
4143 4507
4144 4507
4145 4507
4146 4507
4147 4507
4148 4507
4149 4507
4150 4507
4151 4507
4152 4507
4153 4507
4154 4507
4155 4507
4156 4507
4157 4507
4158 4507
4159 4507
4160 4507
4161 4507
4162 4507
4163 4507
4164 4507
4165 4507
4166 4507
4167 4507
4168 4507
4169 4507
4170 4507
4171 4507
4172 4507
4173 4507
4174 4507
4175 4507
4176 4507
4177 4507
4178 4507
4179 4507
4180 4507
4181 4507
4182 4507
4183 4507
4184 4507
4185 4507
4186 4507
4187 4507
4188 4507
4189 4507
4190 4507
4191 4507
4192 4507
4193 4507
4194 4507
4195 4507
4196 4507
4197 4507
4198 4507
4199 4507
4200 4507
4201 4507
4202 4507
4203 4507
4204 4507
4205 4507
4206 4507
4207 4507
4208 4507
4209 4507
4210 4507
4211 4507
4212 4507
4213 4507
4214 4507
4215 4507
4216 4507
4217 4507
4218 4507
4219 4507
4220 4507
4221 4507
4222 4507
4223 4507
4224 4507
4225 4507
4226 4507
4227 4507
4228 4507
4229 4507
4230 4507
4231 4507
4232 4507
4233 4507
4234 4507
4235 4507
4236 4507
4237 4507
4238 4507
4239 4507
4240 4507
4241 4507
4242 4507
4243 4507
4244 4507
4245 4507
4246 4507
4247 4507
4248 4507
4249 4507
4250 4507
4251 4507
4252 4507
4253 4507
4254 4507
4255 4507
4256 4507
4257 4507
4258 4507
4259 4507
4260 4507
4261 4507
4262 4507
4263 4507
4264 4507
4265 4507
4266 4507
4267 4507
4268 4507
4269 4507
4270 4507
4271 4507
4272 4507
4273 4507
4274 4507
4275 4507
4276 4507
4277 4507
4278 4507
4279 4507
4280 4507
4281 4507
4282 4507
4283 4507
4284 4507
4285 4507
4286 4507
4287 4507
4288 4507
4289 4507
4290 4507
4291 4507
4292 4507
4293 4507
4294 4507
4295 4507
4296 4507
4297 4507
4298 4507
4299 4507
4300 4507
4301 4507
4302 4507
4303 4507
4304 4507
4305 4507
4306 4507
4307 4507
4308 4507
4309 4507
4310 4507
4311 4507
4312 4507
4313 4507
4314 4507
4315 4507
4316 4507
4317 4507
4318 4507
4319 4507
4320 4507
4321 4507
4322 4507
4323 4507
4324 4507
4325 4507
4326 4507
4327 4507
4328 4507
4329 4507
4330 4507
4331 4507
4332 4507
4333 4507
4334 4507
4335 4507
4336 4507
4337 4507
4338 4507
4339 4507
4340 4507
4341 4507
4342 4507
4343 4507
4344 4507
4345 4507
4346 4507
4347 4507
4348 4507
4349 4507
4350 4507
4351 4507
4352 4507
4353 4507
4354 4507
4355 4507
4356 4507
4357 4507
4358 4507
4359 4507
4360 4507
4361 4507
4362 4507
4363 4507
4364 4507
4365 4507
4366 4507
4367 4507
4368 4507
4369 4507
4370 4507
4371 4507
4372 4507
4373 4507
4374 4507
4375 4507
4376 4507
4377 4507
4378 4507
4379 4507
4380 4507
4381 4507
4382 4507
4383 4507
4384 4507
4385 4507
4386 4507
4387 4507
4388 4507
4389 4507
4390 4507
4391 4507
4392 4507
4393 4507
4394 4507
4395 4507
4396 4507
4397 4507
4398 4507
4399 4507
4400 4507
4401 4507
4402 4507
4403 4507
4404 4507
4405 4507
4406 4507
4407 4507
4408 4507
4409 4507
4410 4507
4411 4507
4412 4507
4413 4507
4414 4507
4415 4507
4416 4507
4417 4507
4418 4507
4419 4507
4420 4507
4421 4507
4422 4507
4423 4507
4424 4507
4425 4507
4426 4507
4427 4507
4428 4507
4429 4507
4430 4507
4431 4507
4432 4507
4433 4507
4434 4507
4435 4507
4436 4507
4437 4507
4438 4507
4439 4507
4440 4507
4441 4507
4442 4507
4443 4507
4444 4507
4445 4507
4446 4507
4447 4507
4448 4507
4449 4507
4450 4507
4451 4507
4452 4507
4453 4507
4454 4507
4455 4507
4456 4507
4457 4507
4458 4507
4459 4507
4460 4507
4461 4507
4462 4507
4463 4507
4464 4507
4465 4507
4466 4507
4467 4507
4468 4507
4469 4507
4470 4507
4471 4507
4472 4507
4473 4507
4474 4507
4475 4507
4476 4507
4477 4507
4478 4507
4479 4507
4480 4507
4481 4507
4482 4507
4483 4507
4484 4507
4485 4507
4486 4507
4487 4507
4488 4507
4489 4507
4490 4507
4491 4507
4492 4507
4493 4507
4494 4507
4495 4507
4496 4507
4497 4507
4498 4507
4499 4507
4500 4507
4501 4507
4502 4507
4503 4507
4504 4507
4505 4507
4506 4507
4507 generations ont pris 2441 secondes
