0 12
1 12
2 12
3 12
4 12
5 12
6 12
7 12
8 12
9 12
10 12
11 12
12 generations ont pris 6 secondes
12 generations ont pris 8 secondes
0 12
1 12
2 12
3 12
4 12
5 12
6 12
3 12
4 12
4 12
5 12
5 12
6 12
6 12
7 12
7 12
8 12
8 12
9 12
9 12
10 12
7 12
8 12
9 12
10 12
11 12
ont pris 6 secondes
11 12
12 generations ont pris 6 secondes
12 generations ont pris 8 secondes
0 12
1 12
2 12
3 12
4 12
5 12
6 12
7 12
4 12
4 12
5 12
5 12
6 12
6 12
7 12
7 12
8 12
8 12
9 12
9 12
10 12
10 12
11 12
12 generations ont pris 6 secondes
11 12
12 generations ont pris 6 secondes
8 12
9 12
10 12
11 12
12 generations ont pris 8 secondes
0 12
1 12
2 12
3 12
4 12
5 12
6 12
7 12
4 12
4 12
5 12
5 12
6 12
6 12
7 12
7 12
8 12
8 12
9 12
9 12
10 12
10 12
11 12
12 generations ont pris 6 secondes
11 12
12 generations ont pris 6 secondes
8 12
9 12
10 12
11 12
12 generations ont pris 8 secondes
0 12
1 12
2 12
3 12
4 12
5 12
6 12
3 12
4 12
4 12
5 12
5 12
6 12
6 12
7 12
7 12
8 12
8 12
9 12
9 12
10 12
7 12
8 12
9 12
10 12
11 12
ont pris 6 secondes
11 12
12 generations ont pris 6 secondes
12 generations ont pris 8 secondes
0 12
1 12
2 12
3 12
4 12
5 12
6 12
3 12
4 12
4 12
5 12
5 12
6 12
6 12
7 12
7 12
8 12
8 12
9 12
9 12
10 12
7 12
8 12
9 12
10 12
11 12
tions ont pris 6 secondes
12 generations ont pris 6 secondes
12 generations ont pris 8 secondes
0 12
1 12
2 12
3 12
4 12
5 12
6 12
7 12
4 12
4 12
5 12
5 12
6 12
6 12
7 12
7 12
8 12
8 12
9 12
9 12
10 12
10 12
11 12
12 generations ont pris 6 secondes
11 12
12 generations ont pris 6 secondes
8 12
9 12
10 12
11 12
12 generations ont pris 8 secondes
0 12
1 12
2 12
3 12
4 12
5 12
6 12
3 12
4 12
4 12
5 12
5 12
6 12
6 12
7 12
7 12
8 12
8 12
9 12
9 12
10 12
7 12
8 12
9 12
10 12
11 12
ont pris 6 secondes
11 12
12 generations ont pris 6 secondes
12 generations ont pris 8 secondes
0 12
1 12
2 12
3 12
4 12
5 12
6 12
7 12
8 12
9 12
10 12
11 12
12 generations ont pris 6 secondes
