0	p2: 2	p12: 0	HI: 1	fitness: 1
1	p2: 1	p12: 0	HI: 0.5	fitness: 0.367879
2	p2: 1	p12: 1	HI: 0.75	fitness: 1
3	p2: 0	p12: 0	HI: 0	fitness: 1
4	p2: 0	p12: 1	HI: 0.25	fitness: 1
5	p2: 0	p12: 2	HI: 0.5	fitness: 1
round: 0	nbSign: 0	last?: 0	accGen: 0
round: 1	nbSign: 1	last?: 0	accGen: 1000
round: 2	nbSign: 5	last?: 0	accGen: 2000
round: 3	nbSign: 8	last?: 0	accGen: 3000
round: 4	nbSign: 10	last?: 0	accGen: 4000
round: 5	nbSign: 16	last?: 0	accGen: 5000
round: 6	nbSign: 26	last?: 0	accGen: 6000
round: 7	nbSign: 36	last?: 0	accGen: 7000
round: 8	nbSign: 46	last?: 0	accGen: 8000
round: 9	nbSign: 56	last?: 0	accGen: 9000
round: 10	nbSign: 66	last?: 0	accGen: 10000
round: 11	nbSign: 76	last?: 0	accGen: 11000
round: 12	nbSign: 86	last?: 0	accGen: 12000
round: 13	nbSign: 96	last?: 0	accGen: 13000
round: 14	nbSign: 106	last?: 1	accGen: 14000
1000 generations ont pris17461secondes
0	p2: 2	p12: 0	HI: 1	fitness: 1
1	p2: 1	p12: 0	HI: 0.5	fitness: 0.367879
2	p2: 1	p12: 1	HI: 0.75	fitness: 1
3	p2: 0	p12: 0	HI: 0	fitness: 1
4	p2: 0	p12: 1	HI: 0.25	fitness: 1
5	p2: 0	p12: 2	HI: 0.5	fitness: 1
round: 0	nbSign: 0	last?: 0	accGen: 0
round: 1	nbSign: 0	last?: 0	accGen: 1000
round: 2	nbSign: 5	last?: 0	accGen: 2000
round: 3	nbSign: 9	last?: 0	accGen: 3000
round: 4	nbSign: 15	last?: 0	accGen: 4000
round: 5	nbSign: 19	last?: 0	accGen: 5000
round: 6	nbSign: 25	last?: 0	accGen: 6000
round: 7	nbSign: 28	last?: 0	accGen: 7000
round: 8	nbSign: 31	last?: 0	accGen: 8000
round: 9	nbSign: 33	last?: 0	accGen: 9000
round: 10	nbSign: 36	last?: 0	accGen: 10000
round: 11	nbSign: 37	last?: 0	accGen: 11000
round: 12	nbSign: 47	last?: 0	accGen: 12000
round: 13	nbSign: 57	last?: 0	accGen: 13000
round: 14	nbSign: 67	last?: 0	accGen: 14000
round: 15	nbSign: 77	last?: 0	accGen: 15000
round: 16	nbSign: 87	last?: 0	accGen: 16000
round: 17	nbSign: 97	last?: 0	accGen: 17000
round: 18	nbSign: 107	last?: 1	accGen: 18000
1000 generations ont pris9478secondes
