0	p2: 8	p12: 0	HI: 1	fitness: 1
1	p2: 7	p12: 0	HI: 0.875	fitness: 0.803523
2	p2: 7	p12: 1	HI: 0.9375	fitness: 0.946781
3	p2: 6	p12: 0	HI: 0.75	fitness: 0.687289
4	p2: 6	p12: 1	HI: 0.8125	fitness: 0.784909
5	p2: 6	p12: 2	HI: 0.875	fitness: 0.91051
6	p2: 5	p12: 0	HI: 0.625	fitness: 0.625784
7	p2: 5	p12: 1	HI: 0.6875	fitness: 0.69268
8	p2: 5	p12: 2	HI: 0.75	fitness: 0.778801
9	p2: 5	p12: 3	HI: 0.8125	fitness: 0.889418
10	p2: 4	p12: 0	HI: 0.5	fitness: 0.606531
11	p2: 4	p12: 1	HI: 0.5625	fitness: 0.650712
12	p2: 4	p12: 2	HI: 0.625	fitness: 0.709106
13	p2: 4	p12: 3	HI: 0.6875	fitness: 0.784909
14	p2: 4	p12: 4	HI: 0.75	fitness: 0.882497
15	p2: 3	p12: 0	HI: 0.375	fitness: 0.625784
16	p2: 3	p12: 1	HI: 0.4375	fitness: 0.650712
17	p2: 3	p12: 2	HI: 0.5	fitness: 0.687289
18	p2: 3	p12: 3	HI: 0.5625	fitness: 0.737354
19	p2: 3	p12: 4	HI: 0.625	fitness: 0.803523
20	p2: 3	p12: 5	HI: 0.6875	fitness: 0.889418
21	p2: 2	p12: 0	HI: 0.25	fitness: 0.687289
22	p2: 2	p12: 1	HI: 0.3125	fitness: 0.69268
23	p2: 2	p12: 2	HI: 0.375	fitness: 0.709106
24	p2: 2	p12: 3	HI: 0.4375	fitness: 0.737354
25	p2: 2	p12: 4	HI: 0.5	fitness: 0.778801
26	p2: 2	p12: 5	HI: 0.5625	fitness: 0.835531
27	p2: 2	p12: 6	HI: 0.625	fitness: 0.91051
28	p2: 1	p12: 0	HI: 0.125	fitness: 0.803523
29	p2: 1	p12: 1	HI: 0.1875	fitness: 0.784909
30	p2: 1	p12: 2	HI: 0.25	fitness: 0.778801
31	p2: 1	p12: 3	HI: 0.3125	fitness: 0.784909
32	p2: 1	p12: 4	HI: 0.375	fitness: 0.803523
33	p2: 1	p12: 5	HI: 0.4375	fitness: 0.835531
34	p2: 1	p12: 6	HI: 0.5	fitness: 0.882497
35	p2: 1	p12: 7	HI: 0.5625	fitness: 0.946781
36	p2: 0	p12: 0	HI: 0	fitness: 1
37	p2: 0	p12: 1	HI: 0.0625	fitness: 0.946781
38	p2: 0	p12: 2	HI: 0.125	fitness: 0.91051
39	p2: 0	p12: 3	HI: 0.1875	fitness: 0.889418
40	p2: 0	p12: 4	HI: 0.25	fitness: 0.882497
41	p2: 0	p12: 5	HI: 0.3125	fitness: 0.889418
42	p2: 0	p12: 6	HI: 0.375	fitness: 0.91051
43	p2: 0	p12: 7	HI: 0.4375	fitness: 0.946781
44	p2: 0	p12: 8	HI: 0.5	fitness: 1
round: 0	nbSign: 0	last?: 0	accGen: 0
round: 1	nbSign: 5	last?: 0	accGen: 1000
round: 2	nbSign: 10	last?: 0	accGen: 2000
round: 3	nbSign: 15	last?: 0	accGen: 3000
round: 4	nbSign: 20	last?: 0	accGen: 4000
round: 5	nbSign: 25	last?: 0	accGen: 5000
round: 6	nbSign: 31	last?: 0	accGen: 6000
round: 7	nbSign: 38	last?: 0	accGen: 7000
round: 8	nbSign: 43	last?: 0	accGen: 8000
round: 9	nbSign: 46	last?: 0	accGen: 9000
round: 10	nbSign: 51	last?: 0	accGen: 10000
round: 11	nbSign: 57	last?: 0	accGen: 11000
round: 12	nbSign: 61	last?: 0	accGen: 12000
round: 13	nbSign: 68	last?: 0	accGen: 13000
round: 14	nbSign: 74	last?: 0	accGen: 14000
round: 15	nbSign: 81	last?: 0	accGen: 15000
round: 16	nbSign: 87	last?: 0	accGen: 16000
round: 17	nbSign: 91	last?: 0	accGen: 17000
round: 18	nbSign: 95	last?: 0	accGen: 18000
round: 19	nbSign: 100	last?: 0	accGen: 19000
round: 20	nbSign: 107	last?: 1	accGen: 20000
1000 generations ont pris7452secondes
