0	p2: 8	p12: 0	HI: 1	fitness: 1
1	p2: 7	p12: 0	HI: 0.875	fitness: 0.957193
2	p2: 7	p12: 1	HI: 0.9375	fitness: 0.989122
3	p2: 6	p12: 0	HI: 0.75	fitness: 0.927743
4	p2: 6	p12: 1	HI: 0.8125	fitness: 0.952717
5	p2: 6	p12: 2	HI: 0.875	fitness: 0.981425
6	p2: 5	p12: 0	HI: 0.625	fitness: 0.91051
7	p2: 5	p12: 1	HI: 0.6875	fitness: 0.929194
8	p2: 5	p12: 2	HI: 0.75	fitness: 0.951229
9	p2: 5	p12: 3	HI: 0.8125	fitness: 0.976835
10	p2: 4	p12: 0	HI: 0.5	fitness: 0.904837
11	p2: 4	p12: 1	HI: 0.5625	fitness: 0.917652
12	p2: 4	p12: 2	HI: 0.625	fitness: 0.93356
13	p2: 4	p12: 3	HI: 0.6875	fitness: 0.952717
14	p2: 4	p12: 4	HI: 0.75	fitness: 0.97531
15	p2: 3	p12: 0	HI: 0.375	fitness: 0.91051
16	p2: 3	p12: 1	HI: 0.4375	fitness: 0.917652
17	p2: 3	p12: 2	HI: 0.5	fitness: 0.927743
18	p2: 3	p12: 3	HI: 0.5625	fitness: 0.940882
19	p2: 3	p12: 4	HI: 0.625	fitness: 0.957193
20	p2: 3	p12: 5	HI: 0.6875	fitness: 0.976835
21	p2: 2	p12: 0	HI: 0.25	fitness: 0.927743
22	p2: 2	p12: 1	HI: 0.3125	fitness: 0.929194
23	p2: 2	p12: 2	HI: 0.375	fitness: 0.93356
24	p2: 2	p12: 3	HI: 0.4375	fitness: 0.940882
25	p2: 2	p12: 4	HI: 0.5	fitness: 0.951229
26	p2: 2	p12: 5	HI: 0.5625	fitness: 0.964701
27	p2: 2	p12: 6	HI: 0.625	fitness: 0.981425
28	p2: 1	p12: 0	HI: 0.125	fitness: 0.957193
29	p2: 1	p12: 1	HI: 0.1875	fitness: 0.952717
30	p2: 1	p12: 2	HI: 0.25	fitness: 0.951229
31	p2: 1	p12: 3	HI: 0.3125	fitness: 0.952717
32	p2: 1	p12: 4	HI: 0.375	fitness: 0.957193
33	p2: 1	p12: 5	HI: 0.4375	fitness: 0.964701
34	p2: 1	p12: 6	HI: 0.5	fitness: 0.97531
35	p2: 1	p12: 7	HI: 0.5625	fitness: 0.989122
36	p2: 0	p12: 0	HI: 0	fitness: 1
37	p2: 0	p12: 1	HI: 0.0625	fitness: 0.989122
38	p2: 0	p12: 2	HI: 0.125	fitness: 0.981425
39	p2: 0	p12: 3	HI: 0.1875	fitness: 0.976835
40	p2: 0	p12: 4	HI: 0.25	fitness: 0.97531
41	p2: 0	p12: 5	HI: 0.3125	fitness: 0.976835
42	p2: 0	p12: 6	HI: 0.375	fitness: 0.981425
43	p2: 0	p12: 7	HI: 0.4375	fitness: 0.989122
44	p2: 0	p12: 8	HI: 0.5	fitness: 1
round: 0	nbSign: 0	last?: 0	accGen: 0
round: 1	nbSign: 5	last?: 0	accGen: 1000
round: 2	nbSign: 15	last?: 0	accGen: 2000
round: 3	nbSign: 25	last?: 0	accGen: 3000
round: 4	nbSign: 35	last?: 0	accGen: 4000
round: 5	nbSign: 45	last?: 0	accGen: 5000
round: 6	nbSign: 55	last?: 0	accGen: 6000
round: 7	nbSign: 65	last?: 0	accGen: 7000
round: 8	nbSign: 75	last?: 0	accGen: 8000
round: 9	nbSign: 85	last?: 0	accGen: 9000
round: 10	nbSign: 95	last?: 0	accGen: 10000
round: 11	nbSign: 105	last?: 1	accGen: 11000
1000 generations ont pris3022secondes
