0	p2: 8	p12: 0	HI: 1	fitness: 1
1	p2: 7	p12: 0	HI: 0.875	fitness: 0.999998
2	p2: 7	p12: 1	HI: 0.9375	fitness: 1
3	p2: 6	p12: 0	HI: 0.75	fitness: 0.990027
4	p2: 6	p12: 1	HI: 0.8125	fitness: 0.999991
5	p2: 6	p12: 2	HI: 0.875	fitness: 1
6	p2: 5	p12: 0	HI: 0.625	fitness: 0.700421
7	p2: 5	p12: 1	HI: 0.6875	fitness: 0.992869
8	p2: 5	p12: 2	HI: 0.75	fitness: 0.999985
9	p2: 5	p12: 3	HI: 0.8125	fitness: 1
10	p2: 4	p12: 0	HI: 0.5	fitness: 0.367879
11	p2: 4	p12: 1	HI: 0.5625	fitness: 0.915307
12	p2: 4	p12: 2	HI: 0.625	fitness: 0.997512
13	p2: 4	p12: 3	HI: 0.6875	fitness: 0.999991
14	p2: 4	p12: 4	HI: 0.75	fitness: 1
15	p2: 3	p12: 0	HI: 0.375	fitness: 0.700421
16	p2: 3	p12: 1	HI: 0.4375	fitness: 0.915307
17	p2: 3	p12: 2	HI: 0.5	fitness: 0.990027
18	p2: 3	p12: 3	HI: 0.5625	fitness: 0.999639
19	p2: 3	p12: 4	HI: 0.625	fitness: 0.999998
20	p2: 3	p12: 5	HI: 0.6875	fitness: 1
21	p2: 2	p12: 0	HI: 0.25	fitness: 0.990027
22	p2: 2	p12: 1	HI: 0.3125	fitness: 0.992869
23	p2: 2	p12: 2	HI: 0.375	fitness: 0.997512
24	p2: 2	p12: 3	HI: 0.4375	fitness: 0.999639
25	p2: 2	p12: 4	HI: 0.5	fitness: 0.999985
26	p2: 2	p12: 5	HI: 0.5625	fitness: 1
27	p2: 2	p12: 6	HI: 0.625	fitness: 1
28	p2: 1	p12: 0	HI: 0.125	fitness: 0.999998
29	p2: 1	p12: 1	HI: 0.1875	fitness: 0.999991
30	p2: 1	p12: 2	HI: 0.25	fitness: 0.999985
31	p2: 1	p12: 3	HI: 0.3125	fitness: 0.999991
32	p2: 1	p12: 4	HI: 0.375	fitness: 0.999998
33	p2: 1	p12: 5	HI: 0.4375	fitness: 1
34	p2: 1	p12: 6	HI: 0.5	fitness: 1
35	p2: 1	p12: 7	HI: 0.5625	fitness: 1
36	p2: 0	p12: 0	HI: 0	fitness: 1
37	p2: 0	p12: 1	HI: 0.0625	fitness: 1
38	p2: 0	p12: 2	HI: 0.125	fitness: 1
39	p2: 0	p12: 3	HI: 0.1875	fitness: 1
40	p2: 0	p12: 4	HI: 0.25	fitness: 1
41	p2: 0	p12: 5	HI: 0.3125	fitness: 1
42	p2: 0	p12: 6	HI: 0.375	fitness: 1
43	p2: 0	p12: 7	HI: 0.4375	fitness: 1
44	p2: 0	p12: 8	HI: 0.5	fitness: 1
round: 0	nbSign: 0	last?: 0	accGen: 0
round: 1	nbSign: 3	last?: 0	accGen: 1000
round: 2	nbSign: 10	last?: 0	accGen: 2000
round: 3	nbSign: 17	last?: 0	accGen: 3000
round: 4	nbSign: 22	last?: 0	accGen: 4000
round: 5	nbSign: 28	last?: 0	accGen: 5000
round: 6	nbSign: 32	last?: 0	accGen: 6000
round: 7	nbSign: 39	last?: 0	accGen: 7000
round: 8	nbSign: 44	last?: 0	accGen: 8000
round: 9	nbSign: 51	last?: 0	accGen: 9000
round: 10	nbSign: 61	last?: 0	accGen: 10000
round: 11	nbSign: 71	last?: 0	accGen: 11000
round: 12	nbSign: 81	last?: 0	accGen: 12000
round: 13	nbSign: 91	last?: 0	accGen: 13000
round: 14	nbSign: 101	last?: 1	accGen: 14000
1000 generations ont pris3743secondes
