0	p2: 8	p12: 0	HI: 1	fitness: 1
1	p2: 7	p12: 0	HI: 0.875	fitness: 0.621996
2	p2: 7	p12: 1	HI: 0.9375	fitness: 0.646997
3	p2: 6	p12: 0	HI: 0.75	fitness: 0.611959
4	p2: 6	p12: 1	HI: 0.8125	fitness: 0.620114
5	p2: 6	p12: 2	HI: 0.875	fitness: 0.637417
6	p2: 5	p12: 0	HI: 0.625	fitness: 0.607753
7	p2: 5	p12: 1	HI: 0.6875	fitness: 0.612354
8	p2: 5	p12: 2	HI: 0.75	fitness: 0.619525
9	p2: 5	p12: 3	HI: 0.8125	fitness: 0.633398
10	p2: 4	p12: 0	HI: 0.5	fitness: 0.606531
11	p2: 4	p12: 1	HI: 0.5625	fitness: 0.609396
12	p2: 4	p12: 2	HI: 0.625	fitness: 0.613591
13	p2: 4	p12: 3	HI: 0.6875	fitness: 0.620114
14	p2: 4	p12: 4	HI: 0.75	fitness: 0.63223
15	p2: 3	p12: 0	HI: 0.375	fitness: 0.607753
16	p2: 3	p12: 1	HI: 0.4375	fitness: 0.609396
17	p2: 3	p12: 2	HI: 0.5	fitness: 0.611959
18	p2: 3	p12: 3	HI: 0.5625	fitness: 0.615846
19	p2: 3	p12: 4	HI: 0.625	fitness: 0.621996
20	p2: 3	p12: 5	HI: 0.6875	fitness: 0.633398
21	p2: 2	p12: 0	HI: 0.25	fitness: 0.611959
22	p2: 2	p12: 1	HI: 0.3125	fitness: 0.612354
23	p2: 2	p12: 2	HI: 0.375	fitness: 0.613591
24	p2: 2	p12: 3	HI: 0.4375	fitness: 0.615846
25	p2: 2	p12: 4	HI: 0.5	fitness: 0.619525
26	p2: 2	p12: 5	HI: 0.5625	fitness: 0.625615
27	p2: 2	p12: 6	HI: 0.625	fitness: 0.637417
28	p2: 1	p12: 0	HI: 0.125	fitness: 0.621996
29	p2: 1	p12: 1	HI: 0.1875	fitness: 0.620114
30	p2: 1	p12: 2	HI: 0.25	fitness: 0.619525
31	p2: 1	p12: 3	HI: 0.3125	fitness: 0.620114
32	p2: 1	p12: 4	HI: 0.375	fitness: 0.621996
33	p2: 1	p12: 5	HI: 0.4375	fitness: 0.625615
34	p2: 1	p12: 6	HI: 0.5	fitness: 0.63223
35	p2: 1	p12: 7	HI: 0.5625	fitness: 0.646997
36	p2: 0	p12: 0	HI: 0	fitness: 1
37	p2: 0	p12: 1	HI: 0.0625	fitness: 0.646997
38	p2: 0	p12: 2	HI: 0.125	fitness: 0.637417
39	p2: 0	p12: 3	HI: 0.1875	fitness: 0.633398
40	p2: 0	p12: 4	HI: 0.25	fitness: 0.63223
41	p2: 0	p12: 5	HI: 0.3125	fitness: 0.633398
42	p2: 0	p12: 6	HI: 0.375	fitness: 0.637417
43	p2: 0	p12: 7	HI: 0.4375	fitness: 0.646997
44	p2: 0	p12: 8	HI: 0.5	fitness: 1
round: 0	nbSign: 0	last?: 0	accGen: 0
round: 1	nbSign: 5	last?: 0	accGen: 1000
round: 2	nbSign: 11	last?: 0	accGen: 2000
round: 3	nbSign: 19	last?: 0	accGen: 3000
round: 4	nbSign: 24	last?: 0	accGen: 4000
round: 5	nbSign: 29	last?: 0	accGen: 5000
round: 6	nbSign: 35	last?: 0	accGen: 6000
round: 7	nbSign: 40	last?: 0	accGen: 7000
round: 8	nbSign: 47	last?: 0	accGen: 8000
round: 9	nbSign: 52	last?: 0	accGen: 9000
round: 10	nbSign: 58	last?: 0	accGen: 10000
round: 11	nbSign: 63	last?: 0	accGen: 11000
round: 12	nbSign: 67	last?: 0	accGen: 12000
round: 13	nbSign: 73	last?: 0	accGen: 13000
round: 14	nbSign: 77	last?: 0	accGen: 14000
round: 15	nbSign: 83	last?: 0	accGen: 15000
round: 16	nbSign: 87	last?: 0	accGen: 16000
round: 17	nbSign: 94	last?: 0	accGen: 17000
round: 18	nbSign: 98	last?: 0	accGen: 18000
round: 19	nbSign: 104	last?: 1	accGen: 19000
1000 generations ont pris10273secondes
0	p2: 8	p12: 0	HI: 1	fitness: 1
1	p2: 7	p12: 0	HI: 0.875	fitness: 0.621996
2	p2: 7	p12: 1	HI: 0.9375	fitness: 0.646997
3	p2: 6	p12: 0	HI: 0.75	fitness: 0.611959
4	p2: 6	p12: 1	HI: 0.8125	fitness: 0.620114
5	p2: 6	p12: 2	HI: 0.875	fitness: 0.637417
6	p2: 5	p12: 0	HI: 0.625	fitness: 0.607753
7	p2: 5	p12: 1	HI: 0.6875	fitness: 0.612354
8	p2: 5	p12: 2	HI: 0.75	fitness: 0.619525
9	p2: 5	p12: 3	HI: 0.8125	fitness: 0.633398
10	p2: 4	p12: 0	HI: 0.5	fitness: 0.606531
11	p2: 4	p12: 1	HI: 0.5625	fitness: 0.609396
12	p2: 4	p12: 2	HI: 0.625	fitness: 0.613591
13	p2: 4	p12: 3	HI: 0.6875	fitness: 0.620114
14	p2: 4	p12: 4	HI: 0.75	fitness: 0.63223
15	p2: 3	p12: 0	HI: 0.375	fitness: 0.607753
16	p2: 3	p12: 1	HI: 0.4375	fitness: 0.609396
17	p2: 3	p12: 2	HI: 0.5	fitness: 0.611959
18	p2: 3	p12: 3	HI: 0.5625	fitness: 0.615846
19	p2: 3	p12: 4	HI: 0.625	fitness: 0.621996
20	p2: 3	p12: 5	HI: 0.6875	fitness: 0.633398
21	p2: 2	p12: 0	HI: 0.25	fitness: 0.611959
22	p2: 2	p12: 1	HI: 0.3125	fitness: 0.612354
23	p2: 2	p12: 2	HI: 0.375	fitness: 0.613591
24	p2: 2	p12: 3	HI: 0.4375	fitness: 0.615846
25	p2: 2	p12: 4	HI: 0.5	fitness: 0.619525
26	p2: 2	p12: 5	HI: 0.5625	fitness: 0.625615
27	p2: 2	p12: 6	HI: 0.625	fitness: 0.637417
28	p2: 1	p12: 0	HI: 0.125	fitness: 0.621996
29	p2: 1	p12: 1	HI: 0.1875	fitness: 0.620114
30	p2: 1	p12: 2	HI: 0.25	fitness: 0.619525
31	p2: 1	p12: 3	HI: 0.3125	fitness: 0.620114
32	p2: 1	p12: 4	HI: 0.375	fitness: 0.621996
33	p2: 1	p12: 5	HI: 0.4375	fitness: 0.625615
34	p2: 1	p12: 6	HI: 0.5	fitness: 0.63223
35	p2: 1	p12: 7	HI: 0.5625	fitness: 0.646997
36	p2: 0	p12: 0	HI: 0	fitness: 1
37	p2: 0	p12: 1	HI: 0.0625	fitness: 0.646997
38	p2: 0	p12: 2	HI: 0.125	fitness: 0.637417
39	p2: 0	p12: 3	HI: 0.1875	fitness: 0.633398
40	p2: 0	p12: 4	HI: 0.25	fitness: 0.63223
41	p2: 0	p12: 5	HI: 0.3125	fitness: 0.633398
42	p2: 0	p12: 6	HI: 0.375	fitness: 0.637417
43	p2: 0	p12: 7	HI: 0.4375	fitness: 0.646997
44	p2: 0	p12: 8	HI: 0.5	fitness: 1
round: 0	nbSign: 0	last?: 0	accGen: 0
round: 1	nbSign: 0	last?: 0	accGen: 1000
round: 2	nbSign: 4	last?: 0	accGen: 2000
round: 3	nbSign: 10	last?: 0	accGen: 3000
round: 4	nbSign: 15	last?: 0	accGen: 4000
round: 5	nbSign: 19	last?: 0	accGen: 5000
round: 6	nbSign: 25	last?: 0	accGen: 6000
round: 7	nbSign: 29	last?: 0	accGen: 7000
round: 8	nbSign: 34	last?: 0	accGen: 8000
round: 9	nbSign: 38	last?: 0	accGen: 9000
round: 10	nbSign: 46	last?: 0	accGen: 10000
round: 11	nbSign: 50	last?: 0	accGen: 11000
round: 12	nbSign: 54	last?: 0	accGen: 12000
round: 13	nbSign: 57	last?: 0	accGen: 13000
round: 14	nbSign: 60	last?: 0	accGen: 14000
round: 15	nbSign: 65	last?: 0	accGen: 15000
round: 16	nbSign: 71	last?: 0	accGen: 16000
round: 17	nbSign: 75	last?: 0	accGen: 17000
round: 18	nbSign: 79	last?: 0	accGen: 18000
round: 19	nbSign: 85	last?: 0	accGen: 19000
round: 20	nbSign: 89	last?: 0	accGen: 20000
round: 21	nbSign: 95	last?: 0	accGen: 21000
round: 22	nbSign: 103	last?: 1	accGen: 22000
1000 generations ont pris24113secondes
