0	p2: 2	p12: 0	HI: 1	fitness: 1
1	p2: 1	p12: 0	HI: 0.5	fitness: 0.367879
2	p2: 1	p12: 1	HI: 0.75	fitness: 0.778801
3	p2: 0	p12: 0	HI: 0	fitness: 1
4	p2: 0	p12: 1	HI: 0.25	fitness: 0.778801
5	p2: 0	p12: 2	HI: 0.5	fitness: 1
round: 0	nbSign: 0	last?: 0	accGen: 0
round: 1	nbSign: 4	last?: 0	accGen: 1000
round: 2	nbSign: 9	last?: 0	accGen: 2000
round: 3	nbSign: 15	last?: 0	accGen: 3000
round: 4	nbSign: 19	last?: 0	accGen: 4000
round: 5	nbSign: 25	last?: 0	accGen: 5000
round: 6	nbSign: 31	last?: 0	accGen: 6000
round: 7	nbSign: 36	last?: 0	accGen: 7000
round: 8	nbSign: 41	last?: 0	accGen: 8000
round: 9	nbSign: 46	last?: 0	accGen: 9000
round: 10	nbSign: 50	last?: 0	accGen: 10000
round: 11	nbSign: 56	last?: 0	accGen: 11000
round: 12	nbSign: 63	last?: 0	accGen: 12000
round: 13	nbSign: 68	last?: 0	accGen: 13000
round: 14	nbSign: 72	last?: 0	accGen: 14000
round: 15	nbSign: 78	last?: 0	accGen: 15000
round: 16	nbSign: 80	last?: 0	accGen: 16000
round: 17	nbSign: 86	last?: 0	accGen: 17000
round: 18	nbSign: 92	last?: 0	accGen: 18000
round: 19	nbSign: 98	last?: 0	accGen: 19000
round: 20	nbSign: 102	last?: 1	accGen: 20000
1000 generations ont pris10697secondes
0	p2: 2	p12: 0	HI: 1	fitness: 1
1	p2: 1	p12: 0	HI: 0.5	fitness: 0.367879
2	p2: 1	p12: 1	HI: 0.75	fitness: 0.778801
3	p2: 0	p12: 0	HI: 0	fitness: 1
4	p2: 0	p12: 1	HI: 0.25	fitness: 0.778801
5	p2: 0	p12: 2	HI: 0.5	fitness: 1
round: 0	nbSign: 0	last?: 0	accGen: 0
round: 1	nbSign: 0	last?: 0	accGen: 1000
round: 2	nbSign: 4	last?: 0	accGen: 2000
round: 3	nbSign: 9	last?: 0	accGen: 3000
round: 4	nbSign: 14	last?: 0	accGen: 4000
round: 5	nbSign: 21	last?: 0	accGen: 5000
round: 6	nbSign: 23	last?: 0	accGen: 6000
round: 7	nbSign: 27	last?: 0	accGen: 7000
round: 8	nbSign: 33	last?: 0	accGen: 8000
round: 9	nbSign: 38	last?: 0	accGen: 9000
round: 10	nbSign: 43	last?: 0	accGen: 10000
round: 11	nbSign: 48	last?: 0	accGen: 11000
round: 12	nbSign: 53	last?: 0	accGen: 12000
round: 13	nbSign: 57	last?: 0	accGen: 13000
round: 14	nbSign: 62	last?: 0	accGen: 14000
round: 15	nbSign: 65	last?: 0	accGen: 15000
round: 16	nbSign: 71	last?: 0	accGen: 16000
round: 17	nbSign: 75	last?: 0	accGen: 17000
round: 18	nbSign: 81	last?: 0	accGen: 18000
round: 19	nbSign: 86	last?: 0	accGen: 19000
round: 20	nbSign: 92	last?: 0	accGen: 20000
round: 21	nbSign: 97	last?: 0	accGen: 21000
round: 22	nbSign: 102	last?: 1	accGen: 22000
1000 generations ont pris11447secondes
