0	p2: 8	p12: 0	HI: 1	fitness: 1
1	p2: 7	p12: 0	HI: 0.875	fitness: 1
2	p2: 7	p12: 1	HI: 0.9375	fitness: 1
3	p2: 6	p12: 0	HI: 0.75	fitness: 0.998998
4	p2: 6	p12: 1	HI: 0.8125	fitness: 0.999999
5	p2: 6	p12: 2	HI: 0.875	fitness: 1
6	p2: 5	p12: 0	HI: 0.625	fitness: 0.965019
7	p2: 5	p12: 1	HI: 0.6875	fitness: 0.999285
8	p2: 5	p12: 2	HI: 0.75	fitness: 0.999998
9	p2: 5	p12: 3	HI: 0.8125	fitness: 1
10	p2: 4	p12: 0	HI: 0.5	fitness: 0.904837
11	p2: 4	p12: 1	HI: 0.5625	fitness: 0.991189
12	p2: 4	p12: 2	HI: 0.625	fitness: 0.999751
13	p2: 4	p12: 3	HI: 0.6875	fitness: 0.999999
14	p2: 4	p12: 4	HI: 0.75	fitness: 1
15	p2: 3	p12: 0	HI: 0.375	fitness: 0.965019
16	p2: 3	p12: 1	HI: 0.4375	fitness: 0.991189
17	p2: 3	p12: 2	HI: 0.5	fitness: 0.998998
18	p2: 3	p12: 3	HI: 0.5625	fitness: 0.999964
19	p2: 3	p12: 4	HI: 0.625	fitness: 1
20	p2: 3	p12: 5	HI: 0.6875	fitness: 1
21	p2: 2	p12: 0	HI: 0.25	fitness: 0.998998
22	p2: 2	p12: 1	HI: 0.3125	fitness: 0.999285
23	p2: 2	p12: 2	HI: 0.375	fitness: 0.999751
24	p2: 2	p12: 3	HI: 0.4375	fitness: 0.999964
25	p2: 2	p12: 4	HI: 0.5	fitness: 0.999998
26	p2: 2	p12: 5	HI: 0.5625	fitness: 1
27	p2: 2	p12: 6	HI: 0.625	fitness: 1
28	p2: 1	p12: 0	HI: 0.125	fitness: 1
29	p2: 1	p12: 1	HI: 0.1875	fitness: 0.999999
30	p2: 1	p12: 2	HI: 0.25	fitness: 0.999998
31	p2: 1	p12: 3	HI: 0.3125	fitness: 0.999999
32	p2: 1	p12: 4	HI: 0.375	fitness: 1
33	p2: 1	p12: 5	HI: 0.4375	fitness: 1
34	p2: 1	p12: 6	HI: 0.5	fitness: 1
35	p2: 1	p12: 7	HI: 0.5625	fitness: 1
36	p2: 0	p12: 0	HI: 0	fitness: 1
37	p2: 0	p12: 1	HI: 0.0625	fitness: 1
38	p2: 0	p12: 2	HI: 0.125	fitness: 1
39	p2: 0	p12: 3	HI: 0.1875	fitness: 1
40	p2: 0	p12: 4	HI: 0.25	fitness: 1
41	p2: 0	p12: 5	HI: 0.3125	fitness: 1
42	p2: 0	p12: 6	HI: 0.375	fitness: 1
43	p2: 0	p12: 7	HI: 0.4375	fitness: 1
44	p2: 0	p12: 8	HI: 0.5	fitness: 1
round: 0	nbSign: 0	last?: 0	accGen: 0
round: 1	nbSign: 4	last?: 0	accGen: 1000
round: 2	nbSign: 10	last?: 0	accGen: 2000
round: 3	nbSign: 15	last?: 0	accGen: 3000
round: 4	nbSign: 21	last?: 0	accGen: 4000
round: 5	nbSign: 26	last?: 0	accGen: 5000
round: 6	nbSign: 31	last?: 0	accGen: 6000
round: 7	nbSign: 36	last?: 0	accGen: 7000
round: 8	nbSign: 42	last?: 0	accGen: 8000
round: 9	nbSign: 48	last?: 0	accGen: 9000
round: 10	nbSign: 53	last?: 0	accGen: 10000
round: 11	nbSign: 58	last?: 0	accGen: 11000
round: 12	nbSign: 63	last?: 0	accGen: 12000
round: 13	nbSign: 68	last?: 0	accGen: 13000
round: 14	nbSign: 74	last?: 0	accGen: 14000
round: 15	nbSign: 78	last?: 0	accGen: 15000
round: 16	nbSign: 83	last?: 0	accGen: 16000
round: 17	nbSign: 89	last?: 0	accGen: 17000
round: 18	nbSign: 94	last?: 0	accGen: 18000
round: 19	nbSign: 98	last?: 0	accGen: 19000
round: 20	nbSign: 105	last?: 1	accGen: 20000
1000 generations ont pris15004secondes
0	p2: 8	p12: 0	HI: 1	fitness: 1
1	p2: 7	p12: 0	HI: 0.875	fitness: 1
2	p2: 7	p12: 1	HI: 0.9375	fitness: 1
3	p2: 6	p12: 0	HI: 0.75	fitness: 0.998998
4	p2: 6	p12: 1	HI: 0.8125	fitness: 0.999999
5	p2: 6	p12: 2	HI: 0.875	fitness: 1
6	p2: 5	p12: 0	HI: 0.625	fitness: 0.965019
7	p2: 5	p12: 1	HI: 0.6875	fitness: 0.999285
8	p2: 5	p12: 2	HI: 0.75	fitness: 0.999998
9	p2: 5	p12: 3	HI: 0.8125	fitness: 1
10	p2: 4	p12: 0	HI: 0.5	fitness: 0.904837
11	p2: 4	p12: 1	HI: 0.5625	fitness: 0.991189
12	p2: 4	p12: 2	HI: 0.625	fitness: 0.999751
13	p2: 4	p12: 3	HI: 0.6875	fitness: 0.999999
14	p2: 4	p12: 4	HI: 0.75	fitness: 1
15	p2: 3	p12: 0	HI: 0.375	fitness: 0.965019
16	p2: 3	p12: 1	HI: 0.4375	fitness: 0.991189
17	p2: 3	p12: 2	HI: 0.5	fitness: 0.998998
18	p2: 3	p12: 3	HI: 0.5625	fitness: 0.999964
19	p2: 3	p12: 4	HI: 0.625	fitness: 1
20	p2: 3	p12: 5	HI: 0.6875	fitness: 1
21	p2: 2	p12: 0	HI: 0.25	fitness: 0.998998
22	p2: 2	p12: 1	HI: 0.3125	fitness: 0.999285
23	p2: 2	p12: 2	HI: 0.375	fitness: 0.999751
24	p2: 2	p12: 3	HI: 0.4375	fitness: 0.999964
25	p2: 2	p12: 4	HI: 0.5	fitness: 0.999998
26	p2: 2	p12: 5	HI: 0.5625	fitness: 1
27	p2: 2	p12: 6	HI: 0.625	fitness: 1
28	p2: 1	p12: 0	HI: 0.125	fitness: 1
29	p2: 1	p12: 1	HI: 0.1875	fitness: 0.999999
30	p2: 1	p12: 2	HI: 0.25	fitness: 0.999998
31	p2: 1	p12: 3	HI: 0.3125	fitness: 0.999999
32	p2: 1	p12: 4	HI: 0.375	fitness: 1
33	p2: 1	p12: 5	HI: 0.4375	fitness: 1
34	p2: 1	p12: 6	HI: 0.5	fitness: 1
35	p2: 1	p12: 7	HI: 0.5625	fitness: 1
36	p2: 0	p12: 0	HI: 0	fitness: 1
37	p2: 0	p12: 1	HI: 0.0625	fitness: 1
38	p2: 0	p12: 2	HI: 0.125	fitness: 1
39	p2: 0	p12: 3	HI: 0.1875	fitness: 1
40	p2: 0	p12: 4	HI: 0.25	fitness: 1
41	p2: 0	p12: 5	HI: 0.3125	fitness: 1
42	p2: 0	p12: 6	HI: 0.375	fitness: 1
43	p2: 0	p12: 7	HI: 0.4375	fitness: 1
44	p2: 0	p12: 8	HI: 0.5	fitness: 1
round: 0	nbSign: 0	last?: 0	accGen: 0
round: 1	nbSign: 0	last?: 0	accGen: 1000
round: 2	nbSign: 6	last?: 0	accGen: 2000
round: 3	nbSign: 10	last?: 0	accGen: 3000
round: 4	nbSign: 15	last?: 0	accGen: 4000
round: 5	nbSign: 19	last?: 0	accGen: 5000
round: 6	nbSign: 25	last?: 0	accGen: 6000
round: 7	nbSign: 29	last?: 0	accGen: 7000
round: 8	nbSign: 33	last?: 0	accGen: 8000
round: 9	nbSign: 38	last?: 0	accGen: 9000
round: 10	nbSign: 43	last?: 0	accGen: 10000
round: 11	nbSign: 48	last?: 0	accGen: 11000
round: 12	nbSign: 54	last?: 0	accGen: 12000
round: 13	nbSign: 58	last?: 0	accGen: 13000
round: 14	nbSign: 63	last?: 0	accGen: 14000
round: 15	nbSign: 71	last?: 0	accGen: 15000
round: 16	nbSign: 76	last?: 0	accGen: 16000
round: 17	nbSign: 81	last?: 0	accGen: 17000
round: 18	nbSign: 86	last?: 0	accGen: 18000
round: 19	nbSign: 90	last?: 0	accGen: 19000
round: 20	nbSign: 97	last?: 0	accGen: 20000
round: 21	nbSign: 101	last?: 1	accGen: 21000
1000 generations ont pris11209secondes
