0	p2: 2	p12: 0	HI: 1	fitness: 1
1	p2: 1	p12: 0	HI: 0.5	fitness: 0.904837
2	p2: 1	p12: 1	HI: 0.75	fitness: 0.912378
3	p2: 0	p12: 0	HI: 0	fitness: 1
4	p2: 0	p12: 1	HI: 0.25	fitness: 0.912378
5	p2: 0	p12: 2	HI: 0.5	fitness: 1
round: 0	nbSign: 0	last?: 0	accGen: 0
round: 1	nbSign: 4	last?: 0	accGen: 1000
round: 2	nbSign: 11	last?: 0	accGen: 2000
round: 3	nbSign: 19	last?: 0	accGen: 3000
round: 4	nbSign: 29	last?: 0	accGen: 4000
round: 5	nbSign: 39	last?: 0	accGen: 5000
round: 6	nbSign: 49	last?: 0	accGen: 6000
round: 7	nbSign: 59	last?: 0	accGen: 7000
round: 8	nbSign: 69	last?: 0	accGen: 8000
round: 9	nbSign: 79	last?: 0	accGen: 9000
round: 10	nbSign: 89	last?: 0	accGen: 10000
round: 11	nbSign: 99	last?: 0	accGen: 11000
round: 12	nbSign: 109	last?: 1	accGen: 12000
1000 generations ont pris4614secondes
