0	p2: 8	p12: 0	HI: 1	fitness: 1
1	p2: 7	p12: 0	HI: 0.875	fitness: 0.957193
2	p2: 7	p12: 1	HI: 0.9375	fitness: 0.989122
3	p2: 6	p12: 0	HI: 0.75	fitness: 0.927743
4	p2: 6	p12: 1	HI: 0.8125	fitness: 0.952717
5	p2: 6	p12: 2	HI: 0.875	fitness: 0.981425
6	p2: 5	p12: 0	HI: 0.625	fitness: 0.91051
7	p2: 5	p12: 1	HI: 0.6875	fitness: 0.929194
8	p2: 5	p12: 2	HI: 0.75	fitness: 0.951229
9	p2: 5	p12: 3	HI: 0.8125	fitness: 0.976835
10	p2: 4	p12: 0	HI: 0.5	fitness: 0.904837
11	p2: 4	p12: 1	HI: 0.5625	fitness: 0.917652
12	p2: 4	p12: 2	HI: 0.625	fitness: 0.93356
13	p2: 4	p12: 3	HI: 0.6875	fitness: 0.952717
14	p2: 4	p12: 4	HI: 0.75	fitness: 0.97531
15	p2: 3	p12: 0	HI: 0.375	fitness: 0.91051
16	p2: 3	p12: 1	HI: 0.4375	fitness: 0.917652
17	p2: 3	p12: 2	HI: 0.5	fitness: 0.927743
18	p2: 3	p12: 3	HI: 0.5625	fitness: 0.940882
19	p2: 3	p12: 4	HI: 0.625	fitness: 0.957193
20	p2: 3	p12: 5	HI: 0.6875	fitness: 0.976835
21	p2: 2	p12: 0	HI: 0.25	fitness: 0.927743
22	p2: 2	p12: 1	HI: 0.3125	fitness: 0.929194
23	p2: 2	p12: 2	HI: 0.375	fitness: 0.93356
24	p2: 2	p12: 3	HI: 0.4375	fitness: 0.940882
25	p2: 2	p12: 4	HI: 0.5	fitness: 0.951229
26	p2: 2	p12: 5	HI: 0.5625	fitness: 0.964701
27	p2: 2	p12: 6	HI: 0.625	fitness: 0.981425
28	p2: 1	p12: 0	HI: 0.125	fitness: 0.957193
29	p2: 1	p12: 1	HI: 0.1875	fitness: 0.952717
30	p2: 1	p12: 2	HI: 0.25	fitness: 0.951229
31	p2: 1	p12: 3	HI: 0.3125	fitness: 0.952717
32	p2: 1	p12: 4	HI: 0.375	fitness: 0.957193
33	p2: 1	p12: 5	HI: 0.4375	fitness: 0.964701
34	p2: 1	p12: 6	HI: 0.5	fitness: 0.97531
35	p2: 1	p12: 7	HI: 0.5625	fitness: 0.989122
36	p2: 0	p12: 0	HI: 0	fitness: 1
37	p2: 0	p12: 1	HI: 0.0625	fitness: 0.989122
38	p2: 0	p12: 2	HI: 0.125	fitness: 0.981425
39	p2: 0	p12: 3	HI: 0.1875	fitness: 0.976835
40	p2: 0	p12: 4	HI: 0.25	fitness: 0.97531
41	p2: 0	p12: 5	HI: 0.3125	fitness: 0.976835
42	p2: 0	p12: 6	HI: 0.375	fitness: 0.981425
43	p2: 0	p12: 7	HI: 0.4375	fitness: 0.989122
44	p2: 0	p12: 8	HI: 0.5	fitness: 1
round: 0	nbSign: 0	last?: 0	accGen: 0
round: 1	nbSign: 3	last?: 0	accGen: 1000
round: 2	nbSign: 10	last?: 0	accGen: 2000
round: 3	nbSign: 13	last?: 0	accGen: 3000
round: 4	nbSign: 18	last?: 0	accGen: 4000
round: 5	nbSign: 23	last?: 0	accGen: 5000
round: 6	nbSign: 29	last?: 0	accGen: 6000
round: 7	nbSign: 33	last?: 0	accGen: 7000
round: 8	nbSign: 37	last?: 0	accGen: 8000
round: 9	nbSign: 41	last?: 0	accGen: 9000
round: 10	nbSign: 46	last?: 0	accGen: 10000
round: 11	nbSign: 53	last?: 0	accGen: 11000
round: 12	nbSign: 57	last?: 0	accGen: 12000
round: 13	nbSign: 62	last?: 0	accGen: 13000
round: 14	nbSign: 68	last?: 0	accGen: 14000
round: 15	nbSign: 73	last?: 0	accGen: 15000
round: 16	nbSign: 78	last?: 0	accGen: 16000
round: 17	nbSign: 83	last?: 0	accGen: 17000
round: 18	nbSign: 89	last?: 0	accGen: 18000
round: 19	nbSign: 95	last?: 0	accGen: 19000
round: 20	nbSign: 100	last?: 0	accGen: 20000
round: 21	nbSign: 104	last?: 1	accGen: 21000
1000 generations ont pris5670secondes
