0	p2: 8	p12: 0	HI: 1	fitness: 1
1	p2: 7	p12: 0	HI: 0.875	fitness: 0.386878
2	p2: 7	p12: 1	HI: 0.9375	fitness: 1
3	p2: 6	p12: 0	HI: 0.75	fitness: 0.374494
4	p2: 6	p12: 1	HI: 0.8125	fitness: 0.390417
5	p2: 6	p12: 2	HI: 0.875	fitness: 1
6	p2: 5	p12: 0	HI: 0.625	fitness: 0.369363
7	p2: 5	p12: 1	HI: 0.6875	fitness: 0.378684
8	p2: 5	p12: 2	HI: 0.75	fitness: 0.3946
9	p2: 5	p12: 3	HI: 0.8125	fitness: 1
10	p2: 4	p12: 0	HI: 0.5	fitness: 0.367879
11	p2: 4	p12: 1	HI: 0.5625	fitness: 0.374494
12	p2: 4	p12: 2	HI: 0.625	fitness: 0.383812
13	p2: 4	p12: 3	HI: 0.6875	fitness: 0.399715
14	p2: 4	p12: 4	HI: 0.75	fitness: 1
15	p2: 3	p12: 0	HI: 0.375	fitness: 0.369363
16	p2: 3	p12: 1	HI: 0.4375	fitness: 0.374494
17	p2: 3	p12: 2	HI: 0.5	fitness: 0.381106
18	p2: 3	p12: 3	HI: 0.5625	fitness: 0.390417
19	p2: 3	p12: 4	HI: 0.625	fitness: 0.4063
20	p2: 3	p12: 5	HI: 0.6875	fitness: 1
21	p2: 2	p12: 0	HI: 0.25	fitness: 0.374494
22	p2: 2	p12: 1	HI: 0.3125	fitness: 0.378684
23	p2: 2	p12: 2	HI: 0.375	fitness: 0.383812
24	p2: 2	p12: 3	HI: 0.4375	fitness: 0.390417
25	p2: 2	p12: 4	HI: 0.5	fitness: 0.399715
26	p2: 2	p12: 5	HI: 0.5625	fitness: 0.415561
27	p2: 2	p12: 6	HI: 0.625	fitness: 1
28	p2: 1	p12: 0	HI: 0.125	fitness: 0.386878
29	p2: 1	p12: 1	HI: 0.1875	fitness: 0.390417
30	p2: 1	p12: 2	HI: 0.25	fitness: 0.3946
31	p2: 1	p12: 3	HI: 0.3125	fitness: 0.399715
32	p2: 1	p12: 4	HI: 0.375	fitness: 0.4063
33	p2: 1	p12: 5	HI: 0.4375	fitness: 0.415561
34	p2: 1	p12: 6	HI: 0.5	fitness: 0.431324
35	p2: 1	p12: 7	HI: 0.5625	fitness: 1
36	p2: 0	p12: 0	HI: 0	fitness: 1
37	p2: 0	p12: 1	HI: 0.0625	fitness: 1
38	p2: 0	p12: 2	HI: 0.125	fitness: 1
39	p2: 0	p12: 3	HI: 0.1875	fitness: 1
40	p2: 0	p12: 4	HI: 0.25	fitness: 1
41	p2: 0	p12: 5	HI: 0.3125	fitness: 1
42	p2: 0	p12: 6	HI: 0.375	fitness: 1
43	p2: 0	p12: 7	HI: 0.4375	fitness: 1
44	p2: 0	p12: 8	HI: 0.5	fitness: 1
round: 0	nbSign: 0	last?: 0	accGen: 0
round: 1	nbSign: 6	last?: 0	accGen: 1000
round: 2	nbSign: 11	last?: 1	accGen: 2000
1000 generations ont pris148secondes
0	p2: 8	p12: 0	HI: 1	fitness: 1
1	p2: 7	p12: 0	HI: 0.875	fitness: 0.386878
2	p2: 7	p12: 1	HI: 0.9375	fitness: 1
3	p2: 6	p12: 0	HI: 0.75	fitness: 0.374494
4	p2: 6	p12: 1	HI: 0.8125	fitness: 0.390417
5	p2: 6	p12: 2	HI: 0.875	fitness: 1
6	p2: 5	p12: 0	HI: 0.625	fitness: 0.369363
7	p2: 5	p12: 1	HI: 0.6875	fitness: 0.378684
8	p2: 5	p12: 2	HI: 0.75	fitness: 0.3946
9	p2: 5	p12: 3	HI: 0.8125	fitness: 1
10	p2: 4	p12: 0	HI: 0.5	fitness: 0.367879
11	p2: 4	p12: 1	HI: 0.5625	fitness: 0.374494
12	p2: 4	p12: 2	HI: 0.625	fitness: 0.383812
13	p2: 4	p12: 3	HI: 0.6875	fitness: 0.399715
14	p2: 4	p12: 4	HI: 0.75	fitness: 1
15	p2: 3	p12: 0	HI: 0.375	fitness: 0.369363
16	p2: 3	p12: 1	HI: 0.4375	fitness: 0.374494
17	p2: 3	p12: 2	HI: 0.5	fitness: 0.381106
18	p2: 3	p12: 3	HI: 0.5625	fitness: 0.390417
19	p2: 3	p12: 4	HI: 0.625	fitness: 0.4063
20	p2: 3	p12: 5	HI: 0.6875	fitness: 1
21	p2: 2	p12: 0	HI: 0.25	fitness: 0.374494
22	p2: 2	p12: 1	HI: 0.3125	fitness: 0.378684
23	p2: 2	p12: 2	HI: 0.375	fitness: 0.383812
24	p2: 2	p12: 3	HI: 0.4375	fitness: 0.390417
25	p2: 2	p12: 4	HI: 0.5	fitness: 0.399715
26	p2: 2	p12: 5	HI: 0.5625	fitness: 0.415561
27	p2: 2	p12: 6	HI: 0.625	fitness: 1
28	p2: 1	p12: 0	HI: 0.125	fitness: 0.386878
29	p2: 1	p12: 1	HI: 0.1875	fitness: 0.390417
30	p2: 1	p12: 2	HI: 0.25	fitness: 0.3946
31	p2: 1	p12: 3	HI: 0.3125	fitness: 0.399715
32	p2: 1	p12: 4	HI: 0.375	fitness: 0.4063
33	p2: 1	p12: 5	HI: 0.4375	fitness: 0.415561
34	p2: 1	p12: 6	HI: 0.5	fitness: 0.431324
35	p2: 1	p12: 7	HI: 0.5625	fitness: 1
36	p2: 0	p12: 0	HI: 0	fitness: 1
37	p2: 0	p12: 1	HI: 0.0625	fitness: 1
38	p2: 0	p12: 2	HI: 0.125	fitness: 1
39	p2: 0	p12: 3	HI: 0.1875	fitness: 1
40	p2: 0	p12: 4	HI: 0.25	fitness: 1
41	p2: 0	p12: 5	HI: 0.3125	fitness: 1
42	p2: 0	p12: 6	HI: 0.375	fitness: 1
43	p2: 0	p12: 7	HI: 0.4375	fitness: 1
44	p2: 0	p12: 8	HI: 0.5	fitness: 1
round: 0	nbSign: 0	last?: 0	accGen: 0
round: 1	nbSign: 3	last?: 0	accGen: 1000
round: 2	nbSign: 8	last?: 0	accGen: 2000
round: 3	nbSign: 14	last?: 0	accGen: 3000
round: 4	nbSign: 19	last?: 0	accGen: 4000
round: 5	nbSign: 21	last?: 0	accGen: 5000
round: 6	nbSign: 28	last?: 0	accGen: 6000
round: 7	nbSign: 33	last?: 0	accGen: 7000
round: 8	nbSign: 38	last?: 0	accGen: 8000
round: 9	nbSign: 42	last?: 0	accGen: 9000
round: 10	nbSign: 47	last?: 0	accGen: 10000
round: 11	nbSign: 52	last?: 0	accGen: 11000
round: 12	nbSign: 57	last?: 0	accGen: 12000
round: 13	nbSign: 60	last?: 0	accGen: 13000
round: 14	nbSign: 66	last?: 0	accGen: 14000
round: 15	nbSign: 71	last?: 0	accGen: 15000
round: 16	nbSign: 77	last?: 0	accGen: 16000
round: 17	nbSign: 81	last?: 0	accGen: 17000
round: 18	nbSign: 87	last?: 0	accGen: 18000
round: 19	nbSign: 92	last?: 0	accGen: 19000
round: 20	nbSign: 97	last?: 0	accGen: 20000
round: 21	nbSign: 103	last?: 1	accGen: 21000
1000 generations ont pris1085secondes
0	p2: 8	p12: 0	HI: 1	fitness: 1
1	p2: 7	p12: 0	HI: 0.875	fitness: 0.386878
2	p2: 7	p12: 1	HI: 0.9375	fitness: 1
3	p2: 6	p12: 0	HI: 0.75	fitness: 0.374494
4	p2: 6	p12: 1	HI: 0.8125	fitness: 0.390417
5	p2: 6	p12: 2	HI: 0.875	fitness: 1
6	p2: 5	p12: 0	HI: 0.625	fitness: 0.369363
7	p2: 5	p12: 1	HI: 0.6875	fitness: 0.378684
8	p2: 5	p12: 2	HI: 0.75	fitness: 0.3946
9	p2: 5	p12: 3	HI: 0.8125	fitness: 1
10	p2: 4	p12: 0	HI: 0.5	fitness: 0.367879
11	p2: 4	p12: 1	HI: 0.5625	fitness: 0.374494
12	p2: 4	p12: 2	HI: 0.625	fitness: 0.383812
13	p2: 4	p12: 3	HI: 0.6875	fitness: 0.399715
14	p2: 4	p12: 4	HI: 0.75	fitness: 1
15	p2: 3	p12: 0	HI: 0.375	fitness: 0.369363
16	p2: 3	p12: 1	HI: 0.4375	fitness: 0.374494
17	p2: 3	p12: 2	HI: 0.5	fitness: 0.381106
18	p2: 3	p12: 3	HI: 0.5625	fitness: 0.390417
19	p2: 3	p12: 4	HI: 0.625	fitness: 0.4063
20	p2: 3	p12: 5	HI: 0.6875	fitness: 1
21	p2: 2	p12: 0	HI: 0.25	fitness: 0.374494
22	p2: 2	p12: 1	HI: 0.3125	fitness: 0.378684
23	p2: 2	p12: 2	HI: 0.375	fitness: 0.383812
24	p2: 2	p12: 3	HI: 0.4375	fitness: 0.390417
25	p2: 2	p12: 4	HI: 0.5	fitness: 0.399715
26	p2: 2	p12: 5	HI: 0.5625	fitness: 0.415561
27	p2: 2	p12: 6	HI: 0.625	fitness: 1
28	p2: 1	p12: 0	HI: 0.125	fitness: 0.386878
29	p2: 1	p12: 1	HI: 0.1875	fitness: 0.390417
30	p2: 1	p12: 2	HI: 0.25	fitness: 0.3946
31	p2: 1	p12: 3	HI: 0.3125	fitness: 0.399715
32	p2: 1	p12: 4	HI: 0.375	fitness: 0.4063
33	p2: 1	p12: 5	HI: 0.4375	fitness: 0.415561
34	p2: 1	p12: 6	HI: 0.5	fitness: 0.431324
35	p2: 1	p12: 7	HI: 0.5625	fitness: 1
36	p2: 0	p12: 0	HI: 0	fitness: 1
37	p2: 0	p12: 1	HI: 0.0625	fitness: 1
38	p2: 0	p12: 2	HI: 0.125	fitness: 1
39	p2: 0	p12: 3	HI: 0.1875	fitness: 1
40	p2: 0	p12: 4	HI: 0.25	fitness: 1
41	p2: 0	p12: 5	HI: 0.3125	fitness: 1
42	p2: 0	p12: 6	HI: 0.375	fitness: 1
43	p2: 0	p12: 7	HI: 0.4375	fitness: 1
44	p2: 0	p12: 8	HI: 0.5	fitness: 1
round: 0	nbSign: 0	last?: 0	accGen: 0
round: 1	nbSign: 4	last?: 0	accGen: 1000
round: 2	nbSign: 10	last?: 0	accGen: 2000
round: 3	nbSign: 16	last?: 0	accGen: 3000
round: 4	nbSign: 21	last?: 0	accGen: 4000
round: 5	nbSign: 26	last?: 0	accGen: 5000
round: 6	nbSign: 30	last?: 0	accGen: 6000
round: 7	nbSign: 35	last?: 0	accGen: 7000
round: 8	nbSign: 41	last?: 0	accGen: 8000
round: 9	nbSign: 46	last?: 0	accGen: 9000
round: 10	nbSign: 51	last?: 0	accGen: 10000
round: 11	nbSign: 56	last?: 0	accGen: 11000
round: 12	nbSign: 62	last?: 0	accGen: 12000
round: 13	nbSign: 66	last?: 0	accGen: 13000
round: 14	nbSign: 71	last?: 0	accGen: 14000
round: 15	nbSign: 74	last?: 0	accGen: 15000
round: 16	nbSign: 78	last?: 0	accGen: 16000
round: 17	nbSign: 81	last?: 0	accGen: 17000
round: 18	nbSign: 88	last?: 0	accGen: 18000
round: 19	nbSign: 92	last?: 0	accGen: 19000
round: 20	nbSign: 97	last?: 0	accGen: 20000
round: 21	nbSign: 102	last?: 1	accGen: 21000
1000 generations ont pris1086secondes
0	p2: 8	p12: 0	HI: 1	fitness: 1
1	p2: 7	p12: 0	HI: 0.875	fitness: 0.386878
2	p2: 7	p12: 1	HI: 0.9375	fitness: 1
3	p2: 6	p12: 0	HI: 0.75	fitness: 0.374494
4	p2: 6	p12: 1	HI: 0.8125	fitness: 0.390417
5	p2: 6	p12: 2	HI: 0.875	fitness: 1
6	p2: 5	p12: 0	HI: 0.625	fitness: 0.369363
7	p2: 5	p12: 1	HI: 0.6875	fitness: 0.378684
8	p2: 5	p12: 2	HI: 0.75	fitness: 0.3946
9	p2: 5	p12: 3	HI: 0.8125	fitness: 1
10	p2: 4	p12: 0	HI: 0.5	fitness: 0.367879
11	p2: 4	p12: 1	HI: 0.5625	fitness: 0.374494
12	p2: 4	p12: 2	HI: 0.625	fitness: 0.383812
13	p2: 4	p12: 3	HI: 0.6875	fitness: 0.399715
14	p2: 4	p12: 4	HI: 0.75	fitness: 1
15	p2: 3	p12: 0	HI: 0.375	fitness: 0.369363
16	p2: 3	p12: 1	HI: 0.4375	fitness: 0.374494
17	p2: 3	p12: 2	HI: 0.5	fitness: 0.381106
18	p2: 3	p12: 3	HI: 0.5625	fitness: 0.390417
19	p2: 3	p12: 4	HI: 0.625	fitness: 0.4063
20	p2: 3	p12: 5	HI: 0.6875	fitness: 1
21	p2: 2	p12: 0	HI: 0.25	fitness: 0.374494
22	p2: 2	p12: 1	HI: 0.3125	fitness: 0.378684
23	p2: 2	p12: 2	HI: 0.375	fitness: 0.383812
24	p2: 2	p12: 3	HI: 0.4375	fitness: 0.390417
25	p2: 2	p12: 4	HI: 0.5	fitness: 0.399715
26	p2: 2	p12: 5	HI: 0.5625	fitness: 0.415561
27	p2: 2	p12: 6	HI: 0.625	fitness: 1
28	p2: 1	p12: 0	HI: 0.125	fitness: 0.386878
29	p2: 1	p12: 1	HI: 0.1875	fitness: 0.390417
30	p2: 1	p12: 2	HI: 0.25	fitness: 0.3946
31	p2: 1	p12: 3	HI: 0.3125	fitness: 0.399715
32	p2: 1	p12: 4	HI: 0.375	fitness: 0.4063
33	p2: 1	p12: 5	HI: 0.4375	fitness: 0.415561
34	p2: 1	p12: 6	HI: 0.5	fitness: 0.431324
35	p2: 1	p12: 7	HI: 0.5625	fitness: 1
36	p2: 0	p12: 0	HI: 0	fitness: 1
37	p2: 0	p12: 1	HI: 0.0625	fitness: 1
38	p2: 0	p12: 2	HI: 0.125	fitness: 1
39	p2: 0	p12: 3	HI: 0.1875	fitness: 1
40	p2: 0	p12: 4	HI: 0.25	fitness: 1
41	p2: 0	p12: 5	HI: 0.3125	fitness: 1
42	p2: 0	p12: 6	HI: 0.375	fitness: 1
43	p2: 0	p12: 7	HI: 0.4375	fitness: 1
44	p2: 0	p12: 8	HI: 0.5	fitness: 1
round: 0	nbSign: 0	last?: 0	accGen: 0
round: 1	nbSign: 4	last?: 0	accGen: 1000
round: 2	nbSign: 9	last?: 0	accGen: 2000
round: 3	nbSign: 15	last?: 0	accGen: 3000
round: 4	nbSign: 20	last?: 0	accGen: 4000
round: 5	nbSign: 26	last?: 0	accGen: 5000
round: 6	nbSign: 31	last?: 0	accGen: 6000
round: 7	nbSign: 37	last?: 0	accGen: 7000
round: 8	nbSign: 41	last?: 0	accGen: 8000
round: 9	nbSign: 47	last?: 0	accGen: 9000
round: 10	nbSign: 52	last?: 0	accGen: 10000
round: 11	nbSign: 57	last?: 0	accGen: 11000
round: 12	nbSign: 62	last?: 0	accGen: 12000
round: 13	nbSign: 67	last?: 0	accGen: 13000
round: 14	nbSign: 72	last?: 0	accGen: 14000
round: 15	nbSign: 77	last?: 0	accGen: 15000
round: 16	nbSign: 82	last?: 0	accGen: 16000
round: 17	nbSign: 85	last?: 0	accGen: 17000
round: 18	nbSign: 89	last?: 0	accGen: 18000
round: 19	nbSign: 93	last?: 0	accGen: 19000
round: 20	nbSign: 98	last?: 0	accGen: 20000
round: 21	nbSign: 101	last?: 1	accGen: 21000
1000 generations ont pris1553secondes
0	p2: 8	p12: 0	HI: 1	fitness: 1
1	p2: 7	p12: 0	HI: 0.875	fitness: 0.386878
2	p2: 7	p12: 1	HI: 0.9375	fitness: 1
3	p2: 6	p12: 0	HI: 0.75	fitness: 0.374494
4	p2: 6	p12: 1	HI: 0.8125	fitness: 0.390417
5	p2: 6	p12: 2	HI: 0.875	fitness: 1
6	p2: 5	p12: 0	HI: 0.625	fitness: 0.369363
7	p2: 5	p12: 1	HI: 0.6875	fitness: 0.378684
8	p2: 5	p12: 2	HI: 0.75	fitness: 0.3946
9	p2: 5	p12: 3	HI: 0.8125	fitness: 1
10	p2: 4	p12: 0	HI: 0.5	fitness: 0.367879
11	p2: 4	p12: 1	HI: 0.5625	fitness: 0.374494
12	p2: 4	p12: 2	HI: 0.625	fitness: 0.383812
13	p2: 4	p12: 3	HI: 0.6875	fitness: 0.399715
14	p2: 4	p12: 4	HI: 0.75	fitness: 1
15	p2: 3	p12: 0	HI: 0.375	fitness: 0.369363
16	p2: 3	p12: 1	HI: 0.4375	fitness: 0.374494
17	p2: 3	p12: 2	HI: 0.5	fitness: 0.381106
18	p2: 3	p12: 3	HI: 0.5625	fitness: 0.390417
19	p2: 3	p12: 4	HI: 0.625	fitness: 0.4063
20	p2: 3	p12: 5	HI: 0.6875	fitness: 1
21	p2: 2	p12: 0	HI: 0.25	fitness: 0.374494
22	p2: 2	p12: 1	HI: 0.3125	fitness: 0.378684
23	p2: 2	p12: 2	HI: 0.375	fitness: 0.383812
24	p2: 2	p12: 3	HI: 0.4375	fitness: 0.390417
25	p2: 2	p12: 4	HI: 0.5	fitness: 0.399715
26	p2: 2	p12: 5	HI: 0.5625	fitness: 0.415561
27	p2: 2	p12: 6	HI: 0.625	fitness: 1
28	p2: 1	p12: 0	HI: 0.125	fitness: 0.386878
29	p2: 1	p12: 1	HI: 0.1875	fitness: 0.390417
30	p2: 1	p12: 2	HI: 0.25	fitness: 0.3946
31	p2: 1	p12: 3	HI: 0.3125	fitness: 0.399715
32	p2: 1	p12: 4	HI: 0.375	fitness: 0.4063
33	p2: 1	p12: 5	HI: 0.4375	fitness: 0.415561
34	p2: 1	p12: 6	HI: 0.5	fitness: 0.431324
35	p2: 1	p12: 7	HI: 0.5625	fitness: 1
36	p2: 0	p12: 0	HI: 0	fitness: 1
37	p2: 0	p12: 1	HI: 0.0625	fitness: 1
38	p2: 0	p12: 2	HI: 0.125	fitness: 1
39	p2: 0	p12: 3	HI: 0.1875	fitness: 1
40	p2: 0	p12: 4	HI: 0.25	fitness: 1
41	p2: 0	p12: 5	HI: 0.3125	fitness: 1
42	p2: 0	p12: 6	HI: 0.375	fitness: 1
43	p2: 0	p12: 7	HI: 0.4375	fitness: 1
44	p2: 0	p12: 8	HI: 0.5	fitness: 1
round: 0	nbSign: 0	last?: 0	accGen: 0
round: 1	nbSign: 4	last?: 0	accGen: 1000
round: 2	nbSign: 8	last?: 0	accGen: 2000
round: 3	nbSign: 13	last?: 0	accGen: 3000
round: 4	nbSign: 18	last?: 0	accGen: 4000
round: 5	nbSign: 23	last?: 0	accGen: 5000
round: 6	nbSign: 30	last?: 0	accGen: 6000
round: 7	nbSign: 35	last?: 0	accGen: 7000
round: 8	nbSign: 40	last?: 0	accGen: 8000
round: 9	nbSign: 45	last?: 0	accGen: 9000
round: 10	nbSign: 50	last?: 0	accGen: 10000
round: 11	nbSign: 54	last?: 0	accGen: 11000
round: 12	nbSign: 58	last?: 0	accGen: 12000
round: 13	nbSign: 63	last?: 0	accGen: 13000
round: 14	nbSign: 68	last?: 0	accGen: 14000
round: 15	nbSign: 73	last?: 0	accGen: 15000
round: 16	nbSign: 77	last?: 0	accGen: 16000
round: 17	nbSign: 83	last?: 0	accGen: 17000
round: 18	nbSign: 88	last?: 0	accGen: 18000
round: 19	nbSign: 93	last?: 0	accGen: 19000
round: 20	nbSign: 97	last?: 0	accGen: 20000
round: 21	nbSign: 100	last?: 0	accGen: 21000
round: 22	nbSign: 104	last?: 1	accGen: 22000
1000 generations ont pris1610secondes
0	p2: 8	p12: 0	HI: 1	fitness: 1
1	p2: 7	p12: 0	HI: 0.875	fitness: 0.386878
2	p2: 7	p12: 1	HI: 0.9375	fitness: 1
3	p2: 6	p12: 0	HI: 0.75	fitness: 0.374494
4	p2: 6	p12: 1	HI: 0.8125	fitness: 0.390417
5	p2: 6	p12: 2	HI: 0.875	fitness: 1
6	p2: 5	p12: 0	HI: 0.625	fitness: 0.369363
7	p2: 5	p12: 1	HI: 0.6875	fitness: 0.378684
8	p2: 5	p12: 2	HI: 0.75	fitness: 0.3946
9	p2: 5	p12: 3	HI: 0.8125	fitness: 1
10	p2: 4	p12: 0	HI: 0.5	fitness: 0.367879
11	p2: 4	p12: 1	HI: 0.5625	fitness: 0.374494
12	p2: 4	p12: 2	HI: 0.625	fitness: 0.383812
13	p2: 4	p12: 3	HI: 0.6875	fitness: 0.399715
14	p2: 4	p12: 4	HI: 0.75	fitness: 1
15	p2: 3	p12: 0	HI: 0.375	fitness: 0.369363
16	p2: 3	p12: 1	HI: 0.4375	fitness: 0.374494
17	p2: 3	p12: 2	HI: 0.5	fitness: 0.381106
18	p2: 3	p12: 3	HI: 0.5625	fitness: 0.390417
19	p2: 3	p12: 4	HI: 0.625	fitness: 0.4063
20	p2: 3	p12: 5	HI: 0.6875	fitness: 1
21	p2: 2	p12: 0	HI: 0.25	fitness: 0.374494
22	p2: 2	p12: 1	HI: 0.3125	fitness: 0.378684
23	p2: 2	p12: 2	HI: 0.375	fitness: 0.383812
24	p2: 2	p12: 3	HI: 0.4375	fitness: 0.390417
25	p2: 2	p12: 4	HI: 0.5	fitness: 0.399715
26	p2: 2	p12: 5	HI: 0.5625	fitness: 0.415561
27	p2: 2	p12: 6	HI: 0.625	fitness: 1
28	p2: 1	p12: 0	HI: 0.125	fitness: 0.386878
29	p2: 1	p12: 1	HI: 0.1875	fitness: 0.390417
30	p2: 1	p12: 2	HI: 0.25	fitness: 0.3946
31	p2: 1	p12: 3	HI: 0.3125	fitness: 0.399715
32	p2: 1	p12: 4	HI: 0.375	fitness: 0.4063
33	p2: 1	p12: 5	HI: 0.4375	fitness: 0.415561
34	p2: 1	p12: 6	HI: 0.5	fitness: 0.431324
35	p2: 1	p12: 7	HI: 0.5625	fitness: 1
36	p2: 0	p12: 0	HI: 0	fitness: 1
37	p2: 0	p12: 1	HI: 0.0625	fitness: 1
38	p2: 0	p12: 2	HI: 0.125	fitness: 1
39	p2: 0	p12: 3	HI: 0.1875	fitness: 1
40	p2: 0	p12: 4	HI: 0.25	fitness: 1
41	p2: 0	p12: 5	HI: 0.3125	fitness: 1
42	p2: 0	p12: 6	HI: 0.375	fitness: 1
43	p2: 0	p12: 7	HI: 0.4375	fitness: 1
44	p2: 0	p12: 8	HI: 0.5	fitness: 1
round: 0	nbSign: 0	last?: 0	accGen: 0
round: 1	nbSign: 3	last?: 0	accGen: 1000
round: 2	nbSign: 8	last?: 0	accGen: 2000
round: 3	nbSign: 12	last?: 0	accGen: 3000
round: 4	nbSign: 18	last?: 0	accGen: 4000
round: 5	nbSign: 25	last?: 0	accGen: 5000
round: 6	nbSign: 30	last?: 0	accGen: 6000
round: 7	nbSign: 36	last?: 0	accGen: 7000
round: 8	nbSign: 39	last?: 0	accGen: 8000
round: 9	nbSign: 44	last?: 0	accGen: 9000
round: 10	nbSign: 48	last?: 0	accGen: 10000
round: 11	nbSign: 52	last?: 0	accGen: 11000
round: 12	nbSign: 59	last?: 0	accGen: 12000
round: 13	nbSign: 65	last?: 0	accGen: 13000
round: 14	nbSign: 70	last?: 0	accGen: 14000
round: 15	nbSign: 76	last?: 0	accGen: 15000
round: 16	nbSign: 80	last?: 0	accGen: 16000
round: 17	nbSign: 84	last?: 0	accGen: 17000
round: 18	nbSign: 90	last?: 0	accGen: 18000
round: 19	nbSign: 94	last?: 0	accGen: 19000
round: 20	nbSign: 99	last?: 0	accGen: 20000
round: 21	nbSign: 104	last?: 1	accGen: 21000
1000 generations ont pris2362secondes
0	p2: 8	p12: 0	HI: 1	fitness: 1
1	p2: 7	p12: 0	HI: 0.875	fitness: 0.386878
2	p2: 7	p12: 1	HI: 0.9375	fitness: 1
3	p2: 6	p12: 0	HI: 0.75	fitness: 0.374494
4	p2: 6	p12: 1	HI: 0.8125	fitness: 0.390417
5	p2: 6	p12: 2	HI: 0.875	fitness: 1
6	p2: 5	p12: 0	HI: 0.625	fitness: 0.369363
7	p2: 5	p12: 1	HI: 0.6875	fitness: 0.378684
8	p2: 5	p12: 2	HI: 0.75	fitness: 0.3946
9	p2: 5	p12: 3	HI: 0.8125	fitness: 1
10	p2: 4	p12: 0	HI: 0.5	fitness: 0.367879
11	p2: 4	p12: 1	HI: 0.5625	fitness: 0.374494
12	p2: 4	p12: 2	HI: 0.625	fitness: 0.383812
13	p2: 4	p12: 3	HI: 0.6875	fitness: 0.399715
14	p2: 4	p12: 4	HI: 0.75	fitness: 1
15	p2: 3	p12: 0	HI: 0.375	fitness: 0.369363
16	p2: 3	p12: 1	HI: 0.4375	fitness: 0.374494
17	p2: 3	p12: 2	HI: 0.5	fitness: 0.381106
18	p2: 3	p12: 3	HI: 0.5625	fitness: 0.390417
19	p2: 3	p12: 4	HI: 0.625	fitness: 0.4063
20	p2: 3	p12: 5	HI: 0.6875	fitness: 1
21	p2: 2	p12: 0	HI: 0.25	fitness: 0.374494
22	p2: 2	p12: 1	HI: 0.3125	fitness: 0.378684
23	p2: 2	p12: 2	HI: 0.375	fitness: 0.383812
24	p2: 2	p12: 3	HI: 0.4375	fitness: 0.390417
25	p2: 2	p12: 4	HI: 0.5	fitness: 0.399715
26	p2: 2	p12: 5	HI: 0.5625	fitness: 0.415561
27	p2: 2	p12: 6	HI: 0.625	fitness: 1
28	p2: 1	p12: 0	HI: 0.125	fitness: 0.386878
29	p2: 1	p12: 1	HI: 0.1875	fitness: 0.390417
30	p2: 1	p12: 2	HI: 0.25	fitness: 0.3946
31	p2: 1	p12: 3	HI: 0.3125	fitness: 0.399715
32	p2: 1	p12: 4	HI: 0.375	fitness: 0.4063
33	p2: 1	p12: 5	HI: 0.4375	fitness: 0.415561
34	p2: 1	p12: 6	HI: 0.5	fitness: 0.431324
35	p2: 1	p12: 7	HI: 0.5625	fitness: 1
36	p2: 0	p12: 0	HI: 0	fitness: 1
37	p2: 0	p12: 1	HI: 0.0625	fitness: 1
38	p2: 0	p12: 2	HI: 0.125	fitness: 1
39	p2: 0	p12: 3	HI: 0.1875	fitness: 1
40	p2: 0	p12: 4	HI: 0.25	fitness: 1
41	p2: 0	p12: 5	HI: 0.3125	fitness: 1
42	p2: 0	p12: 6	HI: 0.375	fitness: 1
43	p2: 0	p12: 7	HI: 0.4375	fitness: 1
44	p2: 0	p12: 8	HI: 0.5	fitness: 1
round: 0	nbSign: 0	last?: 0	accGen: 0
round: 1	nbSign: 3	last?: 0	accGen: 1000
round: 2	nbSign: 9	last?: 0	accGen: 2000
round: 3	nbSign: 12	last?: 0	accGen: 3000
round: 4	nbSign: 18	last?: 0	accGen: 4000
round: 5	nbSign: 22	last?: 0	accGen: 5000
round: 6	nbSign: 26	last?: 0	accGen: 6000
round: 7	nbSign: 30	last?: 0	accGen: 7000
round: 8	nbSign: 35	last?: 0	accGen: 8000
round: 9	nbSign: 40	last?: 0	accGen: 9000
round: 10	nbSign: 46	last?: 0	accGen: 10000
round: 11	nbSign: 52	last?: 0	accGen: 11000
round: 12	nbSign: 56	last?: 0	accGen: 12000
round: 13	nbSign: 60	last?: 0	accGen: 13000
round: 14	nbSign: 64	last?: 0	accGen: 14000
round: 15	nbSign: 70	last?: 0	accGen: 15000
round: 16	nbSign: 75	last?: 0	accGen: 16000
round: 17	nbSign: 79	last?: 0	accGen: 17000
round: 18	nbSign: 84	last?: 0	accGen: 18000
round: 19	nbSign: 91	last?: 0	accGen: 19000
round: 20	nbSign: 95	last?: 0	accGen: 20000
round: 21	nbSign: 102	last?: 1	accGen: 21000
1000 generations ont pris2377secondes
0	p2: 8	p12: 0	HI: 1	fitness: 1
1	p2: 7	p12: 0	HI: 0.875	fitness: 0.386878
2	p2: 7	p12: 1	HI: 0.9375	fitness: 1
3	p2: 6	p12: 0	HI: 0.75	fitness: 0.374494
4	p2: 6	p12: 1	HI: 0.8125	fitness: 0.390417
5	p2: 6	p12: 2	HI: 0.875	fitness: 1
6	p2: 5	p12: 0	HI: 0.625	fitness: 0.369363
7	p2: 5	p12: 1	HI: 0.6875	fitness: 0.378684
8	p2: 5	p12: 2	HI: 0.75	fitness: 0.3946
9	p2: 5	p12: 3	HI: 0.8125	fitness: 1
10	p2: 4	p12: 0	HI: 0.5	fitness: 0.367879
11	p2: 4	p12: 1	HI: 0.5625	fitness: 0.374494
12	p2: 4	p12: 2	HI: 0.625	fitness: 0.383812
13	p2: 4	p12: 3	HI: 0.6875	fitness: 0.399715
14	p2: 4	p12: 4	HI: 0.75	fitness: 1
15	p2: 3	p12: 0	HI: 0.375	fitness: 0.369363
16	p2: 3	p12: 1	HI: 0.4375	fitness: 0.374494
17	p2: 3	p12: 2	HI: 0.5	fitness: 0.381106
18	p2: 3	p12: 3	HI: 0.5625	fitness: 0.390417
19	p2: 3	p12: 4	HI: 0.625	fitness: 0.4063
20	p2: 3	p12: 5	HI: 0.6875	fitness: 1
21	p2: 2	p12: 0	HI: 0.25	fitness: 0.374494
22	p2: 2	p12: 1	HI: 0.3125	fitness: 0.378684
23	p2: 2	p12: 2	HI: 0.375	fitness: 0.383812
24	p2: 2	p12: 3	HI: 0.4375	fitness: 0.390417
25	p2: 2	p12: 4	HI: 0.5	fitness: 0.399715
26	p2: 2	p12: 5	HI: 0.5625	fitness: 0.415561
27	p2: 2	p12: 6	HI: 0.625	fitness: 1
28	p2: 1	p12: 0	HI: 0.125	fitness: 0.386878
29	p2: 1	p12: 1	HI: 0.1875	fitness: 0.390417
30	p2: 1	p12: 2	HI: 0.25	fitness: 0.3946
31	p2: 1	p12: 3	HI: 0.3125	fitness: 0.399715
32	p2: 1	p12: 4	HI: 0.375	fitness: 0.4063
33	p2: 1	p12: 5	HI: 0.4375	fitness: 0.415561
34	p2: 1	p12: 6	HI: 0.5	fitness: 0.431324
35	p2: 1	p12: 7	HI: 0.5625	fitness: 1
36	p2: 0	p12: 0	HI: 0	fitness: 1
37	p2: 0	p12: 1	HI: 0.0625	fitness: 1
38	p2: 0	p12: 2	HI: 0.125	fitness: 1
39	p2: 0	p12: 3	HI: 0.1875	fitness: 1
40	p2: 0	p12: 4	HI: 0.25	fitness: 1
41	p2: 0	p12: 5	HI: 0.3125	fitness: 1
42	p2: 0	p12: 6	HI: 0.375	fitness: 1
43	p2: 0	p12: 7	HI: 0.4375	fitness: 1
44	p2: 0	p12: 8	HI: 0.5	fitness: 1
round: 0	nbSign: 0	last?: 0	accGen: 0
round: 1	nbSign: 4	last?: 0	accGen: 1000
round: 2	nbSign: 8	last?: 0	accGen: 2000
round: 3	nbSign: 13	last?: 0	accGen: 3000
round: 4	nbSign: 17	last?: 0	accGen: 4000
round: 5	nbSign: 23	last?: 0	accGen: 5000
round: 6	nbSign: 27	last?: 0	accGen: 6000
round: 7	nbSign: 32	last?: 0	accGen: 7000
round: 8	nbSign: 36	last?: 0	accGen: 8000
round: 9	nbSign: 42	last?: 0	accGen: 9000
round: 10	nbSign: 47	last?: 0	accGen: 10000
round: 11	nbSign: 51	last?: 0	accGen: 11000
round: 12	nbSign: 57	last?: 0	accGen: 12000
round: 13	nbSign: 61	last?: 0	accGen: 13000
round: 14	nbSign: 68	last?: 0	accGen: 14000
round: 15	nbSign: 73	last?: 0	accGen: 15000
round: 16	nbSign: 77	last?: 0	accGen: 16000
round: 17	nbSign: 82	last?: 0	accGen: 17000
round: 18	nbSign: 87	last?: 0	accGen: 18000
round: 19	nbSign: 92	last?: 0	accGen: 19000
round: 20	nbSign: 96	last?: 0	accGen: 20000
round: 21	nbSign: 101	last?: 1	accGen: 21000
1000 generations ont pris2209secondes
