0	0	0.0235703
0	1	-0.0235703
2	0	-0.0010373
2	1	0.0010373
4	0	-0.0630732
4	1	0.0630732
6	0	0.0122297
6	1	-0.0122297
8	0	-0.0209784
8	1	0.0209784
round: 0	nbSign: 0	last?: 0	accGen: 0
round: 1	nbSign: 6	last?: 0	accGen: 1000
round: 2	nbSign: 11	last?: 1	accGen: 2000
1000 generations ont pris148secondes
0	0	0.0529013
0	1	-0.0529013
2	0	-0.0137454
2	1	0.0137454
4	0	0.0808802
4	1	-0.0808802
6	0	-7.0136e-05
6	1	7.0136e-05
8	0	-0.0275385
8	1	0.0275385
round: 0	nbSign: 0	last?: 0	accGen: 0
round: 1	nbSign: 3	last?: 0	accGen: 1000
round: 2	nbSign: 10	last?: 0	accGen: 2000
round: 3	nbSign: 15	last?: 1	accGen: 3000
1000 generations ont pris279secondes
