0	0	0.0451808
0	1	-0.0451808
2	0	-0.0229662
2	1	0.0229662
4	0	0.0364896
4	1	-0.0364896
6	0	-0.0854025
6	1	0.0854025
8	0	0.0384621
8	1	-0.0384621
round: 0	nbSign: 0	last?: 0	accGen: 0
round: 1	nbSign: 4	last?: 0	accGen: 1000
round: 2	nbSign: 9	last?: 0	accGen: 2000
round: 3	nbSign: 14	last?: 1	accGen: 3000
1000 generations ont pris197secondes
0	0	0.0255238
0	1	-0.0255238
2	0	-0.0935701
2	1	0.0935701
4	0	-0.0319716
4	1	0.0319716
6	0	-0.00722909
6	1	0.00722909
8	0	0.0371371
8	1	-0.0371371
round: 0	nbSign: 0	last?: 0	accGen: 0
round: 1	nbSign: 3	last?: 0	accGen: 1000
round: 2	nbSign: 11	last?: 1	accGen: 2000
1000 generations ont pris149secondes
