0	0	0.0425246
0	1	-0.0425246
2	0	0.0402994
2	1	-0.0402994
4	0	0.104974
4	1	-0.104974
6	0	0.0627712
6	1	-0.0627712
8	0	-0.0709006
8	1	0.0709006
round: 0	nbSign: 0	last?: 0	accGen: 0
round: 1	nbSign: 3	last?: 0	accGen: 1000
round: 2	nbSign: 8	last?: 0	accGen: 2000
round: 3	nbSign: 14	last?: 1	accGen: 3000
1000 generations ont pris279secondes
0	0	0.00543544
0	1	-0.00543544
2	0	-0.0932919
2	1	0.0932919
4	0	0.061018
4	1	-0.061018
6	0	0.0492882
6	1	-0.0492882
8	0	0.000920751
8	1	-0.000920751
round: 0	nbSign: 0	last?: 0	accGen: 0
round: 1	nbSign: 4	last?: 0	accGen: 1000
round: 2	nbSign: 11	last?: 1	accGen: 2000
1000 generations ont pris318secondes
