0	0	0.0209929
0	1	0.0499751
0	2	0.0231285
0	3	-0.04649
0	4	-0.014301
0	5	0.0314657
0	6	-0.0626798
0	7	-0.00209133
8	0	-0.0365874
8	1	0.0132672
8	2	0.0296026
8	3	0.0368389
8	4	-0.0593169
8	5	0.0456868
8	6	-0.0313414
8	7	0.0018502
16	0	-0.0604529
16	1	0.00112932
16	2	0.00585522
16	3	0.055851
16	4	-0.015494
16	5	0.0301192
16	6	-0.0153459
16	7	-0.00166195
24	0	-0.00389375
24	1	0.0172958
24	2	0.0250542
24	3	-0.0378224
24	4	0.00738643
24	5	-0.0136411
24	6	-0.0166522
24	7	0.0222731
32	0	0.069314
32	1	-0.00831615
32	2	-0.0687706
32	3	-0.0395453
32	4	-0.0412186
32	5	0.038488
32	6	0.0269975
32	7	0.0230511
round: 0	nbSign: 0	last?: 0	accGen: 0
round: 1	nbSign: 3	last?: 0	accGen: 1000
round: 2	nbSign: 10	last?: 0	accGen: 2000
round: 3	nbSign: 16	last?: 1	accGen: 3000
1000 generations ont pris203secondes
0	0	0.0182886
0	1	0.0375684
0	2	5.93434e-05
0	3	-0.00184846
0	4	-0.0418772
0	5	-0.0118046
0	6	0.0337071
0	7	-0.0340932
8	0	0.00367234
8	1	-0.0363116
8	2	0.00909412
8	3	0.0129728
8	4	0.0254924
8	5	-0.0366807
8	6	0.0123857
8	7	0.00937503
16	0	0.0244252
16	1	-0.0357065
16	2	0.0159946
16	3	-0.0180936
16	4	-0.0572565
16	5	0.00519734
16	6	0.0368334
16	7	0.028606
24	0	-0.0747547
24	1	0.0104043
24	2	0.046314
24	3	-0.026563
24	4	0.0525226
24	5	0.00699753
24	6	-0.0218234
24	7	0.00690271
32	0	-0.00954397
32	1	0.0197817
32	2	0.0171291
32	3	0.0176749
32	4	0.0374622
32	5	-0.0392759
32	6	-0.0282163
32	7	-0.0150117
round: 0	nbSign: 0	last?: 0	accGen: 0
round: 1	nbSign: 3	last?: 0	accGen: 1000
round: 2	nbSign: 9	last?: 0	accGen: 2000
round: 3	nbSign: 14	last?: 1	accGen: 3000
1000 generations ont pris287secondes
