0	0	-0.0262264
0	1	0.0333683
0	2	0.0187392
0	3	-0.00409515
0	4	-0.0221526
0	5	0.0232293
0	6	-0.0423877
0	7	0.019525
8	0	0.0191827
8	1	-0.0146397
8	2	-0.0271648
8	3	0.0420878
8	4	0.0278392
8	5	0.0105537
8	6	-0.0135673
8	7	-0.0442917
16	0	0.00478999
16	1	0.0247734
16	2	-0.000605231
16	3	0.0316002
16	4	0.0366066
16	5	-0.0744162
16	6	0.0164179
16	7	-0.0391666
24	0	-0.0700818
24	1	0.0355354
24	2	0.0158326
24	3	-0.0342892
24	4	0.00340386
24	5	0.0255961
24	6	0.0160261
24	7	0.00797686
32	0	-0.0168546
32	1	0.0193995
32	2	-0.0750303
32	3	-0.00448797
32	4	0.00704609
32	5	0.0496766
32	6	0.00407802
32	7	0.0161726
round: 0	nbSign: 0	last?: 0	accGen: 0
round: 1	nbSign: 4	last?: 0	accGen: 1000
round: 2	nbSign: 10	last?: 0	accGen: 2000
round: 3	nbSign: 16	last?: 1	accGen: 3000
1000 generations ont pris420secondes
0	0	0.0319996
0	1	-0.083292
0	2	0.0600003
0	3	0.0173048
0	4	-0.0120881
0	5	0.038025
0	6	-0.0410722
0	7	-0.0108774
8	0	-0.00642441
8	1	0.0575109
8	2	-0.0318601
8	3	0.000492812
8	4	-0.00194527
8	5	0.0350336
8	6	-0.0432138
8	7	-0.00959367
16	0	0.0411737
16	1	-0.0193518
16	2	0.029516
16	3	-0.00966313
16	4	-0.0661754
16	5	-0.00480399
16	6	-0.000659077
16	7	0.0299637
24	0	-0.00277136
24	1	0.0400484
24	2	-0.0319314
24	3	0.0559202
24	4	-0.00375472
24	5	-0.0314827
24	6	0.00787293
24	7	-0.0339014
32	0	-0.00102601
32	1	0.00827
32	2	0.0283309
32	3	0.0192893
32	4	-0.0337852
32	5	-0.0308574
32	6	0.00617334
32	7	0.00360508
round: 0	nbSign: 0	last?: 0	accGen: 0
round: 1	nbSign: 3	last?: 0	accGen: 1000
round: 2	nbSign: 7	last?: 0	accGen: 2000
round: 3	nbSign: 12	last?: 0	accGen: 3000
round: 4	nbSign: 18	last?: 0	accGen: 4000
round: 5	nbSign: 24	last?: 0	accGen: 5000
round: 6	nbSign: 34	last?: 0	accGen: 6000
round: 7	nbSign: 44	last?: 0	accGen: 7000
round: 8	nbSign: 54	last?: 0	accGen: 8000
round: 9	nbSign: 64	last?: 0	accGen: 9000
round: 10	nbSign: 74	last?: 0	accGen: 10000
round: 11	nbSign: 84	last?: 0	accGen: 11000
round: 12	nbSign: 94	last?: 0	accGen: 12000
round: 13	nbSign: 104	last?: 1	accGen: 13000
1000 generations ont pris998secondes
