0	0	-0.0424569
0	1	0.0335732
0	2	-0.0481004
0	3	0.0316785
0	4	0.0340431
0	5	-0.0397143
0	6	0.0123707
0	7	0.0186062
8	0	-0.00474691
8	1	-0.035083
8	2	0.0126667
8	3	-0.0375301
8	4	-0.0591356
8	5	0.040724
8	6	0.0434433
8	7	0.0396616
16	0	0.0300588
16	1	0.0148894
16	2	-0.0165518
16	3	-0.0531546
16	4	0.0270611
16	5	-0.0116682
16	6	0.00372603
16	7	0.0056392
24	0	-0.0188461
24	1	-0.0600633
24	2	0.041781
24	3	0.0245138
24	4	-0.0122032
24	5	0.00213232
24	6	-0.016227
24	7	0.0389124
32	0	-0.0348518
32	1	-0.0320303
32	2	-0.00943853
32	3	-0.0414289
32	4	0.0352145
32	5	0.0487791
32	6	-0.00421281
32	7	0.0379687
round: 0	nbSign: 0	last?: 0	accGen: 0
round: 1	nbSign: 5	last?: 0	accGen: 1000
round: 2	nbSign: 10	last?: 0	accGen: 2000
round: 3	nbSign: 14	last?: 1	accGen: 3000
1000 generations ont pris287secondes
0	0	0.0400732
0	1	0.0227808
0	2	0.0102138
0	3	-0.0257935
0	4	0.0127848
0	5	-0.0381614
0	6	0.00891335
0	7	-0.030811
8	0	0.0705014
8	1	0.0536264
8	2	-0.0387601
8	3	-0.0945353
8	4	0.0191376
8	5	-0.0251225
8	6	0.00605896
8	7	0.00909368
16	0	-0.0038733
16	1	0.0345863
16	2	-0.019615
16	3	0.00579848
16	4	-0.012351
16	5	-0.0197486
16	6	0.0293539
16	7	-0.0141508
24	0	0.0507201
24	1	-0.00884097
24	2	-0.0335823
24	3	0.00710658
24	4	-0.0298957
24	5	-0.00296351
24	6	0.0415093
24	7	-0.0240535
32	0	0.0171025
32	1	-0.000636486
32	2	0.00306029
32	3	-0.0346785
32	4	0.0189844
32	5	-0.0123112
32	6	0.000674476
32	7	0.00780456
round: 0	nbSign: 0	last?: 0	accGen: 0
round: 1	nbSign: 1	last?: 0	accGen: 1000
round: 2	nbSign: 5	last?: 0	accGen: 2000
round: 3	nbSign: 11	last?: 0	accGen: 3000
round: 4	nbSign: 18	last?: 0	accGen: 4000
round: 5	nbSign: 24	last?: 0	accGen: 5000
round: 6	nbSign: 34	last?: 0	accGen: 6000
round: 7	nbSign: 44	last?: 0	accGen: 7000
round: 8	nbSign: 54	last?: 0	accGen: 8000
round: 9	nbSign: 64	last?: 0	accGen: 9000
round: 10	nbSign: 74	last?: 0	accGen: 10000
round: 11	nbSign: 84	last?: 0	accGen: 11000
round: 12	nbSign: 94	last?: 0	accGen: 12000
round: 13	nbSign: 104	last?: 1	accGen: 13000
1000 generations ont pris706secondes
