0	0	0.00961699
0	1	0.0544858
0	2	-0.037756
0	3	-0.0355132
0	4	-0.0213728
0	5	-0.00789403
0	6	0.00970897
0	7	0.0287243
8	0	0.0177306
8	1	0.0195083
8	2	-0.0831445
8	3	-0.0216009
8	4	0.0564974
8	5	0.0177396
8	6	-0.0137407
8	7	0.00701009
16	0	-0.0516201
16	1	0.00693378
16	2	-0.00702237
16	3	-0.000311696
16	4	0.0113594
16	5	0.0355211
16	6	-0.00699257
16	7	0.0121325
24	0	0.0488387
24	1	0.00273129
24	2	-0.0520114
24	3	0.0106576
24	4	-0.0260405
24	5	-0.00355998
24	6	0.0148255
24	7	0.0045588
32	0	-0.00137024
32	1	-0.00343939
32	2	-0.0338125
32	3	0.0387331
32	4	-0.0351124
32	5	0.0402686
32	6	0.0262874
32	7	-0.0315545
round: 0	nbSign: 0	last?: 0	accGen: 0
round: 1	nbSign: 4	last?: 0	accGen: 1000
round: 2	nbSign: 7	last?: 0	accGen: 2000
round: 3	nbSign: 12	last?: 1	accGen: 3000
1000 generations ont pris426secondes
0	0	-0.0227797
0	1	-0.0418503
0	2	0.0180963
0	3	0.0336667
0	4	0.0102642
0	5	0.000129936
0	6	-0.00545737
0	7	0.00793014
8	0	0.0423979
8	1	-0.0231763
8	2	0.0346855
8	3	0.0484769
8	4	-0.064175
8	5	-0.0372
8	6	-0.0338167
8	7	0.0328077
16	0	0.0469388
16	1	0.00434138
16	2	-0.0247126
16	3	0.0205955
16	4	-0.0170111
16	5	-0.00390447
16	6	-0.0345252
16	7	0.00827762
24	0	-0.0213862
24	1	0.0589957
24	2	0.0197194
24	3	-0.0287682
24	4	0.0106318
24	5	-0.00696719
24	6	0.00272779
24	7	-0.0349531
32	0	-0.0463874
32	1	-0.0207482
32	2	0.0482886
32	3	0.00347158
32	4	0.0250251
32	5	-0.0116455
32	6	0.0121924
32	7	-0.0101966
round: 0	nbSign: 0	last?: 0	accGen: 0
round: 1	nbSign: 4	last?: 0	accGen: 1000
round: 2	nbSign: 11	last?: 1	accGen: 2000
1000 generations ont pris152secondes
