0	0	-0.0104501
0	1	0.062024
0	2	-0.0177789
0	3	0.030191
0	4	-0.0197536
0	5	-0.0418764
0	6	-0.0187444
0	7	0.0163884
8	0	0.00704711
8	1	0.000437272
8	2	0.00472073
8	3	-0.0314964
8	4	0.00508888
8	5	-0.0095173
8	6	0.032547
8	7	-0.00882727
16	0	-0.00780822
16	1	0.0160161
16	2	0.00557795
16	3	0.0295079
16	4	0.0164107
16	5	-0.0554384
16	6	0.00861217
16	7	-0.0128783
24	0	0.0271731
24	1	0.0085634
24	2	-0.0573443
24	3	-0.0172228
24	4	0.0443995
24	5	0.00906838
24	6	-0.0111929
24	7	-0.00344439
32	0	0.0451527
32	1	-0.0812122
32	2	0.00491133
32	3	0.0649233
32	4	0.00118271
32	5	0.00468774
32	6	-0.0166209
32	7	-0.0230247
round: 0	nbSign: 0	last?: 0	accGen: 0
round: 1	nbSign: 4	last?: 0	accGen: 1000
round: 2	nbSign: 9	last?: 0	accGen: 2000
round: 3	nbSign: 16	last?: 1	accGen: 3000
1000 generations ont pris284secondes
0	0	0.00939019
0	1	0.0218928
0	2	-0.0290126
0	3	-0.0397746
0	4	0.0288474
0	5	0.0304738
0	6	-0.0319356
0	7	0.0101187
8	0	0.00852517
8	1	0.0591807
8	2	-0.0552813
8	3	-0.0271969
8	4	0.00108827
8	5	0.0127376
8	6	-0.00747824
8	7	0.00842471
16	0	0.022934
16	1	0.0278502
16	2	-0.0770367
16	3	-0.0231003
16	4	0.0218463
16	5	-8.45579e-05
16	6	0.0200847
16	7	0.00750638
24	0	0.0412398
24	1	0.0382797
24	2	-0.050535
24	3	0.0221561
24	4	-0.0105781
24	5	0.0067771
24	6	-0.0341444
24	7	-0.0131951
32	0	-0.00292369
32	1	0.00667383
32	2	0.0181338
32	3	-0.0524476
32	4	-0.00410202
32	5	0.0293045
32	6	-0.00564208
32	7	0.0110034
round: 0	nbSign: 0	last?: 0	accGen: 0
round: 1	nbSign: 3	last?: 0	accGen: 1000
round: 2	nbSign: 9	last?: 0	accGen: 2000
round: 3	nbSign: 14	last?: 1	accGen: 3000
1000 generations ont pris200secondes
