0	0	0.0452318
0	1	0.0184436
0	2	-0.0270594
0	3	-0.00162517
0	4	-0.00540539
0	5	-0.042584
0	6	0.0105725
0	7	0.00242604
8	0	-0.0186865
8	1	-0.00768143
8	2	0.0129082
8	3	0.0371657
8	4	-0.0229781
8	5	0.0138335
8	6	0.00577229
8	7	-0.0203337
16	0	0.0200657
16	1	-0.00862318
16	2	-0.0477318
16	3	-0.00545223
16	4	-0.0139242
16	5	0.0341772
16	6	0.0415433
16	7	-0.0200547
24	0	-0.0165985
24	1	-0.0308486
24	2	-0.0323122
24	3	0.0600713
24	4	0.011941
24	5	0.0187786
24	6	-0.0138446
24	7	0.00281286
32	0	0.0114059
32	1	-0.0330739
32	2	-0.0217561
32	3	0.000665921
32	4	0.0155226
32	5	0.0452832
32	6	0.0274789
32	7	-0.0455266
round: 0	nbSign: 0	last?: 0	accGen: 0
round: 1	nbSign: 0	last?: 0	accGen: 100
round: 2	nbSign: 4	last?: 0	accGen: 200
round: 3	nbSign: 8	last?: 0	accGen: 300
round: 4	nbSign: 13	last?: 1	accGen: 400
100 generations ont pris1secondes
