0	0	-0.0228902
0	1	0.0150552
0	2	-0.00462629
0	3	0.00290056
0	4	0.0332315
0	5	-0.0298211
0	6	-0.0187513
0	7	0.0249016
8	0	-0.00530108
8	1	-0.0591458
8	2	-0.00907576
8	3	-0.00898518
8	4	0.00966001
8	5	0.0123374
8	6	0.0431097
8	7	0.0174007
16	0	-0.0146672
16	1	0.0139155
16	2	0.0298945
16	3	-0.0182478
16	4	0.0132011
16	5	-0.0180032
16	6	0.00988129
16	7	-0.0159741
24	0	-0.0219693
24	1	-0.00464008
24	2	0.0800041
24	3	-0.00251675
24	4	-0.0757872
24	5	0.0270726
24	6	-0.0188465
24	7	0.016683
32	0	-0.0161921
32	1	-0.00954733
32	2	0.0174746
32	3	0.0256061
32	4	-0.0422871
32	5	-0.00677217
32	6	0.0151353
32	7	0.0165828
round: 0	nbSign: 0	last?: 0	accGen: 0
round: 1	nbSign: 0	last?: 0	accGen: 100
round: 2	nbSign: 5	last?: 0	accGen: 200
round: 3	nbSign: 12	last?: 1	accGen: 300
100 generations ont pris1secondes
