0	0	0.0230398
0	1	0.0424496
0	2	0.0234243
0	3	0.00931525
0	4	-0.0120009
0	5	-0.0256106
0	6	-0.0610694
0	7	0.000451922
8	0	-0.00706048
8	1	0.03458
8	2	-0.0109309
8	3	-0.0743189
8	4	0.00201556
8	5	0.0725847
8	6	0.0190803
8	7	-0.0359504
16	0	-0.0341605
16	1	-0.0186264
16	2	0.0424885
16	3	0.019482
16	4	0.0362088
16	5	-0.0245677
16	6	0.00774624
16	7	-0.0285709
24	0	0.0047996
24	1	-0.00549444
24	2	-0.0140601
24	3	0.00949156
24	4	0.0772237
24	5	-0.0615702
24	6	0.0171787
24	7	-0.0275688
32	0	-0.00914888
32	1	-0.0116476
32	2	-0.0533328
32	3	0.0513529
32	4	0.00370291
32	5	0.0333952
32	6	-0.0408657
32	7	0.0265439
round: 0	nbSign: 0	last?: 0	accGen: 0
round: 1	nbSign: 0	last?: 0	accGen: 100
round: 2	nbSign: 7	last?: 0	accGen: 200
round: 3	nbSign: 12	last?: 1	accGen: 300
100 generations ont pris1secondes
