/opt/gridengine/default/spool/compute-0-32/job_scripts/5342306: line 28: 45344 Segmentation fault      (core dumped) singularity exec /home/hschneemann/ubuntu_Hdf5_Boost.simg ./a.out paramfiles/param_l8k6a0.5n2F1.txt
/opt/gridengine/default/spool/compute-0-32/job_scripts/5342330: line 28: 46476 Segmentation fault      (core dumped) singularity exec /home/hschneemann/ubuntu_Hdf5_Boost.simg ./a.out paramfiles/param_l8k6a0.5n2F1.txt
0 8
1 8
2 8
3 8
4 8
5 8
6 8
7 8
8 generations ont pris 6 secondes
0 4503
1 4503
2 4503
3 4503
4 4503
5 4503
6 4503
7 4503
8 4503
9 4503
10 4503
11 4503
12 4503
13 4503
14 4503
15 4503
16 4503
17 4503
18 4503
19 4503
20 4503
21 4503
22 4503
23 4503
24 4503
25 4503
26 4503
27 4503
28 4503
29 4503
30 4503
31 4503
32 4503
33 4503
34 4503
35 4503
36 4503
37 4503
38 4503
39 4503
40 4503
41 4503
42 4503
43 4503
44 4503
45 4503
46 4503
47 4503
48 4503
49 4503
50 4503
51 4503
52 4503
53 4503
54 4503
55 4503
56 4503
57 4503
58 4503
59 4503
60 4503
61 4503
62 4503
63 4503
64 4503
65 4503
66 4503
67 4503
68 4503
69 4503
70 4503
71 4503
72 4503
73 4503
74 4503
75 4503
76 4503
77 4503
78 4503
79 4503
80 4503
81 4503
82 4503
83 4503
84 4503
85 4503
86 4503
87 4503
88 4503
89 4503
90 4503
91 4503
92 4503
93 4503
94 4503
95 4503
96 4503
97 4503
98 4503
99 4503
100 4503
101 4503
102 4503
103 4503
104 4503
105 4503
106 4503
107 4503
108 4503
109 4503
110 4503
111 4503
112 4503
113 4503
114 4503
115 4503
116 4503
117 4503
118 4503
119 4503
120 4503
121 4503
122 4503
123 4503
124 4503
125 4503
126 4503
127 4503
128 4503
129 4503
130 4503
131 4503
132 4503
133 4503
134 4503
135 4503
136 4503
137 4503
138 4503
139 4503
140 4503
141 4503
142 4503
143 4503
144 4503
145 4503
146 4503
147 4503
148 4503
149 4503
150 4503
151 4503
152 4503
153 4503
154 4503
155 4503
156 4503
157 4503
158 4503
159 4503
160 4503
161 4503
162 4503
163 4503
164 4503
165 4503
166 4503
167 4503
168 4503
169 4503
170 4503
171 4503
172 4503
173 4503
174 4503
175 4503
176 4503
177 4503
178 4503
179 4503
180 4503
181 4503
182 4503
183 4503
184 4503
185 4503
186 4503
187 4503
188 4503
189 4503
190 4503
191 4503
192 4503
193 4503
194 4503
195 4503
196 4503
197 4503
198 4503
199 4503
200 4503
201 4503
202 4503
203 4503
204 4503
205 4503
206 4503
207 4503
208 4503
209 4503
210 4503
211 4503
212 4503
213 4503
214 4503
215 4503
216 4503
217 4503
218 4503
219 4503
220 4503
221 4503
222 4503
223 4503
224 4503
225 4503
226 4503
227 4503
228 4503
229 4503
230 4503
231 4503
232 4503
233 4503
234 4503
235 4503
236 4503
237 4503
238 4503
239 4503
240 4503
241 4503
242 4503
243 4503
244 4503
245 4503
246 4503
247 4503
248 4503
249 4503
250 4503
251 4503
252 4503
253 4503
254 4503
255 4503
256 4503
257 4503
258 4503
259 4503
260 4503
261 4503
262 4503
263 4503
264 4503
265 4503
266 4503
267 4503
268 4503
269 4503
270 4503
271 4503
272 4503
273 4503
274 4503
275 4503
276 4503
277 4503
278 4503
279 4503
280 4503
281 4503
282 4503
283 4503
284 4503
285 4503
286 4503
287 4503
288 4503
289 4503
290 4503
291 4503
292 4503
293 4503
294 4503
295 4503
296 4503
297 4503
298 4503
299 4503
300 4503
301 4503
302 4503
303 4503
304 4503
305 4503
306 4503
307 4503
308 4503
309 4503
310 4503
311 4503
312 4503
313 4503
314 4503
315 4503
316 4503
317 4503
318 4503
319 4503
320 4503
321 4503
322 4503
323 4503
324 4503
325 4503
326 4503
327 4503
328 4503
329 4503
330 4503
331 4503
332 4503
333 4503
334 4503
335 4503
336 4503
337 4503
338 4503
339 4503
340 4503
341 4503
342 4503
343 4503
344 4503
345 4503
346 4503
347 4503
348 4503
349 4503
350 4503
351 4503
352 4503
353 4503
354 4503
355 4503
356 4503
357 4503
358 4503
359 4503
360 4503
361 4503
362 4503
363 4503
364 4503
365 4503
366 4503
367 4503
368 4503
369 4503
370 4503
371 4503
372 4503
373 4503
374 4503
375 4503
376 4503
377 4503
378 4503
379 4503
380 4503
381 4503
382 4503
383 4503
384 4503
385 4503
386 4503
387 4503
388 4503
389 4503
390 4503
391 4503
392 4503
393 4503
394 4503
395 4503
396 4503
397 4503
398 4503
399 4503
400 4503
401 4503
402 4503
403 4503
404 4503
405 4503
406 4503
407 4503
408 4503
409 4503
410 4503
411 4503
412 4503
413 4503
414 4503
415 4503
416 4503
417 4503
418 4503
419 4503
420 4503
421 4503
422 4503
423 4503
424 4503
425 4503
426 4503
427 4503
428 4503
429 4503
430 4503
431 4503
432 4503
433 4503
434 4503
435 4503
436 4503
437 4503
438 4503
439 4503
440 4503
441 4503
442 4503
443 4503
444 4503
445 4503
446 4503
447 4503
448 4503
449 4503
450 4503
451 4503
452 4503
453 4503
454 4503
455 4503
456 4503
457 4503
458 4503
459 4503
460 4503
461 4503
462 4503
463 4503
464 4503
465 4503
466 4503
467 4503
468 4503
469 4503
470 4503
471 4503
472 4503
473 4503
474 4503
475 4503
476 4503
477 4503
478 4503
479 4503
480 4503
481 4503
482 4503
483 4503
484 4503
485 4503
486 4503
487 4503
488 4503
489 4503
490 4503
491 4503
492 4503
493 4503
494 4503
495 4503
496 4503
497 4503
498 4503
499 4503
500 4503
501 4503
502 4503
503 4503
504 4503
505 4503
506 4503
507 4503
508 4503
509 4503
510 4503
511 4503
512 4503
513 4503
514 4503
515 4503
516 4503
517 4503
518 4503
519 4503
520 4503
521 4503
522 4503
523 4503
524 4503
525 4503
526 4503
527 4503
528 4503
529 4503
530 4503
531 4503
532 4503
533 4503
534 4503
535 4503
536 4503
537 4503
538 4503
539 4503
540 4503
541 4503
542 4503
543 4503
544 4503
545 4503
546 4503
547 4503
548 4503
549 4503
550 4503
551 4503
552 4503
553 4503
554 4503
555 4503
556 4503
557 4503
558 4503
559 4503
560 4503
561 4503
562 4503
563 4503
564 4503
565 4503
566 4503
567 4503
568 4503
569 4503
570 4503
571 4503
572 4503
573 4503
574 4503
575 4503
576 4503
577 4503
578 4503
579 4503
580 4503
581 4503
582 4503
583 4503
584 4503
585 4503
586 4503
587 4503
588 4503
589 4503
590 4503
591 4503
592 4503
593 4503
594 4503
595 4503
596 4503
597 4503
598 4503
599 4503
600 4503
601 4503
602 4503
603 4503
604 4503
605 4503
606 4503
607 4503
608 4503
609 4503
610 4503
611 4503
612 4503
613 4503
614 4503
615 4503
616 4503
617 4503
618 4503
619 4503
620 4503
621 4503
622 4503
623 4503
624 4503
625 4503
626 4503
627 4503
628 4503
629 4503
630 4503
631 4503
632 4503
633 4503
634 4503
635 4503
636 4503
637 4503
638 4503
639 4503
640 4503
641 4503
642 4503
643 4503
644 4503
645 4503
646 4503
647 4503
648 4503
649 4503
650 4503
651 4503
652 4503
653 4503
654 4503
655 4503
656 4503
657 4503
658 4503
659 4503
660 4503
661 4503
662 4503
663 4503
664 4503
665 4503
666 4503
667 4503
668 4503
669 4503
670 4503
671 4503
672 4503
673 4503
674 4503
675 4503
676 4503
677 4503
678 4503
679 4503
680 4503
681 4503
682 4503
683 4503
684 4503
685 4503
686 4503
687 4503
688 4503
689 4503
690 4503
691 4503
692 4503
693 4503
694 4503
695 4503
696 4503
697 4503
698 4503
699 4503
700 4503
701 4503
702 4503
703 4503
704 4503
705 4503
706 4503
707 4503
708 4503
709 4503
710 4503
711 4503
712 4503
713 4503
714 4503
715 4503
716 4503
717 4503
718 4503
719 4503
720 4503
721 4503
722 4503
723 4503
724 4503
725 4503
726 4503
727 4503
728 4503
729 4503
730 4503
731 4503
732 4503
733 4503
734 4503
735 4503
736 4503
737 4503
738 4503
739 4503
740 4503
741 4503
742 4503
743 4503
744 4503
745 4503
746 4503
747 4503
748 4503
749 4503
750 4503
751 4503
752 4503
753 4503
754 4503
755 4503
756 4503
757 4503
758 4503
759 4503
760 4503
761 4503
762 4503
763 4503
764 4503
765 4503
766 4503
767 4503
768 4503
769 4503
770 4503
771 4503
772 4503
773 4503
774 4503
775 4503
776 4503
777 4503
778 4503
779 4503
780 4503
781 4503
782 4503
783 4503
784 4503
785 4503
786 4503
787 4503
788 4503
789 4503
790 4503
791 4503
792 4503
793 4503
794 4503
795 4503
796 4503
797 4503
798 4503
799 4503
800 4503
801 4503
802 4503
803 4503
804 4503
805 4503
806 4503
807 4503
808 4503
809 4503
810 4503
811 4503
812 4503
813 4503
814 4503
815 4503
816 4503
817 4503
818 4503
819 4503
820 4503
821 4503
822 4503
823 4503
824 4503
825 4503
826 4503
827 4503
828 4503
829 4503
830 4503
831 4503
832 4503
833 4503
834 4503
835 4503
836 4503
837 4503
838 4503
839 4503
840 4503
841 4503
842 4503
843 4503
844 4503
845 4503
846 4503
847 4503
848 4503
849 4503
850 4503
851 4503
852 4503
853 4503
854 4503
855 4503
856 4503
857 4503
858 4503
859 4503
860 4503
861 4503
862 4503
863 4503
864 4503
865 4503
866 4503
867 4503
868 4503
869 4503
870 4503
871 4503
872 4503
873 4503
874 4503
875 4503
876 4503
877 4503
878 4503
879 4503
880 4503
881 4503
882 4503
883 4503
884 4503
885 4503
886 4503
887 4503
888 4503
889 4503
890 4503
891 4503
892 4503
893 4503
894 4503
895 4503
896 4503
897 4503
898 4503
899 4503
900 4503
901 4503
902 4503
903 4503
904 4503
905 4503
906 4503
907 4503
908 4503
909 4503
910 4503
911 4503
912 4503
913 4503
914 4503
915 4503
916 4503
917 4503
918 4503
919 4503
920 4503
921 4503
922 4503
923 4503
924 4503
925 4503
926 4503
927 4503
928 4503
929 4503
930 4503
931 4503
932 4503
933 4503
934 4503
935 4503
936 4503
937 4503
938 4503
939 4503
940 4503
941 4503
942 4503
943 4503
944 4503
945 4503
946 4503
947 4503
948 4503
949 4503
950 4503
951 4503
952 4503
953 4503
954 4503
955 4503
956 4503
957 4503
958 4503
959 4503
960 4503
961 4503
962 4503
963 4503
964 4503
965 4503
966 4503
967 4503
968 4503
969 4503
970 4503
971 4503
972 4503
973 4503
974 4503
975 4503
976 4503
977 4503
978 4503
979 4503
980 4503
981 4503
982 4503
983 4503
984 4503
985 4503
986 4503
987 4503
988 4503
989 4503
990 4503
991 4503
992 4503
993 4503
994 4503
995 4503
996 4503
997 4503
998 4503
999 4503
1000 4503
1001 4503
1002 4503
1003 4503
1004 4503
1005 4503
1006 4503
1007 4503
1008 4503
1009 4503
1010 4503
1011 4503
1012 4503
1013 4503
1014 4503
1015 4503
1016 4503
1017 4503
1018 4503
1019 4503
1020 4503
1021 4503
1022 4503
1023 4503
1024 4503
1025 4503
1026 4503
1027 4503
1028 4503
1029 4503
1030 4503
1031 4503
1032 4503
1033 4503
1034 4503
1035 4503
1036 4503
1037 4503
1038 4503
1039 4503
1040 4503
1041 4503
1042 4503
1043 4503
1044 4503
1045 4503
1046 4503
1047 4503
1048 4503
1049 4503
1050 4503
1051 4503
1052 4503
1053 4503
1054 4503
1055 4503
1056 4503
1057 4503
1058 4503
1059 4503
1060 4503
1061 4503
1062 4503
1063 4503
1064 4503
1065 4503
1066 4503
1067 4503
1068 4503
1069 4503
1070 4503
1071 4503
1072 4503
1073 4503
1074 4503
1075 4503
1076 4503
1077 4503
1078 4503
1079 4503
1080 4503
1081 4503
1082 4503
1083 4503
1084 4503
1085 4503
1086 4503
1087 4503
1088 4503
1089 4503
1090 4503
1091 4503
1092 4503
1093 4503
1094 4503
1095 4503
1096 4503
1097 4503
1098 4503
1099 4503
1100 4503
1101 4503
1102 4503
1103 4503
1104 4503
1105 4503
1106 4503
1107 4503
1108 4503
1109 4503
1110 4503
1111 4503
1112 4503
1113 4503
1114 4503
1115 4503
1116 4503
1117 4503
1118 4503
1119 4503
1120 4503
1121 4503
1122 4503
1123 4503
1124 4503
1125 4503
1126 4503
1127 4503
1128 4503
1129 4503
1130 4503
1131 4503
1132 4503
1133 4503
1134 4503
1135 4503
1136 4503
1137 4503
1138 4503
1139 4503
1140 4503
1141 4503
1142 4503
1143 4503
1144 4503
1145 4503
1146 4503
1147 4503
1148 4503
1149 4503
1150 4503
1151 4503
1152 4503
1153 4503
1154 4503
1155 4503
1156 4503
1157 4503
1158 4503
1159 4503
1160 4503
1161 4503
1162 4503
1163 4503
1164 4503
1165 4503
1166 4503
1167 4503
1168 4503
1169 4503
1170 4503
1171 4503
1172 4503
1173 4503
1174 4503
1175 4503
1176 4503
1177 4503
1178 4503
1179 4503
1180 4503
1181 4503
1182 4503
1183 4503
1184 4503
1185 4503
1186 4503
1187 4503
1188 4503
1189 4503
1190 4503
1191 4503
1192 4503
1193 4503
1194 4503
1195 4503
1196 4503
1197 4503
1198 4503
1199 4503
1200 4503
1201 4503
1202 4503
1203 4503
1204 4503
1205 4503
1206 4503
1207 4503
1208 4503
1209 4503
1210 4503
1211 4503
1212 4503
1213 4503
1214 4503
1215 4503
1216 4503
1217 4503
1218 4503
1219 4503
1220 4503
1221 4503
1222 4503
1223 4503
1224 4503
1225 4503
1226 4503
1227 4503
1228 4503
1229 4503
1230 4503
1231 4503
1232 4503
1233 4503
1234 4503
1235 4503
1236 4503
1237 4503
1238 4503
1239 4503
1240 4503
1241 4503
1242 4503
1243 4503
1244 4503
1245 4503
1246 4503
1247 4503
1248 4503
1249 4503
1250 4503
1251 4503
1252 4503
1253 4503
1254 4503
1255 4503
1256 4503
1257 4503
1258 4503
1259 4503
1260 4503
1261 4503
1262 4503
1263 4503
1264 4503
1265 4503
1266 4503
1267 4503
1268 4503
1269 4503
1270 4503
1271 4503
1272 4503
1273 4503
1274 4503
1275 4503
1276 4503
1277 4503
1278 4503
1279 4503
1280 4503
1281 4503
1282 4503
1283 4503
1284 4503
1285 4503
1286 4503
1287 4503
1288 4503
1289 4503
1290 4503
1291 4503
1292 4503
1293 4503
1294 4503
1295 4503
1296 4503
1297 4503
1298 4503
1299 4503
1300 4503
1301 4503
1302 4503
1303 4503
1304 4503
1305 4503
1306 4503
1307 4503
1308 4503
1309 4503
1310 4503
1311 4503
1312 4503
1313 4503
1314 4503
1315 4503
1316 4503
1317 4503
1318 4503
1319 4503
1320 4503
1321 4503
1322 4503
1323 4503
1324 4503
1325 4503
1326 4503
1327 4503
1328 4503
1329 4503
1330 4503
1331 4503
1332 4503
1333 4503
1334 4503
1335 4503
1336 4503
1337 4503
1338 4503
1339 4503
1340 4503
1341 4503
1342 4503
1343 4503
1344 4503
1345 4503
1346 4503
1347 4503
1348 4503
1349 4503
1350 4503
1351 4503
1352 4503
1353 4503
1354 4503
1355 4503
1356 4503
1357 4503
1358 4503
1359 4503
1360 4503
1361 4503
1362 4503
1363 4503
1364 4503
1365 4503
1366 4503
1367 4503
1368 4503
1369 4503
1370 4503
1371 4503
1372 4503
1373 4503
1374 4503
1375 4503
1376 4503
1377 4503
1378 4503
1379 4503
1380 4503
1381 4503
1382 4503
1383 4503
1384 4503
1385 4503
1386 4503
1387 4503
1388 4503
1389 4503
1390 4503
1391 4503
1392 4503
1393 4503
1394 4503
1395 4503
1396 4503
1397 4503
1398 4503
1399 4503
1400 4503
1401 4503
1402 4503
1403 4503
1404 4503
1405 4503
1406 4503
1407 4503
1408 4503
1409 4503
1410 4503
1411 4503
1412 4503
1413 4503
1414 4503
1415 4503
1416 4503
1417 4503
1418 4503
1419 4503
1420 4503
1421 4503
1422 4503
1423 4503
1424 4503
1425 4503
1426 4503
1427 4503
1428 4503
1429 4503
1430 4503
1431 4503
1432 4503
1433 4503
1434 4503
1435 4503
1436 4503
1437 4503
1438 4503
1439 4503
1440 4503
1441 4503
1442 4503
1443 4503
1444 4503
1445 4503
1446 4503
1447 4503
1448 4503
1449 4503
1450 4503
1451 4503
1452 4503
1453 4503
1454 4503
1455 4503
1456 4503
1457 4503
1458 4503
1459 4503
1460 4503
1461 4503
1462 4503
1463 4503
1464 4503
1465 4503
1466 4503
1467 4503
1468 4503
1469 4503
1470 4503
1471 4503
1472 4503
1473 4503
1474 4503
1475 4503
1476 4503
1477 4503
1478 4503
1479 4503
1480 4503
1481 4503
1482 4503
1483 4503
1484 4503
1485 4503
1486 4503
1487 4503
1488 4503
1489 4503
1490 4503
1491 4503
1492 4503
1493 4503
1494 4503
1495 4503
1496 4503
1497 4503
1498 4503
1499 4503
1500 4503
1501 4503
1502 4503
1503 4503
1504 4503
1505 4503
1506 4503
1507 4503
1508 4503
1509 4503
1510 4503
1511 4503
1512 4503
1513 4503
1514 4503
1515 4503
1516 4503
1517 4503
1518 4503
1519 4503
1520 4503
1521 4503
1522 4503
1523 4503
1524 4503
1525 4503
1526 4503
1527 4503
1528 4503
1529 4503
1530 4503
1531 4503
1532 4503
1533 4503
1534 4503
1535 4503
1536 4503
1537 4503
1538 4503
1539 4503
1540 4503
1541 4503
1542 4503
1543 4503
1544 4503
1545 4503
1546 4503
1547 4503
1548 4503
1549 4503
1550 4503
1551 4503
1552 4503
1553 4503
1554 4503
1555 4503
1556 4503
1557 4503
1558 4503
1559 4503
1560 4503
1561 4503
1562 4503
1563 4503
1564 4503
1565 4503
1566 4503
1567 4503
1568 4503
1569 4503
1570 4503
1571 4503
1572 4503
1573 4503
1574 4503
1575 4503
1576 4503
1577 4503
1578 4503
1579 4503
1580 4503
1581 4503
1582 4503
1583 4503
1584 4503
1585 4503
1586 4503
1587 4503
1588 4503
1589 4503
1590 4503
1591 4503
1592 4503
1593 4503
1594 4503
1595 4503
1596 4503
1597 4503
1598 4503
1599 4503
1600 4503
1601 4503
1602 4503
1603 4503
1604 4503
1605 4503
1606 4503
1607 4503
1608 4503
1609 4503
1610 4503
1611 4503
1612 4503
1613 4503
1614 4503
1615 4503
1616 4503
1617 4503
1618 4503
1619 4503
1620 4503
1621 4503
1622 4503
1623 4503
1624 4503
1625 4503
1626 4503
1627 4503
1628 4503
1629 4503
1630 4503
1631 4503
1632 4503
1633 4503
1634 4503
1635 4503
1636 4503
1637 4503
1638 4503
1639 4503
1640 4503
1641 4503
1642 4503
1643 4503
1644 4503
1645 4503
1646 4503
1647 4503
1648 4503
1649 4503
1650 4503
1651 4503
1652 4503
1653 4503
1654 4503
1655 4503
1656 4503
1657 4503
1658 4503
1659 4503
1660 4503
1661 4503
1662 4503
1663 4503
1664 4503
1665 4503
1666 4503
1667 4503
1668 4503
1669 4503
1670 4503
1671 4503
1672 4503
1673 4503
1674 4503
1675 4503
1676 4503
1677 4503
1678 4503
1679 4503
1680 4503
1681 4503
1682 4503
1683 4503
1684 4503
1685 4503
1686 4503
1687 4503
1688 4503
1689 4503
1690 4503
1691 4503
1692 4503
1693 4503
1694 4503
1695 4503
1696 4503
1697 4503
1698 4503
1699 4503
1700 4503
1701 4503
1702 4503
1703 4503
1704 4503
1705 4503
1706 4503
1707 4503
1708 4503
1709 4503
1710 4503
1711 4503
1712 4503
1713 4503
1714 4503
1715 4503
1716 4503
1717 4503
1718 4503
1719 4503
1720 4503
1721 4503
1722 4503
1723 4503
1724 4503
1725 4503
1726 4503
1727 4503
1728 4503
1729 4503
1730 4503
1731 4503
1732 4503
1733 4503
1734 4503
1735 4503
1736 4503
1737 4503
1738 4503
1739 4503
1740 4503
1741 4503
1742 4503
1743 4503
1744 4503
1745 4503
1746 4503
1747 4503
1748 4503
1749 4503
1750 4503
1751 4503
1752 4503
1753 4503
1754 4503
1755 4503
1756 4503
1757 4503
1758 4503
1759 4503
1760 4503
1761 4503
1762 4503
1763 4503
1764 4503
1765 4503
1766 4503
1767 4503
1768 4503
1769 4503
1770 4503
1771 4503
1772 4503
1773 4503
1774 4503
1775 4503
1776 4503
1777 4503
1778 4503
1779 4503
1780 4503
1781 4503
1782 4503
1783 4503
1784 4503
1785 4503
1786 4503
1787 4503
1788 4503
1789 4503
1790 4503
1791 4503
1792 4503
1793 4503
1794 4503
1795 4503
1796 4503
1797 4503
1798 4503
1799 4503
1800 4503
1801 4503
1802 4503
1803 4503
1804 4503
1805 4503
1806 4503
1807 4503
1808 4503
1809 4503
1810 4503
1811 4503
1812 4503
1813 4503
1814 4503
1815 4503
1816 4503
1817 4503
1818 4503
1819 4503
1820 4503
1821 4503
1822 4503
1823 4503
1824 4503
1825 4503
1826 4503
1827 4503
1828 4503
1829 4503
1830 4503
1831 4503
1832 4503
1833 4503
1834 4503
1835 4503
1836 4503
1837 4503
1838 4503
1839 4503
1840 4503
1841 4503
1842 4503
1843 4503
1844 4503
1845 4503
1846 4503
1847 4503
1848 4503
1849 4503
1850 4503
1851 4503
1852 4503
1853 4503
1854 4503
1855 4503
1856 4503
1857 4503
1858 4503
1859 4503
1860 4503
1861 4503
1862 4503
1863 4503
1864 4503
1865 4503
1866 4503
1867 4503
1868 4503
1869 4503
1870 4503
1871 4503
1872 4503
1873 4503
1874 4503
1875 4503
1876 4503
1877 4503
1878 4503
1879 4503
1880 4503
1881 4503
1882 4503
1883 4503
1884 4503
1885 4503
1886 4503
1887 4503
1888 4503
1889 4503
1890 4503
1891 4503
1892 4503
1893 4503
1894 4503
1895 4503
1896 4503
1897 4503
1898 4503
1899 4503
1900 4503
1901 4503
1902 4503
1903 4503
1904 4503
1905 4503
1906 4503
1907 4503
1908 4503
1909 4503
1910 4503
1911 4503
1912 4503
1913 4503
1914 4503
1915 4503
1916 4503
1917 4503
1918 4503
1919 4503
1920 4503
1921 4503
1922 4503
1923 4503
1924 4503
1925 4503
1926 4503
1927 4503
1928 4503
1929 4503
1930 4503
1931 4503
1932 4503
1933 4503
1934 4503
1935 4503
1936 4503
1937 4503
1938 4503
1939 4503
1940 4503
1941 4503
1942 4503
1943 4503
1944 4503
1945 4503
1946 4503
1947 4503
1948 4503
1949 4503
1950 4503
1951 4503
1952 4503
1953 4503
1954 4503
1955 4503
1956 4503
1957 4503
1958 4503
1959 4503
1960 4503
1961 4503
1962 4503
1963 4503
1964 4503
1965 4503
1966 4503
1967 4503
1968 4503
1969 4503
1970 4503
1971 4503
1972 4503
1973 4503
1974 4503
1975 4503
1976 4503
1977 4503
1978 4503
1979 4503
1980 4503
1981 4503
1982 4503
1983 4503
1984 4503
1985 4503
1986 4503
1987 4503
1988 4503
1989 4503
1990 4503
1991 4503
1992 4503
1993 4503
1994 4503
1995 4503
1996 4503
1997 4503
1998 4503
1999 4503
2000 4503
2001 4503
2002 4503
2003 4503
2004 4503
2005 4503
2006 4503
2007 4503
2008 4503
2009 4503
2010 4503
2011 4503
2012 4503
2013 4503
2014 4503
2015 4503
2016 4503
2017 4503
2018 4503
2019 4503
2020 4503
2021 4503
2022 4503
2023 4503
2024 4503
2025 4503
2026 4503
2027 4503
2028 4503
2029 4503
2030 4503
2031 4503
2032 4503
2033 4503
2034 4503
2035 4503
2036 4503
2037 4503
2038 4503
2039 4503
2040 4503
2041 4503
2042 4503
2043 4503
2044 4503
2045 4503
2046 4503
2047 4503
2048 4503
2049 4503
2050 4503
2051 4503
2052 4503
2053 4503
2054 4503
2055 4503
2056 4503
2057 4503
2058 4503
2059 4503
2060 4503
2061 4503
2062 4503
2063 4503
2064 4503
2065 4503
2066 4503
2067 4503
2068 4503
2069 4503
2070 4503
2071 4503
2072 4503
2073 4503
2074 4503
2075 4503
2076 4503
2077 4503
2078 4503
2079 4503
2080 4503
2081 4503
2082 4503
2083 4503
2084 4503
2085 4503
2086 4503
2087 4503
2088 4503
2089 4503
2090 4503
2091 4503
2092 4503
2093 4503
2094 4503
2095 4503
2096 4503
2097 4503
2098 4503
2099 4503
2100 4503
2101 4503
2102 4503
2103 4503
2104 4503
2105 4503
2106 4503
2107 4503
2108 4503
2109 4503
2110 4503
2111 4503
2112 4503
2113 4503
2114 4503
2115 4503
2116 4503
2117 4503
2118 4503
2119 4503
2120 4503
2121 4503
2122 4503
2123 4503
2124 4503
2125 4503
2126 4503
2127 4503
2128 4503
2129 4503
2130 4503
2131 4503
2132 4503
2133 4503
2134 4503
2135 4503
2136 4503
2137 4503
2138 4503
2139 4503
2140 4503
2141 4503
2142 4503
2143 4503
2144 4503
2145 4503
2146 4503
2147 4503
2148 4503
2149 4503
2150 4503
2151 4503
2152 4503
2153 4503
2154 4503
2155 4503
2156 4503
2157 4503
2158 4503
2159 4503
2160 4503
2161 4503
2162 4503
2163 4503
2164 4503
2165 4503
2166 4503
2167 4503
2168 4503
2169 4503
2170 4503
2171 4503
2172 4503
2173 4503
2174 4503
2175 4503
2176 4503
2177 4503
2178 4503
2179 4503
2180 4503
2181 4503
2182 4503
2183 4503
2184 4503
2185 4503
2186 4503
2187 4503
2188 4503
2189 4503
2190 4503
2191 4503
2192 4503
2193 4503
2194 4503
2195 4503
2196 4503
2197 4503
2198 4503
2199 4503
2200 4503
2201 4503
2202 4503
2203 4503
2204 4503
2205 4503
2206 4503
2207 4503
2208 4503
2209 4503
2210 4503
2211 4503
2212 4503
2213 4503
2214 4503
2215 4503
2216 4503
2217 4503
2218 4503
2219 4503
2220 4503
2221 4503
2222 4503
2223 4503
2224 4503
2225 4503
2226 4503
2227 4503
2228 4503
2229 4503
2230 4503
2231 4503
2232 4503
2233 4503
2234 4503
2235 4503
2236 4503
2237 4503
2238 4503
2239 4503
2240 4503
2241 4503
2242 4503
2243 4503
2244 4503
2245 4503
2246 4503
2247 4503
2248 4503
2249 4503
2250 4503
2251 4503
2252 4503
2253 4503
2254 4503
2255 4503
2256 4503
2257 4503
2258 4503
2259 4503
2260 4503
2261 4503
2262 4503
2263 4503
2264 4503
2265 4503
2266 4503
2267 4503
2268 4503
2269 4503
2270 4503
2271 4503
2272 4503
2273 4503
2274 4503
2275 4503
2276 4503
2277 4503
2278 4503
2279 4503
2280 4503
2281 4503
2282 4503
2283 4503
2284 4503
2285 4503
2286 4503
2287 4503
2288 4503
2289 4503
2290 4503
2291 4503
2292 4503
2293 4503
2294 4503
2295 4503
2296 4503
2297 4503
2298 4503
2299 4503
2300 4503
2301 4503
2302 4503
2303 4503
2304 4503
2305 4503
2306 4503
2307 4503
2308 4503
2309 4503
2310 4503
2311 4503
2312 4503
2313 4503
2314 4503
2315 4503
2316 4503
2317 4503
2318 4503
2319 4503
2320 4503
2321 4503
2322 4503
2323 4503
2324 4503
2325 4503
2326 4503
2327 4503
2328 4503
2329 4503
2330 4503
2331 4503
2332 4503
2333 4503
2334 4503
2335 4503
2336 4503
2337 4503
2338 4503
2339 4503
2340 4503
2341 4503
2342 4503
2343 4503
2344 4503
2345 4503
2346 4503
2347 4503
2348 4503
2349 4503
2350 4503
2351 4503
2352 4503
2353 4503
2354 4503
2355 4503
2356 4503
2357 4503
2358 4503
2359 4503
2360 4503
2361 4503
2362 4503
2363 4503
2364 4503
2365 4503
2366 4503
2367 4503
2368 4503
2369 4503
2370 4503
2371 4503
2372 4503
2373 4503
2374 4503
2375 4503
2376 4503
2377 4503
2378 4503
2379 4503
2380 4503
2381 4503
2382 4503
2383 4503
2384 4503
2385 4503
2386 4503
2387 4503
2388 4503
2389 4503
2390 4503
2391 4503
2392 4503
2393 4503
2394 4503
2395 4503
2396 4503
2397 4503
2398 4503
2399 4503
2400 4503
2401 4503
2402 4503
2403 4503
2404 4503
2405 4503
2406 4503
2407 4503
2408 4503
2409 4503
2410 4503
2411 4503
2412 4503
2413 4503
2414 4503
2415 4503
2416 4503
2417 4503
2418 4503
2419 4503
2420 4503
2421 4503
2422 4503
2423 4503
2424 4503
2425 4503
2426 4503
2427 4503
2428 4503
2429 4503
2430 4503
2431 4503
2432 4503
2433 4503
2434 4503
2435 4503
2436 4503
2437 4503
2438 4503
2439 4503
2440 4503
2441 4503
2442 4503
2443 4503
2444 4503
2445 4503
2446 4503
2447 4503
2448 4503
2449 4503
2450 4503
2451 4503
2452 4503
2453 4503
2454 4503
2455 4503
2456 4503
2457 4503
2458 4503
2459 4503
2460 4503
2461 4503
2462 4503
2463 4503
2464 4503
2465 4503
2466 4503
2467 4503
2468 4503
2469 4503
2470 4503
2471 4503
2472 4503
2473 4503
2474 4503
2475 4503
2476 4503
2477 4503
2478 4503
2479 4503
2480 4503
2481 4503
2482 4503
2483 4503
2484 4503
2485 4503
2486 4503
2487 4503
2488 4503
2489 4503
2490 4503
2491 4503
2492 4503
2493 4503
2494 4503
2495 4503
2496 4503
2497 4503
2498 4503
2499 4503
2500 4503
2501 4503
2502 4503
2503 4503
2504 4503
2505 4503
2506 4503
2507 4503
2508 4503
2509 4503
2510 4503
2511 4503
2512 4503
2513 4503
2514 4503
2515 4503
2516 4503
2517 4503
2518 4503
2519 4503
2520 4503
2521 4503
2522 4503
2523 4503
2524 4503
2525 4503
2526 4503
2527 4503
2528 4503
2529 4503
2530 4503
2531 4503
2532 4503
2533 4503
2534 4503
2535 4503
2536 4503
2537 4503
2538 4503
2539 4503
2540 4503
2541 4503
2542 4503
2543 4503
2544 4503
2545 4503
2546 4503
2547 4503
2548 4503
2549 4503
2550 4503
2551 4503
2552 4503
2553 4503
2554 4503
2555 4503
2556 4503
2557 4503
2558 4503
2559 4503
2560 4503
2561 4503
2562 4503
2563 4503
2564 4503
2565 4503
2566 4503
2567 4503
2568 4503
2569 4503
2570 4503
2571 4503
2572 4503
2573 4503
2574 4503
2575 4503
2576 4503
2577 4503
2578 4503
2579 4503
2580 4503
2581 4503
2582 4503
2583 4503
2584 4503
2585 4503
2586 4503
2587 4503
2588 4503
2589 4503
2590 4503
2591 4503
2592 4503
2593 4503
2594 4503
2595 4503
2596 4503
2597 4503
2598 4503
2599 4503
2600 4503
2601 4503
2602 4503
2603 4503
2604 4503
2605 4503
2606 4503
2607 4503
2608 4503
2609 4503
2610 4503
2611 4503
2612 4503
2613 4503
2614 4503
2615 4503
2616 4503
2617 4503
2618 4503
2619 4503
2620 4503
2621 4503
2622 4503
2623 4503
2624 4503
2625 4503
2626 4503
2627 4503
2628 4503
2629 4503
2630 4503
2631 4503
2632 4503
2633 4503
2634 4503
2635 4503
2636 4503
2637 4503
2638 4503
2639 4503
2640 4503
2641 4503
2642 4503
2643 4503
2644 4503
2645 4503
2646 4503
2647 4503
2648 4503
2649 4503
2650 4503
2651 4503
2652 4503
2653 4503
2654 4503
2655 4503
2656 4503
2657 4503
2658 4503
2659 4503
2660 4503
2661 4503
2662 4503
2663 4503
2664 4503
2665 4503
2666 4503
2667 4503
2668 4503
2669 4503
2670 4503
2671 4503
2672 4503
2673 4503
2674 4503
2675 4503
2676 4503
2677 4503
2678 4503
2679 4503
2680 4503
2681 4503
2682 4503
2683 4503
2684 4503
2685 4503
2686 4503
2687 4503
2688 4503
2689 4503
2690 4503
2691 4503
2692 4503
2693 4503
2694 4503
2695 4503
2696 4503
2697 4503
2698 4503
2699 4503
2700 4503
2701 4503
2702 4503
2703 4503
2704 4503
2705 4503
2706 4503
2707 4503
2708 4503
2709 4503
2710 4503
2711 4503
2712 4503
2713 4503
2714 4503
2715 4503
2716 4503
2717 4503
2718 4503
2719 4503
2720 4503
2721 4503
2722 4503
2723 4503
2724 4503
2725 4503
2726 4503
2727 4503
2728 4503
2729 4503
2730 4503
2731 4503
2732 4503
2733 4503
2734 4503
2735 4503
2736 4503
2737 4503
2738 4503
2739 4503
2740 4503
2741 4503
2742 4503
2743 4503
2744 4503
2745 4503
2746 4503
2747 4503
2748 4503
2749 4503
2750 4503
2751 4503
2752 4503
2753 4503
2754 4503
2755 4503
2756 4503
2757 4503
2758 4503
2759 4503
2760 4503
2761 4503
2762 4503
2763 4503
2764 4503
2765 4503
2766 4503
2767 4503
2768 4503
2769 4503
2770 4503
2771 4503
2772 4503
2773 4503
2774 4503
2775 4503
2776 4503
2777 4503
2778 4503
2779 4503
2780 4503
2781 4503
2782 4503
2783 4503
2784 4503
2785 4503
2786 4503
2787 4503
2788 4503
2789 4503
2790 4503
2791 4503
2792 4503
2793 4503
2794 4503
2795 4503
2796 4503
2797 4503
2798 4503
2799 4503
2800 4503
2801 4503
2802 4503
2803 4503
2804 4503
2805 4503
2806 4503
2807 4503
2808 4503
2809 4503
2810 4503
2811 4503
2812 4503
2813 4503
2814 4503
2815 4503
2816 4503
2817 4503
2818 4503
2819 4503
2820 4503
2821 4503
2822 4503
2823 4503
2824 4503
2825 4503
2826 4503
2827 4503
2828 4503
2829 4503
2830 4503
2831 4503
2832 4503
2833 4503
2834 4503
2835 4503
2836 4503
2837 4503
2838 4503
2839 4503
2840 4503
2841 4503
2842 4503
2843 4503
2844 4503
2845 4503
2846 4503
2847 4503
2848 4503
2849 4503
2850 4503
2851 4503
2852 4503
2853 4503
2854 4503
2855 4503
2856 4503
2857 4503
2858 4503
2859 4503
2860 4503
2861 4503
2862 4503
2863 4503
2864 4503
2865 4503
2866 4503
2867 4503
2868 4503
2869 4503
2870 4503
2871 4503
2872 4503
2873 4503
2874 4503
2875 4503
2876 4503
2877 4503
2878 4503
2879 4503
2880 4503
2881 4503
2882 4503
2883 4503
2884 4503
2885 4503
2886 4503
2887 4503
2888 4503
2889 4503
2890 4503
2891 4503
2892 4503
2893 4503
2894 4503
2895 4503
2896 4503
2897 4503
2898 4503
2899 4503
2900 4503
2901 4503
2902 4503
2903 4503
2904 4503
2905 4503
2906 4503
2907 4503
2908 4503
2909 4503
2910 4503
2911 4503
2912 4503
2913 4503
2914 4503
2915 4503
2916 4503
2917 4503
2918 4503
2919 4503
2920 4503
2921 4503
2922 4503
2923 4503
2924 4503
2925 4503
2926 4503
2927 4503
2928 4503
2929 4503
2930 4503
2931 4503
2932 4503
2933 4503
2934 4503
2935 4503
2936 4503
2937 4503
2938 4503
2939 4503
2940 4503
2941 4503
2942 4503
2943 4503
2944 4503
2945 4503
2946 4503
2947 4503
2948 4503
2949 4503
2950 4503
2951 4503
2952 4503
2953 4503
2954 4503
2955 4503
2956 4503
2957 4503
2958 4503
2959 4503
2960 4503
2961 4503
2962 4503
2963 4503
2964 4503
2965 4503
2966 4503
2967 4503
2968 4503
2969 4503
2970 4503
2971 4503
2972 4503
2973 4503
2974 4503
2975 4503
2976 4503
2977 4503
2978 4503
2979 4503
2980 4503
2981 4503
2982 4503
2983 4503
2984 4503
2985 4503
2986 4503
2987 4503
2988 4503
2989 4503
2990 4503
2991 4503
2992 4503
2993 4503
2994 4503
2995 4503
2996 4503
2997 4503
2998 4503
2999 4503
3000 4503
3001 4503
3002 4503
3003 4503
3004 4503
3005 4503
3006 4503
3007 4503
3008 4503
3009 4503
3010 4503
3011 4503
3012 4503
3013 4503
3014 4503
3015 4503
3016 4503
3017 4503
3018 4503
3019 4503
3020 4503
3021 4503
3022 4503
3023 4503
3024 4503
3025 4503
3026 4503
3027 4503
3028 4503
3029 4503
3030 4503
3031 4503
3032 4503
3033 4503
3034 4503
3035 4503
3036 4503
3037 4503
3038 4503
3039 4503
3040 4503
3041 4503
3042 4503
3043 4503
3044 4503
3045 4503
3046 4503
3047 4503
3048 4503
3049 4503
3050 4503
3051 4503
3052 4503
3053 4503
3054 4503
3055 4503
3056 4503
3057 4503
3058 4503
3059 4503
3060 4503
3061 4503
3062 4503
3063 4503
3064 4503
3065 4503
3066 4503
3067 4503
3068 4503
3069 4503
3070 4503
3071 4503
3072 4503
3073 4503
3074 4503
3075 4503
3076 4503
3077 4503
3078 4503
3079 4503
3080 4503
3081 4503
3082 4503
3083 4503
3084 4503
3085 4503
3086 4503
3087 4503
3088 4503
3089 4503
3090 4503
3091 4503
3092 4503
3093 4503
3094 4503
3095 4503
3096 4503
3097 4503
3098 4503
3099 4503
3100 4503
3101 4503
3102 4503
3103 4503
3104 4503
3105 4503
3106 4503
3107 4503
3108 4503
3109 4503
3110 4503
3111 4503
3112 4503
3113 4503
3114 4503
3115 4503
3116 4503
3117 4503
3118 4503
3119 4503
3120 4503
3121 4503
3122 4503
3123 4503
3124 4503
3125 4503
3126 4503
3127 4503
3128 4503
3129 4503
3130 4503
3131 4503
3132 4503
3133 4503
3134 4503
3135 4503
3136 4503
3137 4503
3138 4503
3139 4503
3140 4503
3141 4503
3142 4503
3143 4503
3144 4503
3145 4503
3146 4503
3147 4503
3148 4503
3149 4503
3150 4503
3151 4503
3152 4503
3153 4503
3154 4503
3155 4503
3156 4503
3157 4503
3158 4503
3159 4503
3160 4503
3161 4503
3162 4503
3163 4503
3164 4503
3165 4503
3166 4503
3167 4503
3168 4503
3169 4503
3170 4503
3171 4503
3172 4503
3173 4503
3174 4503
3175 4503
3176 4503
3177 4503
3178 4503
3179 4503
3180 4503
3181 4503
3182 4503
3183 4503
3184 4503
3185 4503
3186 4503
3187 4503
3188 4503
3189 4503
3190 4503
3191 4503
3192 4503
3193 4503
3194 4503
3195 4503
3196 4503
3197 4503
3198 4503
3199 4503
3200 4503
3201 4503
3202 4503
3203 4503
3204 4503
3205 4503
3206 4503
3207 4503
3208 4503
3209 4503
3210 4503
3211 4503
3212 4503
3213 4503
3214 4503
3215 4503
3216 4503
3217 4503
3218 4503
3219 4503
3220 4503
3221 4503
3222 4503
3223 4503
3224 4503
3225 4503
3226 4503
3227 4503
3228 4503
3229 4503
3230 4503
3231 4503
3232 4503
3233 4503
3234 4503
3235 4503
3236 4503
3237 4503
3238 4503
3239 4503
3240 4503
3241 4503
3242 4503
3243 4503
3244 4503
3245 4503
3246 4503
3247 4503
3248 4503
3249 4503
3250 4503
3251 4503
3252 4503
3253 4503
3254 4503
3255 4503
3256 4503
3257 4503
3258 4503
3259 4503
3260 4503
3261 4503
3262 4503
3263 4503
3264 4503
3265 4503
3266 4503
3267 4503
3268 4503
3269 4503
3270 4503
3271 4503
3272 4503
3273 4503
3274 4503
3275 4503
3276 4503
3277 4503
3278 4503
3279 4503
3280 4503
3281 4503
3282 4503
3283 4503
3284 4503
3285 4503
3286 4503
3287 4503
3288 4503
3289 4503
3290 4503
3291 4503
3292 4503
3293 4503
3294 4503
3295 4503
3296 4503
3297 4503
3298 4503
3299 4503
3300 4503
3301 4503
3302 4503
3303 4503
3304 4503
3305 4503
3306 4503
3307 4503
3308 4503
3309 4503
3310 4503
3311 4503
3312 4503
3313 4503
3314 4503
3315 4503
3316 4503
3317 4503
3318 4503
3319 4503
3320 4503
3321 4503
3322 4503
3323 4503
3324 4503
3325 4503
3326 4503
3327 4503
3328 4503
3329 4503
3330 4503
3331 4503
3332 4503
3333 4503
3334 4503
3335 4503
3336 4503
3337 4503
3338 4503
3339 4503
3340 4503
3341 4503
3342 4503
3343 4503
3344 4503
3345 4503
3346 4503
3347 4503
3348 4503
3349 4503
3350 4503
3351 4503
3352 4503
3353 4503
3354 4503
3355 4503
3356 4503
3357 4503
3358 4503
3359 4503
3360 4503
3361 4503
3362 4503
3363 4503
3364 4503
3365 4503
3366 4503
3367 4503
3368 4503
3369 4503
3370 4503
3371 4503
3372 4503
3373 4503
3374 4503
3375 4503
3376 4503
3377 4503
3378 4503
3379 4503
3380 4503
3381 4503
3382 4503
3383 4503
3384 4503
3385 4503
3386 4503
3387 4503
3388 4503
3389 4503
3390 4503
3391 4503
3392 4503
3393 4503
3394 4503
3395 4503
3396 4503
3397 4503
3398 4503
3399 4503
3400 4503
3401 4503
3402 4503
3403 4503
3404 4503
3405 4503
3406 4503
3407 4503
3408 4503
3409 4503
3410 4503
3411 4503
3412 4503
3413 4503
3414 4503
3415 4503
3416 4503
3417 4503
3418 4503
3419 4503
3420 4503
3421 4503
3422 4503
3423 4503
3424 4503
3425 4503
3426 4503
3427 4503
3428 4503
3429 4503
3430 4503
3431 4503
3432 4503
3433 4503
3434 4503
3435 4503
3436 4503
3437 4503
3438 4503
3439 4503
3440 4503
3441 4503
3442 4503
3443 4503
3444 4503
3445 4503
3446 4503
3447 4503
3448 4503
3449 4503
3450 4503
3451 4503
3452 4503
3453 4503
3454 4503
3455 4503
3456 4503
3457 4503
3458 4503
3459 4503
3460 4503
3461 4503
3462 4503
3463 4503
3464 4503
3465 4503
3466 4503
3467 4503
3468 4503
3469 4503
3470 4503
3471 4503
3472 4503
3473 4503
3474 4503
3475 4503
3476 4503
3477 4503
3478 4503
3479 4503
3480 4503
3481 4503
3482 4503
3483 4503
3484 4503
3485 4503
3486 4503
3487 4503
3488 4503
3489 4503
3490 4503
3491 4503
3492 4503
3493 4503
3494 4503
3495 4503
3496 4503
3497 4503
3498 4503
3499 4503
3500 4503
3501 4503
3502 4503
3503 4503
3504 4503
3505 4503
3506 4503
3507 4503
3508 4503
3509 4503
3510 4503
3511 4503
3512 4503
3513 4503
3514 4503
3515 4503
3516 4503
3517 4503
3518 4503
3519 4503
3520 4503
3521 4503
3522 4503
3523 4503
3524 4503
3525 4503
3526 4503
3527 4503
3528 4503
3529 4503
3530 4503
3531 4503
3532 4503
3533 4503
3534 4503
3535 4503
3536 4503
3537 4503
3538 4503
3539 4503
3540 4503
3541 4503
3542 4503
3543 4503
3544 4503
3545 4503
3546 4503
3547 4503
3548 4503
3549 4503
3550 4503
3551 4503
3552 4503
3553 4503
3554 4503
3555 4503
3556 4503
3557 4503
3558 4503
3559 4503
3560 4503
3561 4503
3562 4503
3563 4503
3564 4503
3565 4503
3566 4503
3567 4503
3568 4503
3569 4503
3570 4503
3571 4503
3572 4503
3573 4503
3574 4503
3575 4503
3576 4503
3577 4503
3578 4503
3579 4503
3580 4503
3581 4503
3582 4503
3583 4503
3584 4503
3585 4503
3586 4503
3587 4503
3588 4503
3589 4503
3590 4503
3591 4503
3592 4503
3593 4503
3594 4503
3595 4503
3596 4503
3597 4503
3598 4503
3599 4503
3600 4503
3601 4503
3602 4503
3603 4503
3604 4503
3605 4503
3606 4503
3607 4503
3608 4503
3609 4503
3610 4503
3611 4503
3612 4503
3613 4503
3614 4503
3615 4503
3616 4503
3617 4503
3618 4503
3619 4503
3620 4503
3621 4503
3622 4503
3623 4503
3624 4503
3625 4503
3626 4503
3627 4503
3628 4503
3629 4503
3630 4503
3631 4503
3632 4503
3633 4503
3634 4503
3635 4503
3636 4503
3637 4503
3638 4503
3639 4503
3640 4503
3641 4503
3642 4503
3643 4503
3644 4503
3645 4503
3646 4503
3647 4503
3648 4503
3649 4503
3650 4503
3651 4503
3652 4503
3653 4503
3654 4503
3655 4503
3656 4503
3657 4503
3658 4503
3659 4503
3660 4503
3661 4503
3662 4503
3663 4503
3664 4503
3665 4503
3666 4503
3667 4503
3668 4503
3669 4503
3670 4503
3671 4503
3672 4503
3673 4503
3674 4503
3675 4503
3676 4503
3677 4503
3678 4503
3679 4503
3680 4503
3681 4503
3682 4503
3683 4503
3684 4503
3685 4503
3686 4503
3687 4503
3688 4503
3689 4503
3690 4503
3691 4503
3692 4503
3693 4503
3694 4503
3695 4503
3696 4503
3697 4503
3698 4503
3699 4503
3700 4503
3701 4503
3702 4503
3703 4503
3704 4503
3705 4503
3706 4503
3707 4503
3708 4503
3709 4503
3710 4503
3711 4503
3712 4503
3713 4503
3714 4503
3715 4503
3716 4503
3717 4503
3718 4503
3719 4503
3720 4503
3721 4503
3722 4503
3723 4503
3724 4503
3725 4503
3726 4503
3727 4503
3728 4503
3729 4503
3730 4503
3731 4503
3732 4503
3733 4503
3734 4503
3735 4503
3736 4503
3737 4503
3738 4503
3739 4503
3740 4503
3741 4503
3742 4503
3743 4503
3744 4503
3745 4503
3746 4503
3747 4503
3748 4503
3749 4503
3750 4503
3751 4503
3752 4503
3753 4503
3754 4503
3755 4503
3756 4503
3757 4503
3758 4503
3759 4503
3760 4503
3761 4503
3762 4503
3763 4503
3764 4503
3765 4503
3766 4503
3767 4503
3768 4503
3769 4503
3770 4503
3771 4503
3772 4503
3773 4503
3774 4503
3775 4503
3776 4503
3777 4503
3778 4503
3779 4503
3780 4503
3781 4503
3782 4503
3783 4503
3784 4503
3785 4503
3786 4503
3787 4503
3788 4503
3789 4503
3790 4503
3791 4503
3792 4503
3793 4503
3794 4503
3795 4503
3796 4503
3797 4503
3798 4503
3799 4503
3800 4503
3801 4503
3802 4503
3803 4503
3804 4503
3805 4503
3806 4503
3807 4503
3808 4503
3809 4503
3810 4503
3811 4503
3812 4503
3813 4503
3814 4503
3815 4503
3816 4503
3817 4503
3818 4503
3819 4503
3820 4503
3821 4503
3822 4503
3823 4503
3824 4503
3825 4503
3826 4503
3827 4503
3828 4503
3829 4503
3830 4503
3831 4503
3832 4503
3833 4503
3834 4503
3835 4503
3836 4503
3837 4503
3838 4503
3839 4503
3840 4503
3841 4503
3842 4503
3843 4503
3844 4503
3845 4503
3846 4503
3847 4503
3848 4503
3849 4503
3850 4503
3851 4503
3852 4503
3853 4503
3854 4503
3855 4503
3856 4503
3857 4503
3858 4503
3859 4503
3860 4503
3861 4503
3862 4503
3863 4503
3864 4503
3865 4503
3866 4503
3867 4503
3868 4503
3869 4503
3870 4503
3871 4503
3872 4503
3873 4503
3874 4503
3875 4503
3876 4503
3877 4503
3878 4503
3879 4503
3880 4503
3881 4503
3882 4503
3883 4503
3884 4503
3885 4503
3886 4503
3887 4503
3888 4503
3889 4503
3890 4503
3891 4503
3892 4503
3893 4503
3894 4503
3895 4503
3896 4503
3897 4503
3898 4503
3899 4503
3900 4503
3901 4503
3902 4503
3903 4503
3904 4503
3905 4503
3906 4503
3907 4503
3908 4503
3909 4503
3910 4503
3911 4503
3912 4503
3913 4503
3914 4503
3915 4503
3916 4503
3917 4503
3918 4503
3919 4503
3920 4503
3921 4503
3922 4503
3923 4503
3924 4503
3925 4503
3926 4503
3927 4503
3928 4503
3929 4503
3930 4503
3931 4503
3932 4503
3933 4503
3934 4503
3935 4503
3936 4503
3937 4503
3938 4503
3939 4503
3940 4503
3941 4503
3942 4503
3943 4503
3944 4503
3945 4503
3946 4503
3947 4503
3948 4503
3949 4503
3950 4503
3951 4503
3952 4503
3953 4503
3954 4503
3955 4503
3956 4503
3957 4503
3958 4503
3959 4503
3960 4503
3961 4503
3962 4503
3963 4503
3964 4503
3965 4503
3966 4503
3967 4503
3968 4503
3969 4503
3970 4503
3971 4503
3972 4503
3973 4503
3974 4503
3975 4503
3976 4503
3977 4503
3978 4503
3979 4503
3980 4503
3981 4503
3982 4503
3983 4503
3984 4503
3985 4503
3986 4503
3987 4503
3988 4503
3989 4503
3990 4503
3991 4503
3992 4503
3993 4503
3994 4503
3995 4503
3996 4503
3997 4503
3998 4503
3999 4503
4000 4503
4001 4503
4002 4503
4003 4503
4004 4503
4005 4503
4006 4503
4007 4503
4008 4503
4009 4503
4010 4503
4011 4503
4012 4503
4013 4503
4014 4503
4015 4503
4016 4503
4017 4503
4018 4503
4019 4503
4020 4503
4021 4503
4022 4503
4023 4503
4024 4503
4025 4503
4026 4503
4027 4503
4028 4503
4029 4503
4030 4503
4031 4503
4032 4503
4033 4503
4034 4503
4035 4503
4036 4503
4037 4503
4038 4503
4039 4503
4040 4503
4041 4503
4042 4503
4043 4503
4044 4503
4045 4503
4046 4503
4047 4503
4048 4503
4049 4503
4050 4503
4051 4503
4052 4503
4053 4503
4054 4503
4055 4503
4056 4503
4057 4503
4058 4503
4059 4503
4060 4503
4061 4503
4062 4503
4063 4503
4064 4503
4065 4503
4066 4503
4067 4503
4068 4503
4069 4503
4070 4503
4071 4503
4072 4503
4073 4503
4074 4503
4075 4503
4076 4503
4077 4503
4078 4503
4079 4503
4080 4503
4081 4503
4082 4503
4083 4503
4084 4503
4085 4503
4086 4503
4087 4503
4088 4503
4089 4503
4090 4503
4091 4503
4092 4503
4093 4503
4094 4503
4095 4503
4096 4503
4097 4503
4098 4503
4099 4503
4100 4503
4101 4503
4102 4503
4103 4503
4104 4503
4105 4503
4106 4503
4107 4503
4108 4503
4109 4503
4110 4503
4111 4503
4112 4503
4113 4503
4114 4503
4115 4503
4116 4503
4117 4503
4118 4503
4119 4503
4120 4503
4121 4503
4122 4503
4123 4503
4124 4503
4125 4503
4126 4503
4127 4503
4128 4503
4129 4503
4130 4503
4131 4503
4132 4503
4133 4503
4134 4503
4135 4503
4136 4503
4137 4503
4138 4503
4139 4503
4140 4503
4141 4503
4142 4503
4143 4503
4144 4503
4145 4503
4146 4503
4147 4503
4148 4503
4149 4503
4150 4503
4151 4503
4152 4503
4153 4503
4154 4503
4155 4503
4156 4503
4157 4503
4158 4503
4159 4503
4160 4503
4161 4503
4162 4503
4163 4503
4164 4503
4165 4503
4166 4503
4167 4503
4168 4503
4169 4503
4170 4503
4171 4503
4172 4503
4173 4503
4174 4503
4175 4503
4176 4503
4177 4503
4178 4503
4179 4503
4180 4503
4181 4503
4182 4503
4183 4503
4184 4503
4185 4503
4186 4503
4187 4503
4188 4503
4189 4503
4190 4503
4191 4503
4192 4503
4193 4503
4194 4503
4195 4503
4196 4503
4197 4503
4198 4503
4199 4503
4200 4503
4201 4503
4202 4503
4203 4503
4204 4503
4205 4503
4206 4503
4207 4503
4208 4503
4209 4503
4210 4503
4211 4503
4212 4503
4213 4503
4214 4503
4215 4503
4216 4503
4217 4503
4218 4503
4219 4503
4220 4503
4221 4503
4222 4503
4223 4503
4224 4503
4225 4503
4226 4503
4227 4503
4228 4503
4229 4503
4230 4503
4231 4503
4232 4503
4233 4503
4234 4503
4235 4503
4236 4503
4237 4503
4238 4503
4239 4503
4240 4503
4241 4503
4242 4503
4243 4503
4244 4503
4245 4503
4246 4503
4247 4503
4248 4503
4249 4503
4250 4503
4251 4503
4252 4503
4253 4503
4254 4503
4255 4503
4256 4503
4257 4503
4258 4503
4259 4503
4260 4503
4261 4503
4262 4503
4263 4503
4264 4503
4265 4503
4266 4503
4267 4503
4268 4503
4269 4503
4270 4503
4271 4503
4272 4503
4273 4503
4274 4503
4275 4503
4276 4503
4277 4503
4278 4503
4279 4503
4280 4503
4281 4503
4282 4503
4283 4503
4284 4503
4285 4503
4286 4503
4287 4503
4288 4503
4289 4503
4290 4503
4291 4503
4292 4503
4293 4503
4294 4503
4295 4503
4296 4503
4297 4503
4298 4503
4299 4503
4300 4503
4301 4503
4302 4503
4303 4503
4304 4503
4305 4503
4306 4503
4307 4503
4308 4503
4309 4503
4310 4503
4311 4503
4312 4503
4313 4503
4314 4503
4315 4503
4316 4503
4317 4503
4318 4503
4319 4503
4320 4503
4321 4503
4322 4503
4323 4503
4324 4503
4325 4503
4326 4503
4327 4503
4328 4503
4329 4503
4330 4503
4331 4503
4332 4503
4333 4503
4334 4503
4335 4503
4336 4503
4337 4503
4338 4503
4339 4503
4340 4503
4341 4503
4342 4503
4343 4503
4344 4503
4345 4503
4346 4503
4347 4503
4348 4503
4349 4503
4350 4503
4351 4503
4352 4503
4353 4503
4354 4503
4355 4503
4356 4503
4357 4503
4358 4503
4359 4503
4360 4503
4361 4503
4362 4503
4363 4503
4364 4503
4365 4503
4366 4503
4367 4503
4368 4503
4369 4503
4370 4503
4371 4503
4372 4503
4373 4503
4374 4503
4375 4503
4376 4503
4377 4503
4378 4503
4379 4503
4380 4503
4381 4503
4382 4503
4383 4503
4384 4503
4385 4503
4386 4503
4387 4503
4388 4503
4389 4503
4390 4503
4391 4503
4392 4503
4393 4503
4394 4503
4395 4503
4396 4503
4397 4503
4398 4503
4399 4503
4400 4503
4401 4503
4402 4503
4403 4503
4404 4503
4405 4503
4406 4503
4407 4503
4408 4503
4409 4503
4410 4503
4411 4503
4412 4503
4413 4503
4414 4503
4415 4503
4416 4503
4417 4503
4418 4503
4419 4503
4420 4503
4421 4503
4422 4503
4423 4503
4424 4503
4425 4503
4426 4503
4427 4503
4428 4503
4429 4503
4430 4503
4431 4503
4432 4503
4433 4503
4434 4503
4435 4503
4436 4503
4437 4503
4438 4503
4439 4503
4440 4503
4441 4503
4442 4503
4443 4503
4444 4503
4445 4503
4446 4503
4447 4503
4448 4503
4449 4503
4450 4503
4451 4503
4452 4503
4453 4503
4454 4503
4455 4503
4456 4503
4457 4503
4458 4503
4459 4503
4460 4503
4461 4503
4462 4503
4463 4503
4464 4503
4465 4503
4466 4503
4467 4503
4468 4503
4469 4503
4470 4503
4471 4503
4472 4503
4473 4503
4474 4503
4475 4503
4476 4503
4477 4503
4478 4503
4479 4503
4480 4503
4481 4503
4482 4503
4483 4503
4484 4503
4485 4503
4486 4503
4487 4503
4488 4503
4489 4503
4490 4503
4491 4503
4492 4503
4493 4503
4494 4503
4495 4503
4496 4503
4497 4503
4498 4503
4499 4503
4500 4503
4501 4503
4502 4503
4503 generations ont pris 2369 secondes
