0	0	0.486208
0	1	0.332043
0	2	-0.0853868
0	3	-0.23415
0	4	-0.704464
0	5	0.238416
0	6	0.097104
0	7	-0.12977
8	0	-0.0198879
8	1	-0.105978
8	2	0.342184
8	3	0.639136
8	4	-0.268071
8	5	0.0729219
8	6	0.0481413
8	7	-0.708447
16	0	-0.588578
16	1	0.230868
16	2	-0.452197
16	3	0.436531
16	4	0.185821
16	5	0.0146635
16	6	-0.101242
16	7	0.274133
24	0	0.241893
24	1	0.0425871
24	2	-0.100761
24	3	-0.415886
24	4	-0.0138168
24	5	-0.312573
24	6	0.227753
24	7	0.330803
32	0	-0.352526
32	1	-0.45409
32	2	-0.28114
32	3	-0.0689013
32	4	-0.326412
32	5	0.598997
32	6	0.465534
32	7	0.418538
round: 0	nbSign: 0	last?: 0	accGen: 0
round: 1	nbSign: 3	last?: 0	accGen: 1000
round: 2	nbSign: 8	last?: 0	accGen: 2000
round: 3	nbSign: 14	last?: 0	accGen: 3000
round: 4	nbSign: 20	last?: 0	accGen: 4000
round: 5	nbSign: 25	last?: 0	accGen: 5000
round: 6	nbSign: 33	last?: 0	accGen: 6000
round: 7	nbSign: 37	last?: 0	accGen: 7000
round: 8	nbSign: 41	last?: 0	accGen: 8000
round: 9	nbSign: 47	last?: 0	accGen: 9000
round: 10	nbSign: 53	last?: 0	accGen: 10000
round: 11	nbSign: 58	last?: 0	accGen: 11000
round: 12	nbSign: 62	last?: 0	accGen: 12000
round: 13	nbSign: 68	last?: 0	accGen: 13000
round: 14	nbSign: 77	last?: 0	accGen: 14000
round: 15	nbSign: 85	last?: 0	accGen: 15000
round: 16	nbSign: 93	last?: 0	accGen: 16000
round: 17	nbSign: 103	last?: 1	accGen: 17000
1000 generations ont pris1908secondes
0	0	-0.148974
0	1	0.0419874
0	2	0.0356447
0	3	-0.152919
0	4	0.0216943
0	5	-0.0664133
0	6	-0.000150088
0	7	0.26913
8	0	-0.0148433
8	1	0.206725
8	2	0.190155
8	3	-0.0647038
8	4	-0.38441
8	5	-0.0410898
8	6	0.087974
8	7	0.0201937
16	0	-0.0417801
16	1	0.0463742
16	2	0.0595112
16	3	-0.135277
16	4	0.0337314
16	5	0.0348234
16	6	-0.0182536
16	7	0.02087
24	0	-0.0874398
24	1	0.250302
24	2	0.158835
24	3	-0.157491
24	4	-0.0409396
24	5	-0.0972038
24	6	0.17374
24	7	-0.199804
32	0	-0.0781817
32	1	0.00389007
32	2	0.106138
32	3	0.0311622
32	4	0.0286933
32	5	-0.00361581
32	6	0.118668
32	7	-0.206754
round: 0	nbSign: 0	last?: 0	accGen: 0
round: 1	nbSign: 0	last?: 0	accGen: 5
round: 2	nbSign: 0	last?: 0	accGen: 10
round: 3	nbSign: 0	last?: 0	accGen: 15
round: 4	nbSign: 0	last?: 0	accGen: 20
round: 5	nbSign: 0	last?: 0	accGen: 25
round: 6	nbSign: 0	last?: 0	accGen: 30
round: 7	nbSign: 0	last?: 0	accGen: 35
round: 8	nbSign: 0	last?: 0	accGen: 40
round: 9	nbSign: 0	last?: 0	accGen: 45
round: 10	nbSign: 0	last?: 0	accGen: 50
round: 11	nbSign: 0	last?: 0	accGen: 55
round: 12	nbSign: 0	last?: 0	accGen: 60
round: 13	nbSign: 0	last?: 0	accGen: 65
round: 14	nbSign: 0	last?: 0	accGen: 70
round: 15	nbSign: 0	last?: 0	accGen: 75
round: 16	nbSign: 0	last?: 0	accGen: 80
round: 17	nbSign: 0	last?: 0	accGen: 85
round: 18	nbSign: 0	last?: 0	accGen: 90
round: 19	nbSign: 0	last?: 0	accGen: 95
round: 20	nbSign: 0	last?: 0	accGen: 100
round: 21	nbSign: 0	last?: 0	accGen: 105
round: 22	nbSign: 0	last?: 0	accGen: 110
round: 23	nbSign: 0	last?: 0	accGen: 115
round: 24	nbSign: 0	last?: 0	accGen: 120
round: 25	nbSign: 0	last?: 0	accGen: 125
round: 26	nbSign: 0	last?: 0	accGen: 130
round: 27	nbSign: 0	last?: 0	accGen: 135
round: 28	nbSign: 0	last?: 0	accGen: 140
round: 29	nbSign: 0	last?: 0	accGen: 145
round: 30	nbSign: 0	last?: 0	accGen: 150
round: 31	nbSign: 0	last?: 0	accGen: 155
round: 32	nbSign: 0	last?: 0	accGen: 160
round: 33	nbSign: 0	last?: 0	accGen: 165
round: 34	nbSign: 0	last?: 0	accGen: 170
round: 35	nbSign: 0	last?: 0	accGen: 175
round: 36	nbSign: 0	last?: 0	accGen: 180
round: 37	nbSign: 0	last?: 0	accGen: 185
round: 38	nbSign: 0	last?: 0	accGen: 190
round: 39	nbSign: 0	last?: 0	accGen: 195
round: 40	nbSign: 0	last?: 0	accGen: 200
round: 41	nbSign: 2	last?: 0	accGen: 205
round: 42	nbSign: 5	last?: 0	accGen: 210
round: 43	nbSign: 7	last?: 0	accGen: 215
round: 44	nbSign: 10	last?: 0	accGen: 220
round: 45	nbSign: 11	last?: 0	accGen: 225
round: 46	nbSign: 14	last?: 0	accGen: 230
round: 47	nbSign: 17	last?: 0	accGen: 235
round: 48	nbSign: 20	last?: 0	accGen: 240
round: 49	nbSign: 22	last?: 0	accGen: 245
round: 50	nbSign: 24	last?: 0	accGen: 250
round: 51	nbSign: 28	last?: 0	accGen: 255
round: 52	nbSign: 30	last?: 0	accGen: 260
round: 53	nbSign: 33	last?: 0	accGen: 265
round: 54	nbSign: 36	last?: 0	accGen: 270
round: 55	nbSign: 39	last?: 0	accGen: 275
round: 56	nbSign: 42	last?: 0	accGen: 280
round: 57	nbSign: 44	last?: 0	accGen: 285
round: 58	nbSign: 45	last?: 0	accGen: 290
round: 59	nbSign: 47	last?: 0	accGen: 295
round: 60	nbSign: 50	last?: 0	accGen: 300
round: 61	nbSign: 51	last?: 0	accGen: 305
round: 62	nbSign: 54	last?: 0	accGen: 310
round: 63	nbSign: 55	last?: 0	accGen: 315
round: 64	nbSign: 59	last?: 0	accGen: 320
round: 65	nbSign: 61	last?: 0	accGen: 325
round: 66	nbSign: 65	last?: 0	accGen: 330
round: 67	nbSign: 66	last?: 0	accGen: 335
round: 68	nbSign: 68	last?: 0	accGen: 340
round: 69	nbSign: 70	last?: 0	accGen: 345
round: 70	nbSign: 71	last?: 0	accGen: 350
round: 71	nbSign: 73	last?: 0	accGen: 355
round: 72	nbSign: 76	last?: 0	accGen: 360
round: 73	nbSign: 78	last?: 0	accGen: 365
round: 74	nbSign: 82	last?: 0	accGen: 370
round: 75	nbSign: 85	last?: 0	accGen: 375
round: 76	nbSign: 86	last?: 0	accGen: 380
round: 77	nbSign: 88	last?: 0	accGen: 385
round: 78	nbSign: 92	last?: 0	accGen: 390
round: 79	nbSign: 95	last?: 0	accGen: 395
round: 80	nbSign: 99	last?: 0	accGen: 400
round: 81	nbSign: 101	last?: 1	accGen: 405
5 generations ont pris21secondes
