0	0	0.254792
0	1	-0.254792
2	0	0.0549145
2	1	-0.0549145
4	0	0.044048
4	1	-0.044048
6	0	-0.0866749
6	1	0.0866749
8	0	-0.0744144
8	1	0.0744144
round: 0	nbSign: 0	last?: 0	accGen: 0
round: 1	nbSign: 3	last?: 0	accGen: 1000
round: 2	nbSign: 8	last?: 0	accGen: 2000
round: 3	nbSign: 16	last?: 0	accGen: 3000
round: 4	nbSign: 21	last?: 0	accGen: 4000
round: 5	nbSign: 24	last?: 0	accGen: 5000
round: 6	nbSign: 31	last?: 0	accGen: 6000
round: 7	nbSign: 39	last?: 0	accGen: 7000
round: 8	nbSign: 46	last?: 0	accGen: 8000
round: 9	nbSign: 56	last?: 0	accGen: 9000
round: 10	nbSign: 62	last?: 0	accGen: 10000
round: 11	nbSign: 69	last?: 0	accGen: 11000
round: 12	nbSign: 74	last?: 0	accGen: 12000
round: 13	nbSign: 80	last?: 0	accGen: 13000
round: 14	nbSign: 86	last?: 0	accGen: 14000
round: 15	nbSign: 92	last?: 0	accGen: 15000
round: 16	nbSign: 97	last?: 0	accGen: 16000
round: 17	nbSign: 102	last?: 1	accGen: 17000
1000 generations ont pris1255secondes
0.0893341, 0.0126009
1000 generations ont pris738secondes
