0	0	0.0947988
0	1	-0.0947988
2	0	-0.557978
2	1	0.557978
4	0	-0.060425
4	1	0.060425
6	0	-0.13154
6	1	0.13154
8	0	-0.0438885
8	1	0.0438885
round: 0	nbSign: 0	last?: 0	accGen: 0
round: 1	nbSign: 3	last?: 0	accGen: 1000
round: 2	nbSign: 9	last?: 0	accGen: 2000
round: 3	nbSign: 14	last?: 0	accGen: 3000
round: 4	nbSign: 20	last?: 0	accGen: 4000
round: 5	nbSign: 25	last?: 0	accGen: 5000
round: 6	nbSign: 31	last?: 0	accGen: 6000
round: 7	nbSign: 36	last?: 0	accGen: 7000
round: 8	nbSign: 42	last?: 0	accGen: 8000
round: 9	nbSign: 48	last?: 0	accGen: 9000
round: 10	nbSign: 54	last?: 0	accGen: 10000
round: 11	nbSign: 62	last?: 0	accGen: 11000
round: 12	nbSign: 72	last?: 0	accGen: 12000
round: 13	nbSign: 82	last?: 0	accGen: 13000
round: 14	nbSign: 92	last?: 0	accGen: 14000
round: 15	nbSign: 102	last?: 1	accGen: 15000
1000 generations ont pris793secondes
