0	0	-0.0466408
0	1	-0.00270186
0	2	0.0457529
0	3	0.00868241
0	4	-0.0285835
0	5	-0.00160782
0	6	0.00255689
0	7	0.0225419
8	0	0.031528
8	1	-0.0400239
8	2	-0.0534118
8	3	0.0420833
8	4	0.0206141
8	5	-0.00780845
8	6	0.0259582
8	7	-0.0189395
16	0	0.01136
16	1	0.0106924
16	2	0.0106431
16	3	0.0108651
16	4	-0.00352223
16	5	-0.0481941
16	6	7.46895e-05
16	7	0.00808101
24	0	-0.0108916
24	1	0.0226754
24	2	-0.0469239
24	3	0.0282604
24	4	-0.0205786
24	5	-0.0128797
24	6	0.0325201
24	7	0.00781786
32	0	0.0138667
32	1	-0.0595994
32	2	-0.0159767
32	3	0.00635406
32	4	0.0173693
32	5	-0.0126292
32	6	0.0344336
32	7	0.0161816
round: 0	nbSign: 0	last?: 0	accGen: 0
round: 1	nbSign: 5	last?: 0	accGen: 1000
round: 2	nbSign: 10	last?: 0	accGen: 2000
round: 3	nbSign: 15	last?: 1	accGen: 3000
1000 generations ont pris199secondes
0	0	-0.00646109
0	1	0.0134102
0	2	0.0316451
0	3	-0.0219462
0	4	-0.0361925
0	5	0.0097766
0	6	0.0130987
0	7	-0.00333075
8	0	-0.0167004
8	1	0.0463447
8	2	0.0468243
8	3	-0.0615371
8	4	0.00141538
8	5	0.0742634
8	6	-0.0296667
8	7	-0.0609435
16	0	0.00172427
16	1	-0.0146801
16	2	0.0261124
16	3	0.0241833
16	4	-0.0220462
16	5	0.0251601
16	6	0.0059744
16	7	-0.0464281
24	0	0.0667537
24	1	-0.0233107
24	2	0.0240364
24	3	0.0400681
24	4	-0.0387226
24	5	0.00111995
24	6	-0.0293509
24	7	-0.040594
32	0	-0.04314
32	1	-0.011443
32	2	-0.0513226
32	3	-0.00968808
32	4	0.0352148
32	5	-0.0431278
32	6	0.0433847
32	7	0.0801221
round: 0	nbSign: 0	last?: 0	accGen: 0
round: 1	nbSign: 3	last?: 0	accGen: 1000
round: 2	nbSign: 8	last?: 0	accGen: 2000
round: 3	nbSign: 14	last?: 0	accGen: 3000
round: 4	nbSign: 19	last?: 0	accGen: 4000
round: 5	nbSign: 25	last?: 0	accGen: 5000
round: 6	nbSign: 30	last?: 0	accGen: 6000
round: 7	nbSign: 34	last?: 0	accGen: 7000
round: 8	nbSign: 40	last?: 0	accGen: 8000
round: 9	nbSign: 45	last?: 0	accGen: 9000
round: 10	nbSign: 51	last?: 0	accGen: 10000
round: 11	nbSign: 55	last?: 0	accGen: 11000
round: 12	nbSign: 62	last?: 0	accGen: 12000
round: 13	nbSign: 67	last?: 0	accGen: 13000
round: 14	nbSign: 72	last?: 0	accGen: 14000
round: 15	nbSign: 80	last?: 0	accGen: 15000
round: 16	nbSign: 85	last?: 0	accGen: 16000
round: 17	nbSign: 90	last?: 0	accGen: 17000
round: 18	nbSign: 96	last?: 0	accGen: 18000
round: 19	nbSign: 101	last?: 1	accGen: 19000
1000 generations ont pris993secondes
