0	0	-0.205902
0	1	0.0237447
0	2	0.33613
0	3	-0.12628
0	4	0.418905
0	5	-0.223585
0	6	-0.105511
0	7	-0.117502
8	0	0.141639
8	1	-0.0227433
8	2	-0.225522
8	3	0.0143466
8	4	-0.0942512
8	5	0.0979777
8	6	-0.0132869
8	7	0.10184
16	0	-0.0851712
16	1	-0.00550535
16	2	0.0181546
16	3	0.0265689
16	4	0.235968
16	5	-0.219078
16	6	-0.0173289
16	7	0.0463913
24	0	0.0386608
24	1	-0.322536
24	2	-0.0921038
24	3	0.244693
24	4	-0.237464
24	5	-0.0969817
24	6	0.215445
24	7	0.250287
32	0	-0.242708
32	1	-0.0832574
32	2	-0.00986068
32	3	0.035771
32	4	-0.229149
32	5	0.40491
32	6	-0.0903443
32	7	0.214638
round: 0	nbSign: 0	last?: 0	accGen: 0
round: 1	nbSign: 4	last?: 0	accGen: 1000
round: 2	nbSign: 10	last?: 0	accGen: 2000
round: 3	nbSign: 14	last?: 0	accGen: 3000
round: 4	nbSign: 19	last?: 0	accGen: 4000
round: 5	nbSign: 25	last?: 0	accGen: 5000
round: 6	nbSign: 31	last?: 0	accGen: 6000
round: 7	nbSign: 35	last?: 0	accGen: 7000
round: 8	nbSign: 41	last?: 0	accGen: 8000
round: 9	nbSign: 46	last?: 0	accGen: 9000
round: 10	nbSign: 52	last?: 0	accGen: 10000
round: 11	nbSign: 57	last?: 0	accGen: 11000
round: 12	nbSign: 61	last?: 0	accGen: 12000
round: 13	nbSign: 66	last?: 0	accGen: 13000
round: 14	nbSign: 71	last?: 0	accGen: 14000
round: 15	nbSign: 81	last?: 0	accGen: 15000
round: 16	nbSign: 91	last?: 0	accGen: 16000
round: 17	nbSign: 101	last?: 1	accGen: 17000
1000 generations ont pris1954secondes
0.194652, 0.00787683
1000 generations ont pris1104secondes
