0	0	-0.436105
0	1	0.184385
0	2	0.0322358
0	3	-0.141924
0	4	-0.00520892
0	5	0.0964237
0	6	0.104491
0	7	0.165702
8	0	0.405405
8	1	-0.162258
8	2	0.148961
8	3	0.0353675
8	4	0.0412725
8	5	-0.143314
8	6	0.24364
8	7	-0.569075
16	0	0.588976
16	1	-0.17798
16	2	-0.22095
16	3	-0.0189264
16	4	0.297099
16	5	-0.671534
16	6	0.10038
16	7	0.102935
24	0	0.19387
24	1	0.189615
24	2	-0.417202
24	3	0.0531031
24	4	0.141554
24	5	-0.206213
24	6	-0.221255
24	7	0.266528
32	0	-0.654983
32	1	-0.597466
32	2	1.22272
32	3	-0.404057
32	4	0.046312
32	5	0.357181
32	6	0.0310932
32	7	-0.000798875
round: 0	nbSign: 0	last?: 0	accGen: 0
round: 1	nbSign: 4	last?: 0	accGen: 1000
round: 2	nbSign: 11	last?: 0	accGen: 2000
round: 3	nbSign: 21	last?: 0	accGen: 3000
round: 4	nbSign: 31	last?: 0	accGen: 4000
round: 5	nbSign: 41	last?: 0	accGen: 5000
round: 6	nbSign: 51	last?: 0	accGen: 6000
round: 7	nbSign: 61	last?: 0	accGen: 7000
round: 8	nbSign: 71	last?: 0	accGen: 8000
round: 9	nbSign: 81	last?: 0	accGen: 9000
round: 10	nbSign: 91	last?: 0	accGen: 10000
round: 11	nbSign: 101	last?: 1	accGen: 11000
1000 generations ont pris602secondes
0	0	0.0334409
0	1	0.057268
0	2	0.309049
0	3	-0.26015
0	4	0.206577
0	5	0.029175
0	6	-0.216849
0	7	-0.158511
8	0	-0.277903
8	1	0.152146
8	2	0.0981221
8	3	-0.18673
8	4	-0.0954612
8	5	0.0535818
8	6	0.0429878
8	7	0.213256
16	0	0.0572784
16	1	0.191787
16	2	0.0335131
16	3	0.0502881
16	4	-0.104219
16	5	0.0255235
16	6	-0.11495
16	7	-0.13922
24	0	0.0139092
24	1	-0.160018
24	2	0.126768
24	3	-0.0535015
24	4	-0.0449877
24	5	-0.0211966
24	6	0.0719799
24	7	0.0670467
32	0	0.117102
32	1	0.0170246
32	2	-0.0595548
32	3	0.126563
32	4	-0.0420671
32	5	0.0271333
32	6	0.0168899
32	7	-0.203091
round: 0	nbSign: 0	last?: 0	accGen: 0
round: 1	nbSign: 0	last?: 0	accGen: 5
round: 2	nbSign: 0	last?: 0	accGen: 10
round: 3	nbSign: 0	last?: 0	accGen: 15
round: 4	nbSign: 0	last?: 0	accGen: 20
round: 5	nbSign: 0	last?: 0	accGen: 25
round: 6	nbSign: 0	last?: 0	accGen: 30
round: 7	nbSign: 0	last?: 0	accGen: 35
round: 8	nbSign: 0	last?: 0	accGen: 40
round: 9	nbSign: 0	last?: 0	accGen: 45
round: 10	nbSign: 0	last?: 0	accGen: 50
round: 11	nbSign: 0	last?: 0	accGen: 55
round: 12	nbSign: 0	last?: 0	accGen: 60
round: 13	nbSign: 0	last?: 0	accGen: 65
round: 14	nbSign: 0	last?: 0	accGen: 70
round: 15	nbSign: 0	last?: 0	accGen: 75
round: 16	nbSign: 0	last?: 0	accGen: 80
round: 17	nbSign: 0	last?: 0	accGen: 85
round: 18	nbSign: 0	last?: 0	accGen: 90
round: 19	nbSign: 0	last?: 0	accGen: 95
round: 20	nbSign: 0	last?: 0	accGen: 100
round: 21	nbSign: 0	last?: 0	accGen: 105
round: 22	nbSign: 0	last?: 0	accGen: 110
round: 23	nbSign: 0	last?: 0	accGen: 115
round: 24	nbSign: 0	last?: 0	accGen: 120
round: 25	nbSign: 0	last?: 0	accGen: 125
round: 26	nbSign: 0	last?: 0	accGen: 130
round: 27	nbSign: 0	last?: 0	accGen: 135
round: 28	nbSign: 0	last?: 0	accGen: 140
round: 29	nbSign: 0	last?: 0	accGen: 145
round: 30	nbSign: 0	last?: 0	accGen: 150
round: 31	nbSign: 0	last?: 0	accGen: 155
round: 32	nbSign: 0	last?: 0	accGen: 160
round: 33	nbSign: 0	last?: 0	accGen: 165
round: 34	nbSign: 0	last?: 0	accGen: 170
round: 35	nbSign: 0	last?: 0	accGen: 175
round: 36	nbSign: 0	last?: 0	accGen: 180
round: 37	nbSign: 0	last?: 0	accGen: 185
round: 38	nbSign: 0	last?: 0	accGen: 190
round: 39	nbSign: 0	last?: 0	accGen: 195
round: 40	nbSign: 0	last?: 0	accGen: 200
round: 41	nbSign: 2	last?: 0	accGen: 205
round: 42	nbSign: 2	last?: 0	accGen: 210
round: 43	nbSign: 5	last?: 0	accGen: 215
round: 44	nbSign: 6	last?: 0	accGen: 220
round: 45	nbSign: 8	last?: 0	accGen: 225
round: 46	nbSign: 11	last?: 0	accGen: 230
round: 47	nbSign: 13	last?: 0	accGen: 235
round: 48	nbSign: 16	last?: 0	accGen: 240
round: 49	nbSign: 19	last?: 0	accGen: 245
round: 50	nbSign: 23	last?: 0	accGen: 250
round: 51	nbSign: 26	last?: 0	accGen: 255
round: 52	nbSign: 29	last?: 0	accGen: 260
round: 53	nbSign: 30	last?: 0	accGen: 265
round: 54	nbSign: 32	last?: 0	accGen: 270
round: 55	nbSign: 34	last?: 0	accGen: 275
round: 56	nbSign: 36	last?: 0	accGen: 280
round: 57	nbSign: 40	last?: 0	accGen: 285
round: 58	nbSign: 44	last?: 0	accGen: 290
round: 59	nbSign: 47	last?: 0	accGen: 295
round: 60	nbSign: 51	last?: 0	accGen: 300
round: 61	nbSign: 54	last?: 0	accGen: 305
round: 62	nbSign: 56	last?: 0	accGen: 310
round: 63	nbSign: 60	last?: 0	accGen: 315
round: 64	nbSign: 62	last?: 0	accGen: 320
round: 65	nbSign: 64	last?: 0	accGen: 325
round: 66	nbSign: 68	last?: 0	accGen: 330
round: 67	nbSign: 70	last?: 0	accGen: 335
round: 68	nbSign: 71	last?: 0	accGen: 340
round: 69	nbSign: 73	last?: 0	accGen: 345
round: 70	nbSign: 77	last?: 0	accGen: 350
round: 71	nbSign: 79	last?: 0	accGen: 355
round: 72	nbSign: 82	last?: 0	accGen: 360
round: 73	nbSign: 84	last?: 0	accGen: 365
round: 74	nbSign: 87	last?: 0	accGen: 370
round: 75	nbSign: 90	last?: 0	accGen: 375
round: 76	nbSign: 93	last?: 0	accGen: 380
round: 77	nbSign: 95	last?: 0	accGen: 385
round: 78	nbSign: 99	last?: 0	accGen: 390
round: 79	nbSign: 103	last?: 1	accGen: 395
5 generations ont pris29secondes
