0	0	-0.0215789
0	1	0.0215789
2	0	-0.243756
2	1	0.243756
4	0	0.11854
4	1	-0.11854
6	0	-0.0384343
6	1	0.0384343
8	0	0.204142
8	1	-0.204142
round: 0	nbSign: 0	last?: 0	accGen: 0
round: 1	nbSign: 4	last?: 0	accGen: 1000
round: 2	nbSign: 8	last?: 0	accGen: 2000
round: 3	nbSign: 13	last?: 0	accGen: 3000
round: 4	nbSign: 19	last?: 0	accGen: 4000
round: 5	nbSign: 25	last?: 0	accGen: 5000
round: 6	nbSign: 30	last?: 0	accGen: 6000
round: 7	nbSign: 34	last?: 0	accGen: 7000
round: 8	nbSign: 39	last?: 0	accGen: 8000
round: 9	nbSign: 44	last?: 0	accGen: 9000
round: 10	nbSign: 50	last?: 0	accGen: 10000
round: 11	nbSign: 54	last?: 0	accGen: 11000
round: 12	nbSign: 59	last?: 0	accGen: 12000
round: 13	nbSign: 62	last?: 0	accGen: 13000
round: 14	nbSign: 66	last?: 0	accGen: 14000
round: 15	nbSign: 71	last?: 0	accGen: 15000
round: 16	nbSign: 76	last?: 0	accGen: 16000
round: 17	nbSign: 80	last?: 0	accGen: 17000
round: 18	nbSign: 87	last?: 0	accGen: 18000
round: 19	nbSign: 92	last?: 0	accGen: 19000
round: 20	nbSign: 95	last?: 0	accGen: 20000
round: 21	nbSign: 100	last?: 0	accGen: 21000
round: 22	nbSign: 106	last?: 1	accGen: 22000
1000 generations ont pris1126secondes
0.0896234, 0.0126827
1000 generations ont pris1931secondes
