0	0	0.0162496
0	1	0.0331128
0	2	0.0410794
0	3	-0.255578
0	4	0.282874
0	5	0.0639036
0	6	-0.12315
0	7	-0.0584919
8	0	0.27575
8	1	0.00450564
8	2	-0.112504
8	3	0.000286138
8	4	-0.0319309
8	5	0.0544613
8	6	0.0852099
8	7	-0.275778
16	0	0.0224809
16	1	-0.116031
16	2	-0.166735
16	3	-0.0143111
16	4	0.0264655
16	5	0.100018
16	6	-0.0527329
16	7	0.200846
24	0	0.107741
24	1	0.0173746
24	2	0.0752866
24	3	0.068898
24	4	-0.194372
24	5	-0.0575497
24	6	0.0144443
24	7	-0.0318221
32	0	-0.0270487
32	1	0.305661
32	2	-0.142455
32	3	-0.0770884
32	4	-0.243961
32	5	0.0916619
32	6	0.0475781
32	7	0.0456517
round: 0	nbSign: 0	last?: 0	accGen: 0
round: 1	nbSign: 3	last?: 0	accGen: 1000
round: 2	nbSign: 9	last?: 0	accGen: 2000
round: 3	nbSign: 14	last?: 0	accGen: 3000
round: 4	nbSign: 19	last?: 0	accGen: 4000
round: 5	nbSign: 25	last?: 0	accGen: 5000
round: 6	nbSign: 31	last?: 0	accGen: 6000
round: 7	nbSign: 41	last?: 0	accGen: 7000
round: 8	nbSign: 51	last?: 0	accGen: 8000
round: 9	nbSign: 61	last?: 0	accGen: 9000
round: 10	nbSign: 71	last?: 0	accGen: 10000
round: 11	nbSign: 81	last?: 0	accGen: 11000
round: 12	nbSign: 91	last?: 0	accGen: 12000
round: 13	nbSign: 101	last?: 1	accGen: 13000
1000 generations ont pris999secondes
0.223617, 0.0149823
1000 generations ont pris1428secondes
