theta: 7.4641
0	p2: 0	fitness: 1
theta: 7.4641
1	p2: 0.1	fitness: 0.952823
theta: 7.4641
2	p2: 0.2	fitness: 0.920574
theta: 7.4641
3	p2: 0.3	fitness: 0.903254
theta: 7.4641
4	p2: 0.4	fitness: 0.900862
theta: 7.4641
5	p2: 0.5	fitness: 0.913397
theta: 7.4641
6	p2: 0.6	fitness: 0.940862
theta: 7.4641
7	p2: 0.7	fitness: 0.983254
theta: 7.4641
8	p2: 0.8	fitness: 1.04057
theta: 7.4641
9	p2: 0.9	fitness: 1.11282
theta: 7.4641
10	p2: 1	fitness: 1.2
round: 0	nbSign: 0	last?: 0	accGen: 0
round: 1	nbSign: 6	last?: 0	accGen: 1000
round: 2	nbSign: 16	last?: 1	accGen: 2000
1000 generations ont pris21secondes
