theta: 7.4641
0	p2: 0	fitness: 1
theta: 7.4641
1	p2: 0.05	fitness: 0.974546
theta: 7.4641
2	p2: 0.1	fitness: 0.952823
theta: 7.4641
3	p2: 0.15	fitness: 0.934833
theta: 7.4641
4	p2: 0.2	fitness: 0.920574
theta: 7.4641
5	p2: 0.25	fitness: 0.910048
theta: 7.4641
6	p2: 0.3	fitness: 0.903254
theta: 7.4641
7	p2: 0.35	fitness: 0.900192
theta: 7.4641
8	p2: 0.4	fitness: 0.900862
theta: 7.4641
9	p2: 0.45	fitness: 0.905263
theta: 7.4641
10	p2: 0.5	fitness: 0.913397
theta: 7.4641
11	p2: 0.55	fitness: 0.925263
theta: 7.4641
12	p2: 0.6	fitness: 0.940862
theta: 7.4641
13	p2: 0.65	fitness: 0.960192
theta: 7.4641
14	p2: 0.7	fitness: 0.983254
theta: 7.4641
15	p2: 0.75	fitness: 1.01005
theta: 7.4641
16	p2: 0.8	fitness: 1.04057
theta: 7.4641
17	p2: 0.85	fitness: 1.07483
theta: 7.4641
18	p2: 0.9	fitness: 1.11282
theta: 7.4641
19	p2: 0.95	fitness: 1.15455
theta: 7.4641
20	p2: 1	fitness: 1.2
round: 0	nbSign: 0	last?: 0	accGen: 0
round: 1	nbSign: 2	last?: 0	accGen: 1000
round: 2	nbSign: 6	last?: 0	accGen: 2000
round: 3	nbSign: 16	last?: 1	accGen: 3000
1000 generations ont pris41secondes
