1	0.0759132
2	0.169576
3	0.0492844
4	-0.375615
5	0.313656
6	0.295569
7	0
000000001	0.15605
2	-0.118028
3	-0.125387
4	-0.0263612
5	0.276378
6	0.488687
7	0
000000001	-0.323894
2	0.00823572
3	-0.16034
4	-0.0338254
5	0.0551051
6	-0.30793
7	0
000000001	-0.450159
2	-0.476741
3	-0.4071
4	-0.139189
5	-0.0707824
6	-0.268959
7	0
000000001	-0.595091
2	-0.523992
3	0.0666404
4	0.0814418
5	0.491186
6	0.341601
7	0
000000001	-0.527774
2	-0.986009
3	-0.623491
4	-0.232782
5	0.084887
6	0.0298814
7	0
000000001	0.0314848
2	-0.677698
3	-0.537185
4	-0.460459
5	-0.214216
6	0.456688
7	0
000000001	0.0116288
2	0.0510355
3	0.285098
4	-0.0305709
5	0.243713
6	0.031639
7	0
000000001	0.485221
2	0.853468
3	1.25447
4	1.50542
5	0.861239
6	0.24843
7	0
000000001	0.617947
2	0.0546235
3	0.433794
4	0.314486
5	0.18652
6	0.103967
7	0
000000001	0.23142
2	0.527324
3	0.248692
4	0.201022
5	-0.25437
6	0.0121699
7	0
000000001	-0.173882
2	-0.359709
3	-0.484527
4	-0.196475
5	-0.456906
6	-0.75111
7	0
000000001	-0.520699
2	-0.566683
3	-0.67678
4	-0.62564
5	0.12824
6	0.0913558
7	0
000000001	-0.529054
2	-0.802122
3	-0.369553
4	-0.020731
5	-0.407253
6	-0.35711
7	0
000000001	0.435429
2	0.978048
3	0.47129
4	0.46796
5	0.374579
6	0.259693
7	0
000000001	-0.139029
2	-0.0611511
3	-0.332267
4	-0.319089
5	-0.131885
6	-0.30103
7	0
000000001	-0.472343
2	-0.0360394
3	0.172114
4	0.547981
5	0.417624
6	0.0140395
7	0
000000001	-0.263004
2	-0.150993
3	-0.389645
4	-0.0124295
5	0.248338
6	0.0678613
7	0
000000001	0.157828
2	0.0255371
3	-0.422666
4	-0.230301
5	0.0793405
6	-0.269854
7	0
000000001	-0.190282
2	-0.225478
3	-0.319745
4	-0.598012
5	-0.563052
6	-0.663468
7	0
00000000/opt/gridengine/default/spool/compute-0-32/job_scripts/5341613: line 28: 40601 Segmentation fault      (core dumped) singularity exec /home/hschneemann/ubuntu_Hdf5_Boost.simg ./a.out param_d20_N1000_mig0.1_b10_n2_m_2_sig0.1_a1_diff2_Q2_U0.1_nbS8_L-1_Ts20000_0_0_200.txt
/opt/gridengine/default/spool/compute-0-32/job_scripts/5341614: line 28: 40724 Segmentation fault      (core dumped) singularity exec /home/hschneemann/ubuntu_Hdf5_Boost.simg ./a.out param_d20_N1000_mig0.1_b10_n2_m_2_sig0.1_a1_diff2_Q2_U0.1_nbS8_L-1_Ts20000_0_0_200.txt
/opt/gridengine/default/spool/compute-0-32/job_scripts/5341615: line 28: 40841 Segmentation fault      (core dumped) singularity exec /home/hschneemann/ubuntu_Hdf5_Boost.simg ./a.out param_d20_N1000_mig0.1_b10_n2_m2_sig0.1_a1_diff2_Q2_U0.1_nbS8_L-1_Ts20000_0_0_200.txt
/opt/gridengine/default/spool/compute-0-32/job_scripts/5341616: line 28: 40956 Segmentation fault      (core dumped) singularity exec /home/hschneemann/ubuntu_Hdf5_Boost.simg ./a.out paramfiles/param_d20_N1000_mig0.1_b10_n2_m2_sig0.1_a1_diff2_Q2_U0.1_nbS8_L-1_Ts20000_0_0_200.txt
dimension	locus	mutational effect
0	0	-0.0163592
0	1	0.00917143
0	2	-0.00932465
0	3	0.0170971
0	4	-0.00446286
0	5	-0.0112372
0	6	-0.0289771
0	7	0.0440925
8	0	-0.0278819
8	1	0.0148836
8	2	0.00598047
8	3	0.00363568
8	4	-0.00415477
8	5	0.014941
8	6	-0.0136633
8	7	0.00625917
20000 generations ont pris 4982 secondes
During startup - Warning messages:
1: Setting LC_CTYPE failed, using "C" 
2: Setting LC_COLLATE failed, using "C" 
3: Setting LC_TIME failed, using "C" 
4: Setting LC_MESSAGES failed, using "C" 
5: Setting LC_MONETARY failed, using "C" 
6: Setting LC_PAPER failed, using "C" 
7: Setting LC_MEASUREMENT failed, using "C" 
[1] "Are you working Rscript?"
HTML file created at: animation.html
