dimension	locus	mutational effect
0	0	0.0299974
0	1	-0.0182131
0	2	-0.0694299
0	3	-0.0517211
0	4	0.0651425
0	5	0.0257544
0	6	-0.024025
0	7	0.0424948
8	0	-0.0222834
8	1	0.0553364
8	2	-0.00391241
8	3	-0.0334416
8	4	-0.0220239
8	5	0.0164507
8	6	0.00762216
8	7	0.00225204
16	0	-0.0310795
16	1	-0.00502447
16	2	0.00401546
16	3	-0.0201393
16	4	-0.0232298
16	5	0.0299231
16	6	-0.00359561
16	7	0.0491301
24	0	0.0244342
24	1	-0.0238516
24	2	0.00390242
24	3	-0.0450335
24	4	-0.00694305
24	5	-0.013176
24	6	0.0395354
24	7	0.0211323
32	0	-0.0437448
32	1	0.00470826
32	2	0.0487264
32	3	-0.0311635
32	4	0.0120221
32	5	-0.0355146
32	6	0.0018227
32	7	0.0431435
last: 0, nbSign0, equi: 0, indexGen: 0
last: 32, nbSign5, equi: 0, indexGen: 9
last: 240, nbSign10, equi: 0, indexGen: 9
last: 192, nbSign17, equi: 0, indexGen: 9
last: 144, nbSign21, equi: 0, indexGen: 9
2000 generations ont pris 255 secondes
dimension	locus	mutational effect
0	0	-0.0859164
0	1	0.0252266
0	2	-0.00308464
0	3	-0.0407852
0	4	0.00627354
0	5	0.0231152
0	6	0.0705052
0	7	0.00466566
8	0	-0.0663871
8	1	-0.0225726
8	2	0.0111643
8	3	-0.0608282
8	4	-0.00168187
8	5	0.0357803
8	6	0.0384374
8	7	0.0660876
16	0	0.0360061
16	1	-0.0231425
16	2	0.0471756
16	3	0.0172035
16	4	-0.0430341
16	5	0.00451954
16	6	-0.0434547
16	7	0.00472659
24	0	-0.0338528
24	1	0.0101536
24	2	-0.0344024
24	3	-0.032189
24	4	0.0223671
24	5	0.037575
24	6	-0.00585116
24	7	0.0361996
32	0	-0.0343076
32	1	0.0194942
32	2	0.0124946
32	3	0.0374159
32	4	0.0236775
32	5	-0.0377142
32	6	-0.00372826
32	7	-0.0173321
last: 0, nbSign0, equi: 0, indexGen: 0
last: 32, nbSign7, equi: 0, indexGen: 9
last: 240, nbSign17, equi: 0, indexGen: 9
last: 192, nbSign27, equi: 0, indexGen: 9
last: 144, nbSign37, equi: 0, indexGen: 9
2000 generations ont pris 256 secondes
dimension	locus	mutational effect
0	0	-0.0105898
0	1	0.0686596
0	2	-0.039808
0	3	-0.019464
0	4	-0.0112668
0	5	0.0403663
0	6	-0.0141255
0	7	-0.0137717
8	0	-0.0138364
8	1	0.0462239
8	2	0.0306169
8	3	-0.0616694
8	4	-0.025528
8	5	-0.0354438
8	6	0.0385844
8	7	0.0210523
16	0	-0.0291566
16	1	-0.0199398
16	2	0.0277869
16	3	-0.0273945
16	4	-0.0131893
16	5	-0.00233326
16	6	0.0400077
16	7	0.0242189
24	0	-0.0105947
24	1	0.00331864
24	2	-0.00995824
24	3	-0.0229722
24	4	0.0375995
24	5	-0.0172304
24	6	-0.0112889
24	7	0.0311262
32	0	-0.0136026
32	1	0.0218817
32	2	0.0324976
32	3	-0.0474195
32	4	0.0100136
32	5	-0.0337185
32	6	0.0299251
32	7	0.000422513
last: 0, nbSign0, equi: 0, indexGen: 0
last: 32, nbSign6, equi: 0, indexGen: 9
last: 240, nbSign16, equi: 0, indexGen: 9
last: 192, nbSign26, equi: 0, indexGen: 9
last: 144, nbSign36, equi: 0, indexGen: 9
2000 generations ont pris 350 secondes
dimension	locus	mutational effect
0	0	0.0169011
0	1	-0.0299584
0	2	0.0258912
0	3	-0.00363319
0	4	-0.0133864
0	5	0.0145071
0	6	0.0174081
0	7	-0.0277296
8	0	-0.0336656
8	1	0.0340857
8	2	-0.0244682
8	3	0.017415
8	4	-0.00118877
8	5	0.00507302
8	6	-0.0282948
8	7	0.0310438
16	0	0.00475049
16	1	-0.0600612
16	2	0.0109863
16	3	0.0146756
16	4	-0.00921536
16	5	-0.0270275
16	6	0.0517194
16	7	0.0141722
24	0	0.0542939
24	1	0.0162321
24	2	-0.00382717
24	3	-0.0437366
24	4	-0.0639685
24	5	0.0148289
24	6	0.0489117
24	7	-0.0227343
32	0	0.0175852
32	1	-0.0327436
32	2	-0.0062741
32	3	-0.0184086
32	4	0.00834372
32	5	0.0408026
32	6	-0.0082803
32	7	-0.00102493
last: 0, nbSign0, equi: 0, indexGen: 0
last: 32, nbSign4, equi: 0, indexGen: 9
last: 240, nbSign9, equi: 0, indexGen: 9
last: 192, nbSign19, equi: 0, indexGen: 9
last: 144, nbSign28, equi: 0, indexGen: 9
2000 generations ont pris 350 secondes
dimension	locus	mutational effect
0	0	-0.00967415
0	1	0.0390611
0	2	0.00902264
0	3	-0.0228386
0	4	-0.0170444
0	5	-0.0104827
0	6	-0.0279614
0	7	0.0399174
8	0	0.0402431
8	1	0.00154651
8	2	-0.0109289
8	3	0.0208129
8	4	0.0152087
8	5	0.00420829
8	6	-0.0323164
8	7	-0.0387742
16	0	0.0468166
16	1	0.00028122
16	2	0.0285155
16	3	-0.00711187
16	4	-0.00446327
16	5	-0.0305824
16	6	-0.0505941
16	7	0.0171383
24	0	-0.000181733
24	1	-0.051614
24	2	0.0254786
24	3	0.037492
24	4	-0.0405345
24	5	-0.00432037
24	6	0.0163423
24	7	0.0173376
32	0	0.0767289
32	1	0.0090259
32	2	-0.0142071
32	3	-0.000485852
32	4	0.0107435
32	5	-0.0505368
32	6	-0.020754
32	7	-0.0105145
last: 0, nbSign0, equi: 0, indexGen: 0
last: 32, nbSign4, equi: 0, indexGen: 9
last: 240, nbSign11, equi: 0, indexGen: 9
last: 192, nbSign18, equi: 0, indexGen: 9
last: 144, nbSign26, equi: 0, indexGen: 9
2000 generations ont pris 550 secondes
dimension	locus	mutational effect
0	0	-0.0314664
0	1	-0.0512406
0	2	-0.0281524
0	3	-0.022443
0	4	0.0440696
0	5	0.0042144
0	6	0.02321
0	7	0.0618084
8	0	0.00857016
8	1	-0.0181105
8	2	-0.0277871
8	3	-0.00924831
8	4	0.0388702
8	5	-0.0548401
8	6	-0.000238895
8	7	0.0627846
16	0	0.00861858
16	1	-0.0100626
16	2	-0.00419251
16	3	0.0936587
16	4	-0.0444408
16	5	-0.00379546
16	6	0.00762229
16	7	-0.0474082
24	0	0.00551606
24	1	0.0167382
24	2	0.00837127
24	3	-0.0296575
24	4	-0.000333784
24	5	9.37331e-05
24	6	-0.0261829
24	7	0.025455
32	0	0.012955
32	1	0.021918
32	2	0.000596351
32	3	0.013109
32	4	0.0531601
32	5	-0.0390168
32	6	-0.0723806
32	7	0.00965894
last: 0, nbSign0, equi: 0, indexGen: 0
last: 32, nbSign5, equi: 0, indexGen: 9
last: 240, nbSign13, equi: 0, indexGen: 9
last: 192, nbSign22, equi: 0, indexGen: 9
last: 144, nbSign31, equi: 0, indexGen: 9
2000 generations ont pris 553 secondes
